{0} setUpClass (tempest.api.compute.admin.test_live_migration.LiveAutoBlockMigrationV225Test) ... SKIPPED: Less than 2 compute nodes, skipping migration test.
{0} setUpClass (tempest.api.compute.admin.test_live_migration.LiveMigrationTest) ... SKIPPED: Less than 2 compute nodes, skipping migration test.
{0} tempest.api.compute.admin.test_volumes_negative.VolumesAdminNegativeTest.test_update_attached_volume_with_nonexistent_volume_in_uri [16.560934s] ... ok
{0} tempest.api.compute.servers.test_delete_server.DeleteServersTestJSON.test_delete_server_while_in_attached_volume [19.619232s] ... ok
{0} setUpClass (tempest.api.compute.servers.test_server_rescue.ServerBootFromVolumeStableRescueTest) ... SKIPPED: Stable rescue not available.
{0} setUpClass (tempest.api.compute.servers.test_server_rescue.ServerStableDeviceRescueTest) ... SKIPPED: Stable rescue not available.
{0} tempest.api.compute.servers.test_server_rescue_negative.ServerRescueNegativeTestJSON.test_rescued_vm_attach_volume [10.120267s] ... ok
{0} tempest.api.compute.servers.test_servers_negative.ServersNegativeTestJSON.test_create_server_from_non_bootable_volume [1.894021s] ... ok
{0} tempest.api.compute.servers.test_servers_negative.ServersNegativeTestJSON.test_create_server_invalid_bdm_in_2nd_dict [1.695868s] ... ok
{0} tempest.api.compute.volumes.test_volume_snapshots.VolumesSnapshotsTestJSON.test_volume_snapshot_create_get_list_delete [4.428400s] ... ok
{0} tempest.api.compute.volumes.test_volumes_get.VolumesGetTestJSON.test_volume_create_get_delete [1.568759s] ... ok
{0} tempest.api.compute.volumes.test_volumes_list.VolumesTestJSON.test_volume_list [0.121094s] ... ok
{0} tempest.api.compute.volumes.test_volumes_list.VolumesTestJSON.test_volume_list_param_limit [0.085908s] ... ok
{0} tempest.api.compute.volumes.test_volumes_list.VolumesTestJSON.test_volume_list_param_offset_and_limit [0.162904s] ... ok
{0} tempest.api.compute.volumes.test_volumes_list.VolumesTestJSON.test_volume_list_with_detail_param_limit [0.086669s] ... ok
{0} tempest.api.compute.volumes.test_volumes_list.VolumesTestJSON.test_volume_list_with_detail_param_offset_and_limit [0.150690s] ... ok
{0} tempest.api.compute.volumes.test_volumes_list.VolumesTestJSON.test_volume_list_with_details [0.071668s] ... ok
{0} tempest.api.compute.volumes.test_volumes_negative.VolumesNegativeTest.test_create_volume_with_invalid_size [0.117385s] ... ok
{0} tempest.api.compute.volumes.test_volumes_negative.VolumesNegativeTest.test_create_volume_with_size_zero [0.020225s] ... ok
{0} tempest.api.compute.volumes.test_volumes_negative.VolumesNegativeTest.test_create_volume_without_passing_size [0.013308s] ... ok
{0} tempest.api.compute.volumes.test_volumes_negative.VolumesNegativeTest.test_delete_invalid_volume_id [0.049232s] ... ok
{0} tempest.api.compute.volumes.test_volumes_negative.VolumesNegativeTest.test_delete_volume_without_passing_volume_id [0.007914s] ... ok
{0} tempest.api.compute.volumes.test_volumes_negative.VolumesNegativeTest.test_get_volume_without_passing_volume_id [0.008374s] ... ok
{0} tempest.api.compute.volumes.test_volumes_negative.VolumesNegativeTest.test_volume_delete_nonexistent_volume_id [0.031337s] ... ok
{0} tempest.api.compute.volumes.test_volumes_negative.VolumesNegativeTest.test_volume_get_nonexistent_volume_id [0.043071s] ... ok
{0} tempest.api.volume.admin.test_backends_capabilities.BackendsCapabilitiesAdminTestsJSON.test_compare_volume_stats_values [0.117461s] ... ok
{0} tempest.api.volume.admin.test_backends_capabilities.BackendsCapabilitiesAdminTestsJSON.test_get_capabilities_backend [0.030688s] ... ok
{0} tempest.api.volume.admin.test_encrypted_volumes_extend.EncryptedVolumesExtendAttachedTest.test_extend_attached_encrypted_volume_luksv1 ... SKIPPED: Attached encrypted volume extend is disabled.
{0} tempest.api.volume.admin.test_encrypted_volumes_extend.EncryptedVolumesExtendAttachedTest.test_extend_attached_encrypted_volume_luksv2 ... SKIPPED: Attached encrypted volume extend is disabled.
{0} tempest.api.volume.admin.test_group_snapshots.GroupSnapshotsTest.test_create_group_from_group_snapshot [10.001655s] ... ok
{0} tempest.api.volume.admin.test_group_snapshots.GroupSnapshotsTest.test_delete_group_snapshots_following_updated_volumes [13.431804s] ... ok
{0} tempest.api.volume.admin.test_group_snapshots.GroupSnapshotsTest.test_group_snapshot_create_show_list_delete [6.699412s] ... ok
{0} tempest.api.volume.admin.test_group_snapshots.GroupSnapshotsV319Test.test_reset_group_snapshot_status [7.049931s] ... ok
{0} tempest.api.volume.admin.test_group_type_specs.GroupTypeSpecsTest.test_group_type_specs_create_show_update_list_delete [0.538500s] ... ok
{0} tempest.api.volume.admin.test_group_types.GroupTypesTest.test_group_type_create_list_update_show_delete [0.286139s] ... ok
{0} tempest.api.volume.admin.test_group_types.GroupTypesTest.test_group_type_list_by_optional_params [0.249739s] ... ok
{0} tempest.api.volume.admin.test_groups.GroupsTest.test_group_create_show_list_delete [6.876629s] ... ok
{0} tempest.api.volume.admin.test_groups.GroupsTest.test_group_update [7.980700s] ... ok
{0} tempest.api.volume.admin.test_groups.GroupsV314Test.test_create_group_from_group [7.228037s] ... ok
{0} tempest.api.volume.admin.test_groups.GroupsV320Test.test_reset_group_status [2.948566s] ... ok
{0} tempest.api.volume.admin.test_multi_backend.VolumeMultiBackendTest.test_backend_name_distinction [0.075449s] ... ok
{0} tempest.api.volume.admin.test_multi_backend.VolumeMultiBackendTest.test_backend_name_distinction_with_prefix [0.088904s] ... ok
{0} tempest.api.volume.admin.test_multi_backend.VolumeMultiBackendTest.test_backend_name_reporting [0.107005s] ... ok
{0} tempest.api.volume.admin.test_multi_backend.VolumeMultiBackendTest.test_backend_name_reporting_with_prefix [0.092651s] ... ok
{0} tempest.api.volume.admin.test_qos.QosSpecsTestJSON.test_associate_disassociate_qos [0.418466s] ... ok
{0} tempest.api.volume.admin.test_qos.QosSpecsTestJSON.test_create_delete_qos_with_back_end_consumer [0.139875s] ... ok
{0} tempest.api.volume.admin.test_qos.QosSpecsTestJSON.test_create_delete_qos_with_both_consumer [0.143786s] ... ok
{0} tempest.api.volume.admin.test_qos.QosSpecsTestJSON.test_create_delete_qos_with_front_end_consumer [0.112421s] ... ok
{0} tempest.api.volume.admin.test_qos.QosSpecsTestJSON.test_get_qos [0.017648s] ... ok
{0} tempest.api.volume.admin.test_qos.QosSpecsTestJSON.test_list_qos [0.020438s] ... ok
{0} tempest.api.volume.admin.test_qos.QosSpecsTestJSON.test_set_unset_qos_key [0.146399s] ... ok
{0} tempest.api.volume.admin.test_snapshots_actions.SnapshotsActionsTest.test_reset_snapshot_status [0.244239s] ... ok
{0} tempest.api.volume.admin.test_snapshots_actions.SnapshotsActionsTest.test_snapshot_force_delete_when_snapshot_is_creating [2.476136s] ... ok
{0} tempest.api.volume.admin.test_snapshots_actions.SnapshotsActionsTest.test_snapshot_force_delete_when_snapshot_is_deleting [2.453917s] ... ok
{0} tempest.api.volume.admin.test_snapshots_actions.SnapshotsActionsTest.test_snapshot_force_delete_when_snapshot_is_error [2.464206s] ... ok
{0} tempest.api.volume.admin.test_snapshots_actions.SnapshotsActionsTest.test_snapshot_force_delete_when_snapshot_is_error_deleting [2.506353s] ... ok
{0} tempest.api.volume.admin.test_snapshots_actions.SnapshotsActionsTest.test_update_snapshot_status [0.255601s] ... ok
{0} tempest.api.volume.admin.test_user_messages.UserMessagesTest.test_delete_message [1.799144s] ... ok
{0} tempest.api.volume.admin.test_user_messages.UserMessagesTest.test_list_show_messages [1.469744s] ... ok
{0} tempest.api.volume.admin.test_volume_hosts.VolumeHostsAdminTestsJSON.test_list_hosts [0.124414s] ... ok
{0} tempest.api.volume.admin.test_volume_hosts.VolumeHostsAdminTestsJSON.test_show_host [0.214073s] ... ok
{0} setUpClass (tempest.api.volume.admin.test_volume_manage.VolumeManageAdminTest) ... SKIPPED: Manage volume tests are disabled
{0} tempest.api.volume.admin.test_volume_pools.VolumePoolsAdminTestsJSON.test_get_pools_with_details [0.135969s] ... ok
{0} tempest.api.volume.admin.test_volume_pools.VolumePoolsAdminTestsJSON.test_get_pools_without_details [0.034124s] ... ok
{0} tempest.api.volume.admin.test_volume_quota_classes.VolumeQuotaClassesTest.test_show_default_quota [0.138501s] ... ok
{0} tempest.api.volume.admin.test_volume_quota_classes.VolumeQuotaClassesTest.test_update_default_quota [0.681179s] ... ok
{0} tempest.api.volume.admin.test_volume_quotas.VolumeQuotasAdminTestJSON.test_delete_quota [0.332414s] ... ok
{0} tempest.api.volume.admin.test_volume_quotas.VolumeQuotasAdminTestJSON.test_list_default_quotas [0.037906s] ... ok
{0} tempest.api.volume.admin.test_volume_quotas.VolumeQuotasAdminTestJSON.test_list_quotas [0.041226s] ... ok
{0} tempest.api.volume.admin.test_volume_quotas.VolumeQuotasAdminTestJSON.test_quota_usage [2.719105s] ... ok
{0} tempest.api.volume.admin.test_volume_quotas.VolumeQuotasAdminTestJSON.test_quota_usage_after_volume_transfer [3.307749s] ... ok
{0} tempest.api.volume.admin.test_volume_quotas.VolumeQuotasAdminTestJSON.test_show_quota_usage [0.051748s] ... ok
{0} tempest.api.volume.admin.test_volume_quotas.VolumeQuotasAdminTestJSON.test_update_all_quota_resources_for_tenant [0.317171s] ... ok
{0} tempest.api.volume.admin.test_volume_quotas_negative.VolumeQuotasNegativeTestJSON.test_quota_volume_gigabytes [0.223193s] ... ok
{0} tempest.api.volume.admin.test_volume_quotas_negative.VolumeQuotasNegativeTestJSON.test_quota_volumes [0.222849s] ... ok
{0} tempest.api.volume.admin.test_volume_quotas_negative.VolumeQuotasNegativeTestJSON.test_volume_extend_gigabytes_quota_deviation [0.177314s] ... ok
{0} tempest.api.volume.admin.test_volume_retype.VolumeRetypeWithoutMigrationTest.test_available_volume_retype [2.852028s] ... ok
{0} tempest.api.volume.admin.test_volume_services.VolumesServicesTestJSON.test_get_service_by_host_name [0.027647s] ... ok
{0} tempest.api.volume.admin.test_volume_services.VolumesServicesTestJSON.test_get_service_by_service_and_host_name [0.024951s] ... ok
{0} tempest.api.volume.admin.test_volume_services.VolumesServicesTestJSON.test_get_service_by_service_binary_name [0.016739s] ... ok
{0} tempest.api.volume.admin.test_volume_services.VolumesServicesTestJSON.test_get_service_by_volume_host_name [1.538237s] ... ok
{0} tempest.api.volume.admin.test_volume_services.VolumesServicesTestJSON.test_list_services [0.023314s] ... ok
{0} tempest.api.volume.admin.test_volume_services_negative.VolumeServicesNegativeTest.test_disable_log_reason_with_no_reason [0.022294s] ... ok
{0} tempest.api.volume.admin.test_volume_services_negative.VolumeServicesNegativeTest.test_disable_service_with_invalid_binary [0.027080s] ... ok
{0} tempest.api.volume.admin.test_volume_services_negative.VolumeServicesNegativeTest.test_enable_service_with_invalid_host [0.023109s] ... ok
{0} tempest.api.volume.admin.test_volume_services_negative.VolumeServicesNegativeTest.test_freeze_host_with_invalid_host [0.024566s] ... ok
{0} tempest.api.volume.admin.test_volume_services_negative.VolumeServicesNegativeTest.test_thaw_host_with_invalid_host [0.026534s] ... ok
{0} tempest.api.volume.admin.test_volume_snapshot_quotas_negative.VolumeSnapshotQuotasNegativeTestJSON.test_quota_volume_gigabytes_snapshots [0.296080s] ... ok
{0} tempest.api.volume.admin.test_volume_snapshot_quotas_negative.VolumeSnapshotQuotasNegativeTestJSON.test_quota_volume_snapshots [0.059220s] ... ok
{0} tempest.api.volume.admin.test_volume_type_access.VolumeTypesAccessTest.test_volume_type_access_add [1.666609s] ... ok
{0} tempest.api.volume.admin.test_volume_type_access.VolumeTypesAccessTest.test_volume_type_access_list [0.159184s] ... ok
{0} tempest.api.volume.admin.test_volume_types.VolumeTypesTest.test_volume_crud_with_volume_type_and_extra_specs [3.090843s] ... ok
{0} tempest.api.volume.admin.test_volume_types.VolumeTypesTest.test_volume_type_create_get_delete [0.075686s] ... ok
{0} tempest.api.volume.admin.test_volume_types.VolumeTypesTest.test_volume_type_encryption_create_get_update_delete [0.315328s] ... ok
{0} tempest.api.volume.admin.test_volume_types.VolumeTypesTest.test_volume_type_list [0.038270s] ... ok
{0} tempest.api.volume.admin.test_volume_types.VolumeTypesTest.test_volume_type_update [0.107641s] ... ok
{0} tempest.api.volume.admin.test_volume_types_extra_specs.VolumeTypesExtraSpecsTest.test_volume_type_extra_spec_create_get_delete [0.158201s] ... ok
{0} tempest.api.volume.admin.test_volume_types_extra_specs.VolumeTypesExtraSpecsTest.test_volume_type_extra_specs_list [0.070692s] ... ok
{0} tempest.api.volume.admin.test_volume_types_extra_specs.VolumeTypesExtraSpecsTest.test_volume_type_extra_specs_update [0.209838s] ... ok
{0} tempest.api.volume.admin.test_volume_types_extra_specs_negative.ExtraSpecsNegativeTest.test_create_invalid_body [0.023159s] ... ok
{0} tempest.api.volume.admin.test_volume_types_extra_specs_negative.ExtraSpecsNegativeTest.test_create_none_body [0.013903s] ... ok
{0} tempest.api.volume.admin.test_volume_types_extra_specs_negative.ExtraSpecsNegativeTest.test_create_nonexistent_type_id [0.029668s] ... ok
{0} tempest.api.volume.admin.test_volume_types_extra_specs_negative.ExtraSpecsNegativeTest.test_delete_nonexistent_volume_type_id [0.018884s] ... ok
{0} tempest.api.volume.admin.test_volume_types_extra_specs_negative.ExtraSpecsNegativeTest.test_get_nonexistent_extra_spec_name [0.023820s] ... ok
{0} tempest.api.volume.admin.test_volume_types_extra_specs_negative.ExtraSpecsNegativeTest.test_get_nonexistent_volume_type_id [0.021567s] ... ok
{0} tempest.api.volume.admin.test_volume_types_extra_specs_negative.ExtraSpecsNegativeTest.test_list_nonexistent_volume_type_id [0.020588s] ... ok
{0} tempest.api.volume.admin.test_volume_types_extra_specs_negative.ExtraSpecsNegativeTest.test_update_multiple_extra_spec [0.014378s] ... ok
{0} tempest.api.volume.admin.test_volume_types_extra_specs_negative.ExtraSpecsNegativeTest.test_update_no_body [0.013016s] ... ok
{0} tempest.api.volume.admin.test_volume_types_extra_specs_negative.ExtraSpecsNegativeTest.test_update_none_extra_spec_id [0.040675s] ... ok
{0} tempest.api.volume.admin.test_volume_types_extra_specs_negative.ExtraSpecsNegativeTest.test_update_nonexistent_extra_spec_id [0.039898s] ... ok
{0} tempest.api.volume.admin.test_volume_types_extra_specs_negative.ExtraSpecsNegativeTest.test_update_nonexistent_type_id [0.029587s] ... ok
{0} tempest.api.volume.admin.test_volume_types_negative.VolumeTypesNegativeTest.test_create_volume_type_encryption_nonexistent_type_id [0.408393s] ... ok
{0} tempest.api.volume.admin.test_volume_types_negative.VolumeTypesNegativeTest.test_create_volume_with_private_volume_type [0.207014s] ... ok
{0} tempest.api.volume.admin.test_volume_types_negative.VolumeTypesNegativeTest.test_create_with_empty_name [0.011270s] ... ok
{0} tempest.api.volume.admin.test_volume_types_negative.VolumeTypesNegativeTest.test_create_with_repeated_name [0.050708s] ... ok
{0} tempest.api.volume.admin.test_volume_types_negative.VolumeTypesNegativeTest.test_delete_nonexistent_type_id [0.018491s] ... ok
{0} tempest.api.volume.admin.test_volume_types_negative.VolumeTypesNegativeTest.test_get_nonexistent_type_id [0.015700s] ... ok
{0} tempest.api.volume.admin.test_volumes_actions.VolumesActionsTest.test_force_detach_volume [11.838544s] ... ok
{0} tempest.api.volume.admin.test_volumes_actions.VolumesActionsTest.test_volume_force_delete_when_volume_is_attaching [2.601943s] ... ok
{0} tempest.api.volume.admin.test_volumes_actions.VolumesActionsTest.test_volume_force_delete_when_volume_is_creating [2.587119s] ... ok
{0} tempest.api.volume.admin.test_volumes_actions.VolumesActionsTest.test_volume_force_delete_when_volume_is_error [2.602798s] ... ok
{0} tempest.api.volume.admin.test_volumes_actions.VolumesActionsTest.test_volume_force_delete_when_volume_is_maintenance [2.858791s] ... ok
{0} tempest.api.volume.admin.test_volumes_actions.VolumesActionsTest.test_volume_reset_status [1.839688s] ... ok
{0} tempest.api.volume.admin.test_volumes_backup.VolumesBackupsAdminTest.test_volume_backup_export_import [67.737141s] ... ok
{0} tempest.api.volume.admin.test_volumes_backup.VolumesBackupsAdminTest.test_volume_backup_reset_status [37.771956s] ... ok
{0} tempest.api.volume.admin.test_volumes_list.VolumesListAdminTestJSON.test_volume_list_param_tenant [1.583354s] ... ok
{0} tempest.api.volume.test_availability_zone.AvailabilityZoneTestJSON.test_get_availability_zone_list [0.399454s] ... ok
{0} tempest.api.volume.test_extensions.ExtensionsTestJSON.test_list_extensions [0.079228s] ... ok
{0} tempest.api.volume.test_image_metadata.VolumesImageMetadata.test_update_show_delete_image_metadata [0.209042s] ... ok
{0} tempest.api.volume.test_snapshot_metadata.SnapshotMetadataTestJSON.test_crud_snapshot_metadata [0.293467s] ... ok
{0} tempest.api.volume.test_snapshot_metadata.SnapshotMetadataTestJSON.test_update_show_snapshot_metadata_item [0.269154s] ... ok
{0} tempest.api.volume.test_versions.VersionsTest.test_list_versions [0.013694s] ... ok
{0} tempest.api.volume.test_versions.VersionsTest.test_show_version [0.155184s] ... ok
{0} tempest.api.volume.test_volume_absolute_limits.AbsoluteLimitsTests.test_get_volume_absolute_limits [0.040754s] ... ok
{0} tempest.api.volume.test_volume_delete_cascade.VolumesDeleteCascade.test_volume_delete_cascade [5.178749s] ... ok
{0} tempest.api.volume.test_volume_delete_cascade.VolumesDeleteCascade.test_volume_from_snapshot_cascade_delete [8.461977s] ... ok
{0} tempest.api.volume.test_volume_metadata.VolumesMetadataTest.test_crud_volume_metadata [0.316868s] ... ok
{0} tempest.api.volume.test_volume_metadata.VolumesMetadataTest.test_update_show_volume_metadata_item [0.185508s] ... ok
{0} tempest.api.volume.test_volume_transfers.VolumesTransfersTest.test_create_get_list_accept_volume_transfer [3.387164s] ... ok
{0} tempest.api.volume.test_volume_transfers.VolumesTransfersTest.test_create_list_delete_volume_transfer [2.684338s] ... ok
{0} tempest.api.volume.test_volume_transfers.VolumesTransfersV355Test.test_create_get_list_accept_volume_transfer [3.583426s] ... ok
{0} tempest.api.volume.test_volume_transfers.VolumesTransfersV355Test.test_create_list_delete_volume_transfer [2.708235s] ... ok
{0} tempest.api.volume.test_volumes_actions.VolumesActionsTest.test_attach_detach_volume_to_instance [9.548512s] ... ok
{0} tempest.api.volume.test_volumes_actions.VolumesActionsTest.test_get_volume_attachment [9.220671s] ... ok
{0} tempest.api.volume.test_volumes_actions.VolumesActionsTest.test_reserve_unreserve_volume [0.247301s] ... ok
{0} tempest.api.volume.test_volumes_actions.VolumesActionsTest.test_volume_bootable [0.191746s] ... ok
{0} tempest.api.volume.test_volumes_actions.VolumesActionsTest.test_volume_readonly_update [0.188933s] ... ok
{0} tempest.api.volume.test_volumes_actions.VolumesActionsTest.test_volume_upload [27.144923s] ... ok
{0} tempest.api.volume.test_volumes_backup.VolumesBackupsTest.test_bootable_volume_backup_and_restore [90.480731s] ... ok
{0} tempest.api.volume.test_volumes_backup.VolumesBackupsTest.test_volume_backup_create_get_detailed_list_restore_delete [63.352885s] ... ok
{0} tempest.api.volume.test_volumes_backup.VolumesBackupsV39Test.test_update_backup [36.879410s] ... ok
{0} tempest.api.volume.test_volumes_clone.VolumesCloneTest.test_create_from_bootable_volume [16.666613s] ... ok
{0} tempest.api.volume.test_volumes_clone.VolumesCloneTest.test_create_from_volume [2.717162s] ... ok
{0} tempest.api.volume.test_volumes_clone_negative.VolumesCloneNegativeTest.test_create_from_volume_decreasing_size [1.539933s] ... ok
{0} tempest.api.volume.test_volumes_extend.VolumesExtendAttachedTest.test_extend_attached_volume [23.894424s] ... ok
{0} tempest.api.volume.test_volumes_extend.VolumesExtendTest.test_volume_extend [15.542975s] ... ok
{0} tempest.api.volume.test_volumes_extend.VolumesExtendTest.test_volume_extend_when_volume_has_snapshot [3.816178s] ... ok
{0} tempest.api.volume.test_volumes_get.VolumesGetTest.test_volume_create_get_update_delete [5.302928s] ... ok
{0} tempest.api.volume.test_volumes_get.VolumesGetTest.test_volume_create_get_update_delete_as_clone [6.587892s] ... ok
{0} tempest.api.volume.test_volumes_get.VolumesGetTest.test_volume_create_get_update_delete_from_image [18.977236s] ... ok
{0} tempest.api.volume.test_volumes_get.VolumesSummaryTest.test_show_volume_summary [0.117768s] ... ok
{0} tempest.api.volume.test_volumes_list.VolumesListTestJSON.test_volume_list [0.060764s] ... ok
{0} tempest.api.volume.test_volumes_list.VolumesListTestJSON.test_volume_list_by_name [0.054706s] ... ok
{0} tempest.api.volume.test_volumes_list.VolumesListTestJSON.test_volume_list_details_by_name [0.106043s] ... ok
{0} tempest.api.volume.test_volumes_list.VolumesListTestJSON.test_volume_list_details_pagination [0.306282s] ... ok
{0} tempest.api.volume.test_volumes_list.VolumesListTestJSON.test_volume_list_details_with_multiple_params [0.189156s] ... ok
{0} tempest.api.volume.test_volumes_list.VolumesListTestJSON.test_volume_list_pagination [0.245377s] ... ok
{0} tempest.api.volume.test_volumes_list.VolumesListTestJSON.test_volume_list_param_display_name_and_status [0.057030s] ... ok
{0} tempest.api.volume.test_volumes_list.VolumesListTestJSON.test_volume_list_with_detail_param_display_name_and_status [0.064178s] ... ok
{0} tempest.api.volume.test_volumes_list.VolumesListTestJSON.test_volume_list_with_detail_param_marker [0.077218s] ... ok
{0} tempest.api.volume.test_volumes_list.VolumesListTestJSON.test_volume_list_with_detail_param_metadata [0.087104s] ... ok
{0} tempest.api.volume.test_volumes_list.VolumesListTestJSON.test_volume_list_with_details [0.078367s] ... ok
{0} tempest.api.volume.test_volumes_list.VolumesListTestJSON.test_volume_list_with_param_metadata [0.057651s] ... ok
{0} tempest.api.volume.test_volumes_list.VolumesListTestJSON.test_volumes_list_by_availability_zone [0.106099s] ... ok
{0} tempest.api.volume.test_volumes_list.VolumesListTestJSON.test_volumes_list_by_bootable [0.110334s] ... ok
{0} tempest.api.volume.test_volumes_list.VolumesListTestJSON.test_volumes_list_by_status [0.105147s] ... ok
{0} tempest.api.volume.test_volumes_list.VolumesListTestJSON.test_volumes_list_details_by_availability_zone [0.077648s] ... ok
{0} tempest.api.volume.test_volumes_list.VolumesListTestJSON.test_volumes_list_details_by_bootable [0.062018s] ... ok
{0} tempest.api.volume.test_volumes_list.VolumesListTestJSON.test_volumes_list_details_by_status [0.409279s] ... ok
{0} tempest.api.volume.test_volumes_negative.VolumesNegativeTest.test_attach_volumes_with_nonexistent_volume_id [9.013145s] ... ok
{0} tempest.api.volume.test_volumes_negative.VolumesNegativeTest.test_create_volume_from_deactivated_image [2.652297s] ... ok
{0} tempest.api.volume.test_volumes_negative.VolumesNegativeTest.test_create_volume_from_image_with_decreasing_size [2.095533s] ... ok
{0} tempest.api.volume.test_volumes_negative.VolumesNegativeTest.test_create_volume_with_invalid_size [0.013263s] ... ok
{0} tempest.api.volume.test_volumes_negative.VolumesNegativeTest.test_create_volume_with_nonexistent_snapshot_id [0.022282s] ... ok
{0} tempest.api.volume.test_volumes_negative.VolumesNegativeTest.test_create_volume_with_nonexistent_source_volid [0.028735s] ... ok
{0} tempest.api.volume.test_volumes_negative.VolumesNegativeTest.test_create_volume_with_nonexistent_volume_type [0.027457s] ... ok
{0} tempest.api.volume.test_volumes_negative.VolumesNegativeTest.test_create_volume_with_size_negative [0.015995s] ... ok
{0} tempest.api.volume.test_volumes_negative.VolumesNegativeTest.test_create_volume_with_size_zero [0.017328s] ... ok
{0} tempest.api.volume.test_volumes_negative.VolumesNegativeTest.test_create_volume_without_passing_size [0.016043s] ... ok
{0} tempest.api.volume.test_volumes_negative.VolumesNegativeTest.test_delete_invalid_volume_id [0.025104s] ... ok
{0} tempest.api.volume.test_volumes_negative.VolumesNegativeTest.test_delete_volume_without_passing_volume_id [0.011151s] ... ok
{0} tempest.api.volume.test_volumes_negative.VolumesNegativeTest.test_detach_volumes_with_invalid_volume_id [0.024876s] ... ok
{0} tempest.api.volume.test_volumes_negative.VolumesNegativeTest.test_get_invalid_volume_id [0.023402s] ... ok
{0} tempest.api.volume.test_volumes_negative.VolumesNegativeTest.test_get_volume_without_passing_volume_id [0.010524s] ... ok
{0} tempest.api.volume.test_volumes_negative.VolumesNegativeTest.test_list_volumes_detail_with_invalid_status [0.065378s] ... ok
{0} tempest.api.volume.test_volumes_negative.VolumesNegativeTest.test_list_volumes_detail_with_nonexistent_name [0.062459s] ... ok
{0} tempest.api.volume.test_volumes_negative.VolumesNegativeTest.test_list_volumes_with_invalid_status [0.043973s] ... ok
{0} tempest.api.volume.test_volumes_negative.VolumesNegativeTest.test_list_volumes_with_nonexistent_name [0.050136s] ... ok
{0} tempest.api.volume.test_volumes_negative.VolumesNegativeTest.test_reserve_volume_with_negative_volume_status [0.094032s] ... ok
{0} tempest.api.volume.test_volumes_negative.VolumesNegativeTest.test_reserve_volume_with_nonexistent_volume_id [0.015672s] ... ok
{0} tempest.api.volume.test_volumes_negative.VolumesNegativeTest.test_unreserve_volume_with_nonexistent_volume_id [0.020796s] ... ok
{0} tempest.api.volume.test_volumes_negative.VolumesNegativeTest.test_update_volume_with_empty_volume_id [0.008079s] ... ok
{0} tempest.api.volume.test_volumes_negative.VolumesNegativeTest.test_update_volume_with_invalid_volume_id [0.020854s] ... ok
{0} tempest.api.volume.test_volumes_negative.VolumesNegativeTest.test_update_volume_with_nonexistent_volume_id [0.021897s] ... ok
{0} tempest.api.volume.test_volumes_negative.VolumesNegativeTest.test_volume_delete_nonexistent_volume_id [0.027410s] ... ok
{0} tempest.api.volume.test_volumes_negative.VolumesNegativeTest.test_volume_extend_with_None_size [0.014866s] ... ok
{0} tempest.api.volume.test_volumes_negative.VolumesNegativeTest.test_volume_extend_with_non_number_size [0.014527s] ... ok
{0} tempest.api.volume.test_volumes_negative.VolumesNegativeTest.test_volume_extend_with_nonexistent_volume_id [0.312631s] ... ok
{0} tempest.api.volume.test_volumes_negative.VolumesNegativeTest.test_volume_extend_with_size_smaller_than_original_size [0.013852s] ... ok
{0} tempest.api.volume.test_volumes_negative.VolumesNegativeTest.test_volume_extend_without_passing_volume_id [0.023568s] ... ok
{0} tempest.api.volume.test_volumes_negative.VolumesNegativeTest.test_volume_get_nonexistent_volume_id [0.034998s] ... ok
{0} tempest.api.volume.test_volumes_snapshots.VolumesSnapshotTestJSON.test_snapshot_backup [36.577626s] ... ok
{0} tempest.api.volume.test_volumes_snapshots.VolumesSnapshotTestJSON.test_snapshot_create_delete_with_volume_in_use [39.634138s] ... ok
{0} tempest.api.volume.test_volumes_snapshots.VolumesSnapshotTestJSON.test_snapshot_create_get_list_update_delete [2.482952s] ... ok
{0} tempest.api.volume.test_volumes_snapshots.VolumesSnapshotTestJSON.test_snapshot_create_offline_delete_online [25.260888s] ... ok
{0} tempest.api.volume.test_volumes_snapshots.VolumesSnapshotTestJSON.test_volume_from_snapshot [7.280238s] ... ok
{0} tempest.api.volume.test_volumes_snapshots.VolumesSnapshotTestJSON.test_volume_from_snapshot_no_size [5.303394s] ... ok
{0} tempest.api.volume.test_volumes_snapshots_list.VolumesSnapshotListTestJSON.test_snapshot_list_param_limit [0.035499s] ... ok
{0} tempest.api.volume.test_volumes_snapshots_list.VolumesSnapshotListTestJSON.test_snapshot_list_param_limit_equals_infinite [0.061317s] ... ok
{0} tempest.api.volume.test_volumes_snapshots_list.VolumesSnapshotListTestJSON.test_snapshot_list_param_limit_equals_zero [0.024471s] ... ok
{0} tempest.api.volume.test_volumes_snapshots_list.VolumesSnapshotListTestJSON.test_snapshot_list_param_marker [0.081317s] ... ok
{0} tempest.api.volume.test_volumes_snapshots_list.VolumesSnapshotListTestJSON.test_snapshot_list_param_offset [0.037626s] ... ok
{0} tempest.api.volume.test_volumes_snapshots_list.VolumesSnapshotListTestJSON.test_snapshot_list_param_sort_created_at_asc [0.026967s] ... ok
{0} tempest.api.volume.test_volumes_snapshots_list.VolumesSnapshotListTestJSON.test_snapshot_list_param_sort_created_at_desc [0.020191s] ... ok
{0} tempest.api.volume.test_volumes_snapshots_list.VolumesSnapshotListTestJSON.test_snapshot_list_param_sort_id_asc [0.033344s] ... ok
{0} tempest.api.volume.test_volumes_snapshots_list.VolumesSnapshotListTestJSON.test_snapshot_list_param_sort_id_desc [0.028577s] ... ok
{0} tempest.api.volume.test_volumes_snapshots_list.VolumesSnapshotListTestJSON.test_snapshot_list_param_sort_name_asc [0.030581s] ... ok
{0} tempest.api.volume.test_volumes_snapshots_list.VolumesSnapshotListTestJSON.test_snapshot_list_param_sort_name_desc [0.026583s] ... ok
{0} tempest.api.volume.test_volumes_snapshots_list.VolumesSnapshotListTestJSON.test_snapshots_list_details_with_params [0.091702s] ... ok
{0} tempest.api.volume.test_volumes_snapshots_list.VolumesSnapshotListTestJSON.test_snapshots_list_with_params [0.105193s] ... ok
{0} tempest.api.volume.test_volumes_snapshots_negative.VolumesSnapshotNegativeTestJSON.test_create_snapshot_with_nonexistent_volume_id [0.108721s] ... ok
{0} tempest.api.volume.test_volumes_snapshots_negative.VolumesSnapshotNegativeTestJSON.test_create_snapshot_without_passing_volume_id [0.043985s] ... ok
{0} tempest.api.volume.test_volumes_snapshots_negative.VolumesSnapshotNegativeTestJSON.test_list_snapshot_invalid_param_limit [0.013506s] ... ok
{0} tempest.api.volume.test_volumes_snapshots_negative.VolumesSnapshotNegativeTestJSON.test_list_snapshots_invalid_param_marker [0.018707s] ... ok
{0} tempest.api.volume.test_volumes_snapshots_negative.VolumesSnapshotNegativeTestJSON.test_list_snapshots_invalid_param_sort [0.013864s] ... ok
{0} tempest.api.volume.test_volumes_snapshots_negative.VolumesSnapshotNegativeTestJSON.test_volume_from_snapshot_decreasing_size [2.663376s] ... ok
{0} tempest.scenario.test_encrypted_cinder_volumes.TestEncryptedCinderVolumes.test_encrypted_cinder_volumes_cryptsetup [21.443021s] ... ok
{0} tempest.scenario.test_encrypted_cinder_volumes.TestEncryptedCinderVolumes.test_encrypted_cinder_volumes_luks [28.443973s] ... ok
{0} tempest.scenario.test_encrypted_cinder_volumes.TestEncryptedCinderVolumes.test_encrypted_cinder_volumes_luksv2 [32.141053s] ... ok
{0} tempest.scenario.test_shelve_instance.TestShelveInstance.test_shelve_volume_backed_instance ... SKIPPED: The public_network_id option must be specified.
{0} tempest.scenario.test_stamp_pattern.TestStampPattern.test_stamp_pattern ... SKIPPED: The public_network_id option must be specified.
{0} tempest.scenario.test_volume_boot_pattern.TestVolumeBootPattern.test_boot_server_from_encrypted_volume_luks [22.732027s] ... ok
{0} tempest.scenario.test_volume_boot_pattern.TestVolumeBootPattern.test_boot_server_from_encrypted_volume_luksv2 [32.209965s] ... ok
{0} tempest.scenario.test_volume_boot_pattern.TestVolumeBootPattern.test_create_server_from_volume_snapshot [34.455065s] ... ok
{0} tempest.scenario.test_volume_boot_pattern.TestVolumeBootPattern.test_image_defined_boot_from_volume [48.400683s] ... ok
{0} tempest.scenario.test_volume_boot_pattern.TestVolumeBootPattern.test_volume_boot_pattern ... SKIPPED: The public_network_id option must be specified.

======
Totals
======
Ran: 246 tests in 1411.8960 sec.
 - Passed: 236
 - Skipped: 10
 - Expected Fail: 0
 - Unexpected Success: 0
 - Failed: 0
Sum of execute time for each test: 1004.6769 sec.

==============
Worker Balance
==============
 - Worker 0 (246 tests) => 0:23:31.896040
