{0} setUpClass (tempest.api.compute.admin.test_live_migration.LiveAutoBlockMigrationV225Test) ... SKIPPED: Less than 2 compute nodes, skipping migration test.
{0} setUpClass (tempest.api.compute.admin.test_live_migration.LiveMigrationTest) ... SKIPPED: Less than 2 compute nodes, skipping migration test.
{0} tempest.api.compute.admin.test_volumes_negative.UpdateMultiattachVolumeNegativeTest.test_multiattach_rw_volume_update_failure [35.236745s] ... ok
{0} tempest.api.compute.admin.test_volumes_negative.VolumesAdminNegativeTest.test_update_attached_volume_with_nonexistent_volume_in_body [9.725066s] ... ok
{0} tempest.api.compute.admin.test_volumes_negative.VolumesAdminNegativeTest.test_update_attached_volume_with_nonexistent_volume_in_uri [1.328616s] ... ok
{0} tempest.api.compute.servers.test_delete_server.DeleteServersTestJSON.test_delete_server_while_in_attached_volume [17.281905s] ... ok
{0} setUpClass (tempest.api.compute.servers.test_server_rescue.ServerBootFromVolumeStableRescueTest) ... SKIPPED: Stable rescue not available.
{0} setUpClass (tempest.api.compute.servers.test_server_rescue.ServerStableDeviceRescueTest) ... SKIPPED: Stable rescue not available.
{0} tempest.api.compute.servers.test_server_rescue_negative.ServerRescueNegativeTestJSON.test_rescued_vm_attach_volume [9.967863s] ... ok
{0} tempest.api.compute.servers.test_servers_negative.ServersNegativeTestJSON.test_create_server_from_non_bootable_volume [1.793126s] ... ok
{0} tempest.api.compute.servers.test_servers_negative.ServersNegativeTestJSON.test_create_server_invalid_bdm_in_2nd_dict [1.576668s] ... ok
{0} tempest.api.compute.volumes.test_volume_snapshots.VolumesSnapshotsTestJSON.test_volume_snapshot_create_get_list_delete [5.278723s] ... ok
{0} tempest.api.compute.volumes.test_volumes_get.VolumesGetTestJSON.test_volume_create_get_delete [1.553238s] ... ok
{0} tempest.api.compute.volumes.test_volumes_list.VolumesTestJSON.test_volume_list [0.116748s] ... ok
{0} tempest.api.compute.volumes.test_volumes_list.VolumesTestJSON.test_volume_list_param_limit [0.071473s] ... ok
{0} tempest.api.compute.volumes.test_volumes_list.VolumesTestJSON.test_volume_list_param_offset_and_limit [0.138302s] ... ok
{0} tempest.api.compute.volumes.test_volumes_list.VolumesTestJSON.test_volume_list_with_detail_param_limit [0.076342s] ... ok
{0} tempest.api.compute.volumes.test_volumes_list.VolumesTestJSON.test_volume_list_with_detail_param_offset_and_limit [0.157680s] ... ok
{0} tempest.api.compute.volumes.test_volumes_list.VolumesTestJSON.test_volume_list_with_details [0.081105s] ... ok
{0} tempest.api.compute.volumes.test_volumes_negative.VolumesNegativeTest.test_create_volume_with_invalid_size [0.095389s] ... ok
{0} tempest.api.compute.volumes.test_volumes_negative.VolumesNegativeTest.test_create_volume_with_size_zero [0.011311s] ... ok
{0} tempest.api.compute.volumes.test_volumes_negative.VolumesNegativeTest.test_create_volume_without_passing_size [0.011014s] ... ok
{0} tempest.api.compute.volumes.test_volumes_negative.VolumesNegativeTest.test_delete_invalid_volume_id [0.038288s] ... ok
{0} tempest.api.compute.volumes.test_volumes_negative.VolumesNegativeTest.test_delete_volume_without_passing_volume_id [0.008278s] ... ok
{0} tempest.api.compute.volumes.test_volumes_negative.VolumesNegativeTest.test_get_volume_without_passing_volume_id [0.005989s] ... ok
{0} tempest.api.compute.volumes.test_volumes_negative.VolumesNegativeTest.test_volume_delete_nonexistent_volume_id [0.042055s] ... ok
{0} tempest.api.compute.volumes.test_volumes_negative.VolumesNegativeTest.test_volume_get_nonexistent_volume_id [0.043319s] ... ok
{0} tempest.api.volume.admin.test_backends_capabilities.BackendsCapabilitiesAdminTestsJSON.test_compare_volume_stats_values [0.115198s] ... ok
{0} tempest.api.volume.admin.test_backends_capabilities.BackendsCapabilitiesAdminTestsJSON.test_get_capabilities_backend [0.033997s] ... ok
{0} tempest.api.volume.admin.test_encrypted_volumes_extend.EncryptedVolumesExtendAttachedTest.test_extend_attached_encrypted_volume_luksv1 ... SKIPPED: Attached encrypted volume extend is disabled.
{0} tempest.api.volume.admin.test_group_snapshots.GroupSnapshotsTest.test_create_group_from_group_snapshot [9.950925s] ... ok
{0} tempest.api.volume.admin.test_group_snapshots.GroupSnapshotsTest.test_delete_group_snapshots_following_updated_volumes [11.721522s] ... ok
{0} tempest.api.volume.admin.test_group_snapshots.GroupSnapshotsTest.test_group_snapshot_create_show_list_delete [6.803432s] ... ok
{0} tempest.api.volume.admin.test_group_snapshots.GroupSnapshotsV319Test.test_reset_group_snapshot_status [6.860206s] ... ok
{0} tempest.api.volume.admin.test_group_type_specs.GroupTypeSpecsTest.test_group_type_specs_create_show_update_list_delete [0.479829s] ... ok
{0} tempest.api.volume.admin.test_group_types.GroupTypesTest.test_group_type_create_list_update_show_delete [0.264642s] ... ok
{0} tempest.api.volume.admin.test_group_types.GroupTypesTest.test_group_type_list_by_optional_params [0.244768s] ... ok
{0} tempest.api.volume.admin.test_groups.GroupsTest.test_group_create_show_list_delete [6.817599s] ... ok
{0} tempest.api.volume.admin.test_groups.GroupsTest.test_group_update [7.946163s] ... ok
{0} tempest.api.volume.admin.test_groups.GroupsV314Test.test_create_group_from_group [7.109261s] ... ok
{0} tempest.api.volume.admin.test_groups.GroupsV320Test.test_reset_group_status [2.890345s] ... ok
{0} tempest.api.volume.admin.test_multi_backend.VolumeMultiBackendTest.test_backend_name_distinction [0.103402s] ... ok
{0} tempest.api.volume.admin.test_multi_backend.VolumeMultiBackendTest.test_backend_name_distinction_with_prefix [0.082815s] ... ok
{0} tempest.api.volume.admin.test_multi_backend.VolumeMultiBackendTest.test_backend_name_reporting [0.079603s] ... ok
{0} tempest.api.volume.admin.test_multi_backend.VolumeMultiBackendTest.test_backend_name_reporting_with_prefix [0.080035s] ... ok
{0} tempest.api.volume.admin.test_qos.QosSpecsTestJSON.test_associate_disassociate_qos [0.447770s] ... ok
{0} tempest.api.volume.admin.test_qos.QosSpecsTestJSON.test_create_delete_qos_with_back_end_consumer [0.135727s] ... ok
{0} tempest.api.volume.admin.test_qos.QosSpecsTestJSON.test_create_delete_qos_with_both_consumer [0.129064s] ... ok
{0} tempest.api.volume.admin.test_qos.QosSpecsTestJSON.test_create_delete_qos_with_front_end_consumer [0.116335s] ... ok
{0} tempest.api.volume.admin.test_qos.QosSpecsTestJSON.test_get_qos [0.022080s] ... ok
{0} tempest.api.volume.admin.test_qos.QosSpecsTestJSON.test_list_qos [0.019072s] ... ok
{0} tempest.api.volume.admin.test_qos.QosSpecsTestJSON.test_set_unset_qos_key [0.129203s] ... ok
{0} tempest.api.volume.admin.test_snapshots_actions.SnapshotsActionsTest.test_reset_snapshot_status [0.195986s] ... ok
{0} tempest.api.volume.admin.test_snapshots_actions.SnapshotsActionsTest.test_snapshot_force_delete_when_snapshot_is_creating [2.490577s] ... ok
{0} tempest.api.volume.admin.test_snapshots_actions.SnapshotsActionsTest.test_snapshot_force_delete_when_snapshot_is_deleting [2.478626s] ... ok
{0} tempest.api.volume.admin.test_snapshots_actions.SnapshotsActionsTest.test_snapshot_force_delete_when_snapshot_is_error [2.477769s] ... ok
{0} tempest.api.volume.admin.test_snapshots_actions.SnapshotsActionsTest.test_snapshot_force_delete_when_snapshot_is_error_deleting [2.418063s] ... ok
{0} tempest.api.volume.admin.test_snapshots_actions.SnapshotsActionsTest.test_update_snapshot_status [0.210111s] ... ok
{0} tempest.api.volume.admin.test_user_messages.UserMessagesTest.test_delete_message [1.696971s] ... ok
{0} tempest.api.volume.admin.test_user_messages.UserMessagesTest.test_list_show_messages [1.455209s] ... ok
{0} tempest.api.volume.admin.test_volume_hosts.VolumeHostsAdminTestsJSON.test_list_hosts [0.117030s] ... ok
{0} tempest.api.volume.admin.test_volume_hosts.VolumeHostsAdminTestsJSON.test_show_host [0.191821s] ... ok
{0} setUpClass (tempest.api.volume.admin.test_volume_manage.VolumeManageAdminTest) ... SKIPPED: Manage volume tests are disabled
{0} tempest.api.volume.admin.test_volume_pools.VolumePoolsAdminTestsJSON.test_get_pools_with_details [0.098657s] ... ok
{0} tempest.api.volume.admin.test_volume_pools.VolumePoolsAdminTestsJSON.test_get_pools_without_details [0.029326s] ... ok
{0} tempest.api.volume.admin.test_volume_quota_classes.VolumeQuotaClassesTest.test_show_default_quota [0.140341s] ... ok
{0} tempest.api.volume.admin.test_volume_quota_classes.VolumeQuotaClassesTest.test_update_default_quota [0.724697s] ... ok
{0} tempest.api.volume.admin.test_volume_quotas.VolumeQuotasAdminTestJSON.test_delete_quota [0.371278s] ... ok
{0} tempest.api.volume.admin.test_volume_quotas.VolumeQuotasAdminTestJSON.test_list_default_quotas [0.042544s] ... ok
{0} tempest.api.volume.admin.test_volume_quotas.VolumeQuotasAdminTestJSON.test_list_quotas [0.048195s] ... ok
{0} tempest.api.volume.admin.test_volume_quotas.VolumeQuotasAdminTestJSON.test_quota_usage [2.667359s] ... ok
{0} tempest.api.volume.admin.test_volume_quotas.VolumeQuotasAdminTestJSON.test_quota_usage_after_volume_transfer [3.252944s] ... ok
{0} tempest.api.volume.admin.test_volume_quotas.VolumeQuotasAdminTestJSON.test_show_quota_usage [0.054717s] ... ok
{0} tempest.api.volume.admin.test_volume_quotas.VolumeQuotasAdminTestJSON.test_update_all_quota_resources_for_tenant [0.292382s] ... ok
{0} tempest.api.volume.admin.test_volume_quotas_negative.VolumeQuotasNegativeTestJSON.test_quota_volume_gigabytes [0.255134s] ... ok
{0} tempest.api.volume.admin.test_volume_quotas_negative.VolumeQuotasNegativeTestJSON.test_quota_volumes [0.215347s] ... ok
{0} tempest.api.volume.admin.test_volume_quotas_negative.VolumeQuotasNegativeTestJSON.test_volume_extend_gigabytes_quota_deviation [0.143647s] ... ok
{0} tempest.api.volume.admin.test_volume_retype.VolumeRetypeWithoutMigrationTest.test_available_volume_retype [2.807507s] ... ok
{0} tempest.api.volume.admin.test_volume_services.VolumesServicesTestJSON.test_get_service_by_host_name [0.031140s] ... ok
{0} tempest.api.volume.admin.test_volume_services.VolumesServicesTestJSON.test_get_service_by_service_and_host_name [0.024817s] ... ok
{0} tempest.api.volume.admin.test_volume_services.VolumesServicesTestJSON.test_get_service_by_service_binary_name [0.031488s] ... ok
{0} tempest.api.volume.admin.test_volume_services.VolumesServicesTestJSON.test_get_service_by_volume_host_name [1.470852s] ... ok
{0} tempest.api.volume.admin.test_volume_services.VolumesServicesTestJSON.test_list_services [0.020117s] ... ok
{0} tempest.api.volume.admin.test_volume_services_negative.VolumeServicesNegativeTest.test_disable_log_reason_with_no_reason [0.019607s] ... ok
{0} tempest.api.volume.admin.test_volume_services_negative.VolumeServicesNegativeTest.test_disable_service_with_invalid_binary [0.030334s] ... ok
{0} tempest.api.volume.admin.test_volume_services_negative.VolumeServicesNegativeTest.test_enable_service_with_invalid_host [0.026293s] ... ok
{0} tempest.api.volume.admin.test_volume_services_negative.VolumeServicesNegativeTest.test_freeze_host_with_invalid_host [0.019806s] ... ok
{0} tempest.api.volume.admin.test_volume_services_negative.VolumeServicesNegativeTest.test_thaw_host_with_invalid_host [0.024584s] ... ok
{0} tempest.api.volume.admin.test_volume_snapshot_quotas_negative.VolumeSnapshotQuotasNegativeTestJSON.test_quota_volume_gigabytes_snapshots [0.320170s] ... ok
{0} tempest.api.volume.admin.test_volume_snapshot_quotas_negative.VolumeSnapshotQuotasNegativeTestJSON.test_quota_volume_snapshots [0.059789s] ... ok
{0} tempest.api.volume.admin.test_volume_type_access.VolumeTypesAccessTest.test_volume_type_access_add [1.624178s] ... ok
{0} tempest.api.volume.admin.test_volume_type_access.VolumeTypesAccessTest.test_volume_type_access_list [0.170538s] ... ok
{0} tempest.api.volume.admin.test_volume_types.VolumeTypesTest.test_volume_crud_with_volume_type_and_extra_specs [2.912136s] ... ok
{0} tempest.api.volume.admin.test_volume_types.VolumeTypesTest.test_volume_type_create_get_delete [0.056450s] ... ok
{0} tempest.api.volume.admin.test_volume_types.VolumeTypesTest.test_volume_type_encryption_create_get_update_delete [0.324836s] ... ok
{0} tempest.api.volume.admin.test_volume_types.VolumeTypesTest.test_volume_type_list [0.041176s] ... ok
{0} tempest.api.volume.admin.test_volume_types.VolumeTypesTest.test_volume_type_update [0.130247s] ... ok
{0} tempest.api.volume.admin.test_volume_types_extra_specs.VolumeTypesExtraSpecsTest.test_volume_type_extra_spec_create_get_delete [0.233501s] ... ok
{0} tempest.api.volume.admin.test_volume_types_extra_specs.VolumeTypesExtraSpecsTest.test_volume_type_extra_specs_list [0.081728s] ... ok
{0} tempest.api.volume.admin.test_volume_types_extra_specs.VolumeTypesExtraSpecsTest.test_volume_type_extra_specs_update [0.248033s] ... ok
{0} tempest.api.volume.admin.test_volume_types_extra_specs_negative.ExtraSpecsNegativeTest.test_create_invalid_body [0.018176s] ... ok
{0} tempest.api.volume.admin.test_volume_types_extra_specs_negative.ExtraSpecsNegativeTest.test_create_none_body [0.014748s] ... ok
{0} tempest.api.volume.admin.test_volume_types_extra_specs_negative.ExtraSpecsNegativeTest.test_create_nonexistent_type_id [0.038266s] ... ok
{0} tempest.api.volume.admin.test_volume_types_extra_specs_negative.ExtraSpecsNegativeTest.test_delete_nonexistent_volume_type_id [0.022495s] ... ok
{0} tempest.api.volume.admin.test_volume_types_extra_specs_negative.ExtraSpecsNegativeTest.test_get_nonexistent_extra_spec_name [0.026538s] ... ok
{0} tempest.api.volume.admin.test_volume_types_extra_specs_negative.ExtraSpecsNegativeTest.test_get_nonexistent_volume_type_id [0.025125s] ... ok
{0} tempest.api.volume.admin.test_volume_types_extra_specs_negative.ExtraSpecsNegativeTest.test_list_nonexistent_volume_type_id [0.020955s] ... ok
{0} tempest.api.volume.admin.test_volume_types_extra_specs_negative.ExtraSpecsNegativeTest.test_update_multiple_extra_spec [0.013757s] ... ok
{0} tempest.api.volume.admin.test_volume_types_extra_specs_negative.ExtraSpecsNegativeTest.test_update_no_body [0.013808s] ... ok
{0} tempest.api.volume.admin.test_volume_types_extra_specs_negative.ExtraSpecsNegativeTest.test_update_none_extra_spec_id [0.027434s] ... ok
{0} tempest.api.volume.admin.test_volume_types_extra_specs_negative.ExtraSpecsNegativeTest.test_update_nonexistent_extra_spec_id [0.027828s] ... ok
{0} tempest.api.volume.admin.test_volume_types_extra_specs_negative.ExtraSpecsNegativeTest.test_update_nonexistent_type_id [0.028725s] ... ok
{0} tempest.api.volume.admin.test_volume_types_negative.VolumeTypesNegativeTest.test_create_volume_type_encryption_nonexistent_type_id [0.125369s] ... ok
{0} tempest.api.volume.admin.test_volume_types_negative.VolumeTypesNegativeTest.test_create_volume_with_private_volume_type [0.154967s] ... ok
{0} tempest.api.volume.admin.test_volume_types_negative.VolumeTypesNegativeTest.test_create_with_empty_name [0.016432s] ... ok
{0} tempest.api.volume.admin.test_volume_types_negative.VolumeTypesNegativeTest.test_create_with_repeated_name [0.063847s] ... ok
{0} tempest.api.volume.admin.test_volume_types_negative.VolumeTypesNegativeTest.test_delete_nonexistent_type_id [0.018512s] ... ok
{0} tempest.api.volume.admin.test_volume_types_negative.VolumeTypesNegativeTest.test_get_nonexistent_type_id [0.015475s] ... ok
{0} tempest.api.volume.admin.test_volumes_actions.VolumesActionsTest.test_force_detach_volume [12.071889s] ... ok
{0} tempest.api.volume.admin.test_volumes_actions.VolumesActionsTest.test_volume_force_delete_when_volume_is_attaching [2.547186s] ... ok
{0} tempest.api.volume.admin.test_volumes_actions.VolumesActionsTest.test_volume_force_delete_when_volume_is_creating [2.565057s] ... ok
{0} tempest.api.volume.admin.test_volumes_actions.VolumesActionsTest.test_volume_force_delete_when_volume_is_error [2.537750s] ... ok
{0} tempest.api.volume.admin.test_volumes_actions.VolumesActionsTest.test_volume_force_delete_when_volume_is_maintenance [2.529469s] ... ok
{0} tempest.api.volume.admin.test_volumes_actions.VolumesActionsTest.test_volume_reset_status [1.721669s] ... ok
{0} tempest.api.volume.admin.test_volumes_backup.VolumesBackupsAdminTest.test_volume_backup_export_import [67.689441s] ... ok
{0} tempest.api.volume.admin.test_volumes_backup.VolumesBackupsAdminTest.test_volume_backup_reset_status [36.750011s] ... ok
{0} tempest.api.volume.admin.test_volumes_list.VolumesListAdminTestJSON.test_volume_list_param_tenant [1.519860s] ... ok
{0} tempest.api.volume.test_availability_zone.AvailabilityZoneTestJSON.test_get_availability_zone_list [0.104068s] ... ok
{0} tempest.api.volume.test_extensions.ExtensionsTestJSON.test_list_extensions [0.111357s] ... ok
{0} tempest.api.volume.test_image_metadata.VolumesImageMetadata.test_update_show_delete_image_metadata [0.208071s] ... ok
{0} tempest.api.volume.test_snapshot_metadata.SnapshotMetadataTestJSON.test_crud_snapshot_metadata [0.327262s] ... ok
{0} tempest.api.volume.test_snapshot_metadata.SnapshotMetadataTestJSON.test_update_show_snapshot_metadata_item [0.252344s] ... ok
{0} tempest.api.volume.test_versions.VersionsTest.test_list_versions [0.012717s] ... ok
{0} tempest.api.volume.test_versions.VersionsTest.test_show_version [0.089770s] ... ok
{0} tempest.api.volume.test_volume_absolute_limits.AbsoluteLimitsTests.test_get_volume_absolute_limits [0.047502s] ... ok
{0} tempest.api.volume.test_volume_delete_cascade.VolumesDeleteCascade.test_volume_delete_cascade [5.211178s] ... ok
{0} tempest.api.volume.test_volume_delete_cascade.VolumesDeleteCascade.test_volume_from_snapshot_cascade_delete [8.304521s] ... ok
{0} tempest.api.volume.test_volume_metadata.VolumesMetadataTest.test_crud_volume_metadata [0.302049s] ... ok
{0} tempest.api.volume.test_volume_metadata.VolumesMetadataTest.test_update_show_volume_metadata_item [0.268336s] ... ok
{0} tempest.api.volume.test_volume_transfers.VolumesTransfersTest.test_create_get_list_accept_volume_transfer [3.386972s] ... ok
{0} tempest.api.volume.test_volume_transfers.VolumesTransfersTest.test_create_list_delete_volume_transfer [2.688998s] ... ok
{0} tempest.api.volume.test_volume_transfers.VolumesTransfersV355Test.test_create_get_list_accept_volume_transfer [3.448760s] ... ok
{0} tempest.api.volume.test_volume_transfers.VolumesTransfersV355Test.test_create_list_delete_volume_transfer [2.661833s] ... ok
{0} tempest.api.volume.test_volumes_actions.VolumesActionsTest.test_attach_detach_volume_to_instance [8.185419s] ... ok
{0} tempest.api.volume.test_volumes_actions.VolumesActionsTest.test_get_volume_attachment [9.202062s] ... ok
{0} tempest.api.volume.test_volumes_actions.VolumesActionsTest.test_reserve_unreserve_volume [0.167661s] ... ok
{0} tempest.api.volume.test_volumes_actions.VolumesActionsTest.test_volume_bootable [0.139820s] ... ok
{0} tempest.api.volume.test_volumes_actions.VolumesActionsTest.test_volume_readonly_update [0.157659s] ... ok
{0} tempest.api.volume.test_volumes_actions.VolumesActionsTest.test_volume_upload [27.943206s] ... ok
{0} tempest.api.volume.test_volumes_backup.VolumesBackupsTest.test_bootable_volume_backup_and_restore [104.582268s] ... ok
{0} tempest.api.volume.test_volumes_backup.VolumesBackupsTest.test_volume_backup_create_get_detailed_list_restore_delete [65.083737s] ... ok
{0} tempest.api.volume.test_volumes_backup.VolumesBackupsV39Test.test_update_backup [5.928187s] ... FAILED

Captured traceback:
~~~~~~~~~~~~~~~~~~~
    Traceback (most recent call last):

      File "/opt/stack/tempest/tempest/api/volume/test_volumes_backup.py", line 181, in test_update_backup
    backup = self.create_backup(volume_id=volume['id'])

      File "/opt/stack/tempest/tempest/api/volume/base.py", line 164, in create_backup
    waiters.wait_for_volume_resource_status(backup_client, backup['id'],

      File "/opt/stack/tempest/tempest/common/waiters.py", line 305, in wait_for_volume_resource_status
    raise exceptions.VolumeResourceBuildErrorException(

    tempest.exceptions.VolumeResourceBuildErrorException: backup 306363d8-bc34-4df7-a96c-5372e8d21003 failed to build and is in ERROR status


Captured pythonlogging:
~~~~~~~~~~~~~~~~~~~~~~~
    2022-04-20 20:33:30,511 134949 INFO     [tempest.lib.common.rest_client] Request (VolumesBackupsV39Test:test_update_backup): 202 POST http://192.168.79.45/volume/v3/89250c142b1f4c2ea21bc7921fd8733d/volumes 0.367s
2022-04-20 20:33:30,511 134949 DEBUG    [tempest.lib.common.rest_client] Request - Headers: {'Content-Type': 'application/json', 'Accept': 'application/json', 'Openstack-Api-Version': 'volume 3.9', 'X-Auth-Token': '<omitted>'}
        Body: {"volume": {"size": 1, "name": "tempest-VolumesBackupsV39Test-Volume-1746003328"}}
    Response - Headers: {'date': 'Wed, 20 Apr 2022 20:33:30 GMT', 'server': 'Apache/2.4.41 (Ubuntu)', 'content-type': 'application/json', 'x-compute-request-id': 'req-f57d3516-3689-4fcd-8aef-30961658b824', 'content-length': '819', 'openstack-api-version': 'volume 3.9', 'vary': 'OpenStack-API-Version', 'x-openstack-request-id': 'req-f57d3516-3689-4fcd-8aef-30961658b824', 'connection': 'close', 'status': '202', 'content-location': 'http://192.168.79.45/volume/v3/89250c142b1f4c2ea21bc7921fd8733d/volumes'}
        Body: b'{"volume": {"id": "de6fc2cb-2146-4cc8-ba98-9e7f01d76b3c", "status": "creating", "size": 1, "availability_zone": "nova", "created_at": "2022-04-20T20:33:30.436112", "updated_at": null, "name": "tempest-VolumesBackupsV39Test-Volume-1746003328", "description": null, "volume_type": "3par1", "snapshot_id": null, "source_volid": null, "metadata": {}, "links": [{"rel": "self", "href": "http://192.168.79.45/volume/v3/89250c142b1f4c2ea21bc7921fd8733d/volumes/de6fc2cb-2146-4cc8-ba98-9e7f01d76b3c"}, {"rel": "bookmark", "href": "http://192.168.79.45/volume/89250c142b1f4c2ea21bc7921fd8733d/volumes/de6fc2cb-2146-4cc8-ba98-9e7f01d76b3c"}], "user_id": "6260c1309dd84ab3819ad9af6ed49e53", "bootable": "false", "encrypted": false, "replication_status": null, "consistencygroup_id": null, "multiattach": false, "attachments": []}}'
2022-04-20 20:33:30,582 134949 INFO     [tempest.lib.common.rest_client] Request (VolumesBackupsV39Test:test_update_backup): 200 GET http://192.168.79.45/volume/v3/89250c142b1f4c2ea21bc7921fd8733d/volumes/de6fc2cb-2146-4cc8-ba98-9e7f01d76b3c 0.063s
2022-04-20 20:33:30,582 134949 DEBUG    [tempest.lib.common.rest_client] Request - Headers: {'Content-Type': 'application/json', 'Accept': 'application/json', 'Openstack-Api-Version': 'volume 3.9', 'X-Auth-Token': '<omitted>'}
        Body: None
    Response - Headers: {'date': 'Wed, 20 Apr 2022 20:33:30 GMT', 'server': 'Apache/2.4.41 (Ubuntu)', 'content-type': 'application/json', 'x-compute-request-id': 'req-15a62f8b-355e-4c1d-b75a-db119a11dccb', 'content-length': '887', 'openstack-api-version': 'volume 3.9', 'vary': 'OpenStack-API-Version', 'x-openstack-request-id': 'req-15a62f8b-355e-4c1d-b75a-db119a11dccb', 'connection': 'close', 'status': '200', 'content-location': 'http://192.168.79.45/volume/v3/89250c142b1f4c2ea21bc7921fd8733d/volumes/de6fc2cb-2146-4cc8-ba98-9e7f01d76b3c'}
        Body: b'{"volume": {"id": "de6fc2cb-2146-4cc8-ba98-9e7f01d76b3c", "status": "creating", "size": 1, "availability_zone": "nova", "created_at": "2022-04-20T20:33:30.000000", "updated_at": null, "name": "tempest-VolumesBackupsV39Test-Volume-1746003328", "description": null, "volume_type": "3par1", "snapshot_id": null, "source_volid": null, "metadata": {}, "links": [{"rel": "self", "href": "http://192.168.79.45/volume/v3/89250c142b1f4c2ea21bc7921fd8733d/volumes/de6fc2cb-2146-4cc8-ba98-9e7f01d76b3c"}, {"rel": "bookmark", "href": "http://192.168.79.45/volume/89250c142b1f4c2ea21bc7921fd8733d/volumes/de6fc2cb-2146-4cc8-ba98-9e7f01d76b3c"}], "user_id": "6260c1309dd84ab3819ad9af6ed49e53", "bootable": "false", "encrypted": false, "replication_status": null, "consistencygroup_id": null, "multiattach": false, "attachments": [], "os-vol-tenant-attr:tenant_id": "89250c142b1f4c2ea21bc7921fd8733d"}}'
2022-04-20 20:33:31,628 134949 INFO     [tempest.lib.common.rest_client] Request (VolumesBackupsV39Test:test_update_backup): 200 GET http://192.168.79.45/volume/v3/89250c142b1f4c2ea21bc7921fd8733d/volumes/de6fc2cb-2146-4cc8-ba98-9e7f01d76b3c 0.040s
2022-04-20 20:33:31,
    629 134949 DEBUG    [tempest.lib.common.rest_client] Request - Headers: {'Content-Type': 'application/json', 'Accept': 'application/json', 'Openstack-Api-Version': 'volume 3.9', 'X-Auth-Token': '<omitted>'}
        Body: None
    Response - Headers: {'date': 'Wed, 20 Apr 2022 20:33:31 GMT', 'server': 'Apache/2.4.41 (Ubuntu)', 'content-type': 'application/json', 'x-compute-request-id': 'req-9974336f-7a8c-4787-a0ab-300439be47da', 'content-length': '912', 'openstack-api-version': 'volume 3.9', 'vary': 'OpenStack-API-Version', 'x-openstack-request-id': 'req-9974336f-7a8c-4787-a0ab-300439be47da', 'connection': 'close', 'status': '200', 'content-location': 'http://192.168.79.45/volume/v3/89250c142b1f4c2ea21bc7921fd8733d/volumes/de6fc2cb-2146-4cc8-ba98-9e7f01d76b3c'}
        Body: b'{"volume": {"id": "de6fc2cb-2146-4cc8-ba98-9e7f01d76b3c", "status": "available", "size": 1, "availability_zone": "nova", "created_at": "2022-04-20T20:33:30.000000", "updated_at": "2022-04-20T20:33:31.000000", "name": "tempest-VolumesBackupsV39Test-Volume-1746003328", "description": null, "volume_type": "3par1", "snapshot_id": null, "source_volid": null, "metadata": {}, "links": [{"rel": "self", "href": "http://192.168.79.45/volume/v3/89250c142b1f4c2ea21bc7921fd8733d/volumes/de6fc2cb-2146-4cc8-ba98-9e7f01d76b3c"}, {"rel": "bookmark", "href": "http://192.168.79.45/volume/89250c142b1f4c2ea21bc7921fd8733d/volumes/de6fc2cb-2146-4cc8-ba98-9e7f01d76b3c"}], "user_id": "6260c1309dd84ab3819ad9af6ed49e53", "bootable": "false", "encrypted": false, "replication_status": null, "consistencygroup_id": null, "multiattach": false, "attachments": [], "os-vol-tenant-attr:tenant_id": "89250c142b1f4c2ea21bc7921fd8733d"}}'
2022-04-20 20:33:31,634 134949 INFO     [tempest.common.waiters] volume de6fc2cb-2146-4cc8-ba98-9e7f01d76b3c reached available after waiting for 1.634017 seconds
2022-04-20 20:33:31,768 134949 INFO     [tempest.lib.common.rest_client] Request (VolumesBackupsV39Test:test_update_backup): 202 POST http://192.168.79.45/volume/v3/89250c142b1f4c2ea21bc7921fd8733d/backups 0.134s
2022-04-20 20:33:31,769 134949 DEBUG    [tempest.lib.common.rest_client] Request - Headers: {'Content-Type': 'application/json', 'Accept': 'application/json', 'Openstack-Api-Version': 'volume 3.9', 'X-Auth-Token': '<omitted>'}
        Body: {"backup": {"volume_id": "de6fc2cb-2146-4cc8-ba98-9e7f01d76b3c", "name": "tempest-VolumesBackupsV39Test-Backup-413159306"}}
    Response - Headers: {'date': 'Wed, 20 Apr 2022 20:33:31 GMT', 'server': 'Apache/2.4.41 (Ubuntu)', 'content-type': 'application/json', 'x-compute-request-id': 'req-5f868f6d-792f-40e1-bc22-40140a43d300', 'content-length': '402', 'openstack-api-version': 'volume 3.9', 'vary': 'OpenStack-API-Version', 'x-openstack-request-id': 'req-5f868f6d-792f-40e1-bc22-40140a43d300', 'connection': 'close', 'status': '202', 'content-location': 'http://192.168.79.45/volume/v3/89250c142b1f4c2ea21bc7921fd8733d/backups'}
        Body: b'{"backup": {"id": "306363d8-bc34-4df7-a96c-5372e8d21003", "name": "tempest-VolumesBackupsV39Test-Backup-413159306", "links": [{"rel": "self", "href": "http://192.168.79.45/volume/v3/89250c142b1f4c2ea21bc7921fd8733d/backups/306363d8-bc34-4df7-a96c-5372e8d21003"}, {"rel": "bookmark", "href": "http://192.168.79.45/volume/89250c142b1f4c2ea21bc7921fd8733d/backups/306363d8-bc34-4df7-a96c-5372e8d21003"}]}}'
2022-04-20 20:33:31,799 134949 INFO     [tempest.lib.common.rest_client] Request (VolumesBackupsV39Test:test_update_backup): 200 GET http://192.168.79.45/volume/v3/89250c142b1f4c2ea21bc7921fd8733d/backups/306363d8-bc34-4df7-a96c-5372e8d21003 0.026s
2022-04-20 20:33:31,799 134949 DEBUG    [tempest.lib.common.rest_client] Request - Headers: {'Content-Type': 'application/json', 'Accept': 'application/json', 'Openstack-Api-Version': 'volume 3.9', 'X-Auth-Token': '<omitted>'}
        Body: None
    Response - Headers: {'date': 'Wed, 20 Apr 2022 20:33:31 GMT', 'server': 'Apache/2.4.41 (Ubuntu)', 'content-type': 'application/json', 'x-compute-request-id': 'req-faaf9e81-0411-4dc7-8386-dfac37871a72', 'content-length': '809', '
    openstack-api-version': 'volume 3.9', 'vary': 'OpenStack-API-Version', 'x-openstack-request-id': 'req-faaf9e81-0411-4dc7-8386-dfac37871a72', 'connection': 'close', 'status': '200', 'content-location': 'http://192.168.79.45/volume/v3/89250c142b1f4c2ea21bc7921fd8733d/backups/306363d8-bc34-4df7-a96c-5372e8d21003'}
        Body: b'{"backup": {"id": "306363d8-bc34-4df7-a96c-5372e8d21003", "status": "creating", "size": 1, "object_count": 0, "availability_zone": null, "container": null, "created_at": "2022-04-20T20:33:32.000000", "updated_at": "2022-04-20T20:33:32.000000", "name": "tempest-VolumesBackupsV39Test-Backup-413159306", "description": null, "fail_reason": null, "volume_id": "de6fc2cb-2146-4cc8-ba98-9e7f01d76b3c", "links": [{"rel": "self", "href": "http://192.168.79.45/volume/v3/89250c142b1f4c2ea21bc7921fd8733d/backups/306363d8-bc34-4df7-a96c-5372e8d21003"}, {"rel": "bookmark", "href": "http://192.168.79.45/volume/89250c142b1f4c2ea21bc7921fd8733d/backups/306363d8-bc34-4df7-a96c-5372e8d21003"}], "is_incremental": false, "has_dependent_backups": false, "snapshot_id": null, "data_timestamp": "2022-04-20T20:33:32.000000"}}'
2022-04-20 20:33:32,832 134949 INFO     [tempest.lib.common.rest_client] Request (VolumesBackupsV39Test:test_update_backup): 200 GET http://192.168.79.45/volume/v3/89250c142b1f4c2ea21bc7921fd8733d/backups/306363d8-bc34-4df7-a96c-5372e8d21003 0.029s
2022-04-20 20:33:32,833 134949 DEBUG    [tempest.lib.common.rest_client] Request - Headers: {'Content-Type': 'application/json', 'Accept': 'application/json', 'Openstack-Api-Version': 'volume 3.9', 'X-Auth-Token': '<omitted>'}
        Body: None
    Response - Headers: {'date': 'Wed, 20 Apr 2022 20:33:32 GMT', 'server': 'Apache/2.4.41 (Ubuntu)', 'content-type': 'application/json', 'x-compute-request-id': 'req-a45a715d-ee20-4fb1-aa4b-43477d32a4a7', 'content-length': '809', 'openstack-api-version': 'volume 3.9', 'vary': 'OpenStack-API-Version', 'x-openstack-request-id': 'req-a45a715d-ee20-4fb1-aa4b-43477d32a4a7', 'connection': 'close', 'status': '200', 'content-location': 'http://192.168.79.45/volume/v3/89250c142b1f4c2ea21bc7921fd8733d/backups/306363d8-bc34-4df7-a96c-5372e8d21003'}
        Body: b'{"backup": {"id": "306363d8-bc34-4df7-a96c-5372e8d21003", "status": "creating", "size": 1, "object_count": 0, "availability_zone": null, "container": null, "created_at": "2022-04-20T20:33:32.000000", "updated_at": "2022-04-20T20:33:32.000000", "name": "tempest-VolumesBackupsV39Test-Backup-413159306", "description": null, "fail_reason": null, "volume_id": "de6fc2cb-2146-4cc8-ba98-9e7f01d76b3c", "links": [{"rel": "self", "href": "http://192.168.79.45/volume/v3/89250c142b1f4c2ea21bc7921fd8733d/backups/306363d8-bc34-4df7-a96c-5372e8d21003"}, {"rel": "bookmark", "href": "http://192.168.79.45/volume/89250c142b1f4c2ea21bc7921fd8733d/backups/306363d8-bc34-4df7-a96c-5372e8d21003"}], "is_incremental": false, "has_dependent_backups": false, "snapshot_id": null, "data_timestamp": "2022-04-20T20:33:32.000000"}}'
2022-04-20 20:33:33,863 134949 INFO     [tempest.lib.common.rest_client] Request (VolumesBackupsV39Test:test_update_backup): 200 GET http://192.168.79.45/volume/v3/89250c142b1f4c2ea21bc7921fd8733d/backups/306363d8-bc34-4df7-a96c-5372e8d21003 0.025s
2022-04-20 20:33:33,863 134949 DEBUG    [tempest.lib.common.rest_client] Request - Headers: {'Content-Type': 'application/json', 'Accept': 'application/json', 'Openstack-Api-Version': 'volume 3.9', 'X-Auth-Token': '<omitted>'}
        Body: None
    Response - Headers: {'date': 'Wed, 20 Apr 2022 20:33:33 GMT', 'server': 'Apache/2.4.41 (Ubuntu)', 'content-type': 'application/json', 'x-compute-request-id': 'req-714d725a-7e4f-4c2c-8d83-267053acab5a', 'content-length': '809', 'openstack-api-version': 'volume 3.9', 'vary': 'OpenStack-API-Version', 'x-openstack-request-id': 'req-714d725a-7e4f-4c2c-8d83-267053acab5a', 'connection': 'close', 'status': '200', 'content-location': 'http://192.168.79.45/volume/v3/89250c142b1f4c2ea21bc7921fd8733d/backups/306363d8-bc34-4df7-a96c-5372e8d21003'}
        Body: b'{"backup": {"id": "306363d8-bc34-
    4df7-a96c-5372e8d21003", "status": "creating", "size": 1, "object_count": 0, "availability_zone": null, "container": null, "created_at": "2022-04-20T20:33:32.000000", "updated_at": "2022-04-20T20:33:32.000000", "name": "tempest-VolumesBackupsV39Test-Backup-413159306", "description": null, "fail_reason": null, "volume_id": "de6fc2cb-2146-4cc8-ba98-9e7f01d76b3c", "links": [{"rel": "self", "href": "http://192.168.79.45/volume/v3/89250c142b1f4c2ea21bc7921fd8733d/backups/306363d8-bc34-4df7-a96c-5372e8d21003"}, {"rel": "bookmark", "href": "http://192.168.79.45/volume/89250c142b1f4c2ea21bc7921fd8733d/backups/306363d8-bc34-4df7-a96c-5372e8d21003"}], "is_incremental": false, "has_dependent_backups": false, "snapshot_id": null, "data_timestamp": "2022-04-20T20:33:32.000000"}}'
2022-04-20 20:33:34,896 134949 INFO     [tempest.lib.common.rest_client] Request (VolumesBackupsV39Test:test_update_backup): 200 GET http://192.168.79.45/volume/v3/89250c142b1f4c2ea21bc7921fd8733d/backups/306363d8-bc34-4df7-a96c-5372e8d21003 0.027s
2022-04-20 20:33:34,896 134949 DEBUG    [tempest.lib.common.rest_client] Request - Headers: {'Content-Type': 'application/json', 'Accept': 'application/json', 'Openstack-Api-Version': 'volume 3.9', 'X-Auth-Token': '<omitted>'}
        Body: None
    Response - Headers: {'date': 'Wed, 20 Apr 2022 20:33:34 GMT', 'server': 'Apache/2.4.41 (Ubuntu)', 'content-type': 'application/json', 'x-compute-request-id': 'req-724a4faf-81f1-4f98-92dd-7a89f2bea78d', 'content-length': '842', 'openstack-api-version': 'volume 3.9', 'vary': 'OpenStack-API-Version', 'x-openstack-request-id': 'req-724a4faf-81f1-4f98-92dd-7a89f2bea78d', 'connection': 'close', 'status': '200', 'content-location': 'http://192.168.79.45/volume/v3/89250c142b1f4c2ea21bc7921fd8733d/backups/306363d8-bc34-4df7-a96c-5372e8d21003'}
        Body: b'{"backup": {"id": "306363d8-bc34-4df7-a96c-5372e8d21003", "status": "error", "size": 1, "object_count": 0, "availability_zone": null, "container": null, "created_at": "2022-04-20T20:33:32.000000", "updated_at": "2022-04-20T20:33:34.000000", "name": "tempest-VolumesBackupsV39Test-Backup-413159306", "description": null, "fail_reason": "\'NoneType\' object is not subscriptable", "volume_id": "de6fc2cb-2146-4cc8-ba98-9e7f01d76b3c", "links": [{"rel": "self", "href": "http://192.168.79.45/volume/v3/89250c142b1f4c2ea21bc7921fd8733d/backups/306363d8-bc34-4df7-a96c-5372e8d21003"}, {"rel": "bookmark", "href": "http://192.168.79.45/volume/89250c142b1f4c2ea21bc7921fd8733d/backups/306363d8-bc34-4df7-a96c-5372e8d21003"}], "is_incremental": false, "has_dependent_backups": false, "snapshot_id": null, "data_timestamp": "2022-04-20T20:33:32.000000"}}'
2022-04-20 20:33:35,016 134949 INFO     [tempest.lib.common.rest_client] Request (VolumesBackupsV39Test:_run_cleanups): 202 DELETE http://192.168.79.45/volume/v3/89250c142b1f4c2ea21bc7921fd8733d/backups/306363d8-bc34-4df7-a96c-5372e8d21003 0.048s
2022-04-20 20:33:35,017 134949 DEBUG    [tempest.lib.common.rest_client] Request - Headers: {'Content-Type': 'application/json', 'Accept': 'application/json', 'Openstack-Api-Version': 'volume 3.9', 'X-Auth-Token': '<omitted>'}
        Body: None
    Response - Headers: {'date': 'Wed, 20 Apr 2022 20:33:34 GMT', 'server': 'Apache/2.4.41 (Ubuntu)', 'x-compute-request-id': 'req-2c0ab88e-5b0b-4e5a-9ad4-3b7f0b46af89', 'content-length': '0', 'content-type': 'application/json', 'openstack-api-version': 'volume 3.9', 'vary': 'OpenStack-API-Version', 'x-openstack-request-id': 'req-2c0ab88e-5b0b-4e5a-9ad4-3b7f0b46af89', 'connection': 'close', 'status': '202', 'content-location': 'http://192.168.79.45/volume/v3/89250c142b1f4c2ea21bc7921fd8733d/backups/306363d8-bc34-4df7-a96c-5372e8d21003'}
        Body: b''
2022-04-20 20:33:35,041 134949 INFO     [tempest.lib.common.rest_client] Request (VolumesBackupsV39Test:_run_cleanups): 200 GET http://192.168.79.45/volume/v3/89250c142b1f4c2ea21bc7921fd8733d/backups/306363d8-bc34-4df7-a96c-5372e8d21003 0.023s
2022-04-20 20:33:35,041 134949 DEBUG    [tempest.lib.common.rest_client] Request - Headers: {'Content-Type': 'applicat
    ion/json', 'Accept': 'application/json', 'Openstack-Api-Version': 'volume 3.9', 'X-Auth-Token': '<omitted>'}
        Body: None
    Response - Headers: {'date': 'Wed, 20 Apr 2022 20:33:35 GMT', 'server': 'Apache/2.4.41 (Ubuntu)', 'content-type': 'application/json', 'x-compute-request-id': 'req-eeb759b2-3521-45c6-8003-049e6e31d22f', 'content-length': '845', 'openstack-api-version': 'volume 3.9', 'vary': 'OpenStack-API-Version', 'x-openstack-request-id': 'req-eeb759b2-3521-45c6-8003-049e6e31d22f', 'connection': 'close', 'status': '200', 'content-location': 'http://192.168.79.45/volume/v3/89250c142b1f4c2ea21bc7921fd8733d/backups/306363d8-bc34-4df7-a96c-5372e8d21003'}
        Body: b'{"backup": {"id": "306363d8-bc34-4df7-a96c-5372e8d21003", "status": "deleting", "size": 1, "object_count": 0, "availability_zone": null, "container": null, "created_at": "2022-04-20T20:33:32.000000", "updated_at": "2022-04-20T20:33:35.000000", "name": "tempest-VolumesBackupsV39Test-Backup-413159306", "description": null, "fail_reason": "\'NoneType\' object is not subscriptable", "volume_id": "de6fc2cb-2146-4cc8-ba98-9e7f01d76b3c", "links": [{"rel": "self", "href": "http://192.168.79.45/volume/v3/89250c142b1f4c2ea21bc7921fd8733d/backups/306363d8-bc34-4df7-a96c-5372e8d21003"}, {"rel": "bookmark", "href": "http://192.168.79.45/volume/89250c142b1f4c2ea21bc7921fd8733d/backups/306363d8-bc34-4df7-a96c-5372e8d21003"}], "is_incremental": false, "has_dependent_backups": false, "snapshot_id": null, "data_timestamp": "2022-04-20T20:33:32.000000"}}'
2022-04-20 20:33:36,069 134949 INFO     [tempest.lib.common.rest_client] Request (VolumesBackupsV39Test:_run_cleanups): 404 GET http://192.168.79.45/volume/v3/89250c142b1f4c2ea21bc7921fd8733d/backups/306363d8-bc34-4df7-a96c-5372e8d21003 0.024s
2022-04-20 20:33:36,070 134949 DEBUG    [tempest.lib.common.rest_client] Request - Headers: {'Content-Type': 'application/json', 'Accept': 'application/json', 'Openstack-Api-Version': 'volume 3.9', 'X-Auth-Token': '<omitted>'}
        Body: None
    Response - Headers: {'date': 'Wed, 20 Apr 2022 20:33:36 GMT', 'server': 'Apache/2.4.41 (Ubuntu)', 'openstack-api-version': 'volume 3.9', 'vary': 'OpenStack-API-Version', 'content-length': '109', 'content-type': 'application/json', 'x-compute-request-id': 'req-46f606b6-9dc3-424d-9dc8-c1e9625a0967', 'x-openstack-request-id': 'req-46f606b6-9dc3-424d-9dc8-c1e9625a0967', 'connection': 'close', 'status': '404', 'content-location': 'http://192.168.79.45/volume/v3/89250c142b1f4c2ea21bc7921fd8733d/backups/306363d8-bc34-4df7-a96c-5372e8d21003'}
        Body: b'{"itemNotFound": {"code": 404, "message": "Backup 306363d8-bc34-4df7-a96c-5372e8d21003 could not be found."}}'

{0} tempest.api.volume.test_volumes_clone.VolumesCloneTest.test_create_from_bootable_volume [16.640319s] ... ok
{0} tempest.api.volume.test_volumes_clone.VolumesCloneTest.test_create_from_volume [2.859722s] ... ok
{0} tempest.api.volume.test_volumes_clone_negative.VolumesCloneNegativeTest.test_create_from_volume_decreasing_size [1.457511s] ... ok
{0} tempest.api.volume.test_volumes_extend.VolumesExtendAttachedTest.test_extend_attached_volume [25.524254s] ... ok
{0} tempest.api.volume.test_volumes_extend.VolumesExtendTest.test_volume_extend [15.401266s] ... ok
{0} tempest.api.volume.test_volumes_extend.VolumesExtendTest.test_volume_extend_when_volume_has_snapshot [3.797868s] ... ok
{0} tempest.api.volume.test_volumes_get.VolumesGetTest.test_volume_create_get_update_delete [5.314806s] ... ok
{0} tempest.api.volume.test_volumes_get.VolumesGetTest.test_volume_create_get_update_delete_as_clone [6.477605s] ... ok
{0} tempest.api.volume.test_volumes_get.VolumesGetTest.test_volume_create_get_update_delete_from_image [17.942400s] ... ok
{0} tempest.api.volume.test_volumes_get.VolumesSummaryTest.test_show_volume_summary [0.108378s] ... ok
{0} tempest.api.volume.test_volumes_list.VolumesListTestJSON.test_volume_list [0.057345s] ... ok
{0} tempest.api.volume.test_volumes_list.VolumesListTestJSON.test_volume_list_by_name [0.048006s] ... ok
{0} tempest.api.volume.test_volumes_list.VolumesListTestJSON.test_volume_list_details_by_name [0.058835s] ... ok
{0} tempest.api.volume.test_volumes_list.VolumesListTestJSON.test_volume_list_details_pagination [0.266625s] ... ok
{0} tempest.api.volume.test_volumes_list.VolumesListTestJSON.test_volume_list_details_with_multiple_params [0.124807s] ... ok
{0} tempest.api.volume.test_volumes_list.VolumesListTestJSON.test_volume_list_pagination [0.234539s] ... ok
{0} tempest.api.volume.test_volumes_list.VolumesListTestJSON.test_volume_list_param_display_name_and_status [0.052920s] ... ok
{0} tempest.api.volume.test_volumes_list.VolumesListTestJSON.test_volume_list_with_detail_param_display_name_and_status [0.064180s] ... ok
{0} tempest.api.volume.test_volumes_list.VolumesListTestJSON.test_volume_list_with_detail_param_marker [0.063093s] ... ok
{0} tempest.api.volume.test_volumes_list.VolumesListTestJSON.test_volume_list_with_detail_param_metadata [0.068339s] ... ok
{0} tempest.api.volume.test_volumes_list.VolumesListTestJSON.test_volume_list_with_details [0.064482s] ... ok
{0} tempest.api.volume.test_volumes_list.VolumesListTestJSON.test_volume_list_with_param_metadata [0.057704s] ... ok
{0} tempest.api.volume.test_volumes_list.VolumesListTestJSON.test_volumes_list_by_availability_zone [0.103323s] ... ok
{0} tempest.api.volume.test_volumes_list.VolumesListTestJSON.test_volumes_list_by_bootable [0.104360s] ... ok
{0} tempest.api.volume.test_volumes_list.VolumesListTestJSON.test_volumes_list_by_status [0.095126s] ... ok
{0} tempest.api.volume.test_volumes_list.VolumesListTestJSON.test_volumes_list_details_by_availability_zone [0.065707s] ... ok
{0} tempest.api.volume.test_volumes_list.VolumesListTestJSON.test_volumes_list_details_by_bootable [0.066605s] ... ok
{0} tempest.api.volume.test_volumes_list.VolumesListTestJSON.test_volumes_list_details_by_status [0.066268s] ... ok
{0} tempest.api.volume.test_volumes_negative.VolumesNegativeTest.test_attach_volumes_with_nonexistent_volume_id [8.682310s] ... ok
{0} tempest.api.volume.test_volumes_negative.VolumesNegativeTest.test_create_volume_from_deactivated_image [2.652981s] ... ok
{0} tempest.api.volume.test_volumes_negative.VolumesNegativeTest.test_create_volume_from_image_with_decreasing_size [2.127761s] ... ok
{0} tempest.api.volume.test_volumes_negative.VolumesNegativeTest.test_create_volume_with_invalid_size [0.014609s] ... ok
{0} tempest.api.volume.test_volumes_negative.VolumesNegativeTest.test_create_volume_with_nonexistent_snapshot_id [0.023355s] ... ok
{0} tempest.api.volume.test_volumes_negative.VolumesNegativeTest.test_create_volume_with_nonexistent_source_volid [0.023795s] ... ok
{0} tempest.api.volume.test_volumes_negative.VolumesNegativeTest.test_create_volume_with_nonexistent_volume_type [0.018669s] ... ok
{0} tempest.api.volume.test_volumes_negative.VolumesNegativeTest.test_create_volume_with_size_negative [0.012026s] ... ok
{0} tempest.api.volume.test_volumes_negative.VolumesNegativeTest.test_create_volume_with_size_zero [0.011172s] ... ok
{0} tempest.api.volume.test_volumes_negative.VolumesNegativeTest.test_create_volume_without_passing_size [0.010638s] ... ok
{0} tempest.api.volume.test_volumes_negative.VolumesNegativeTest.test_delete_invalid_volume_id [0.018693s] ... ok
{0} tempest.api.volume.test_volumes_negative.VolumesNegativeTest.test_delete_volume_without_passing_volume_id [0.009766s] ... ok
{0} tempest.api.volume.test_volumes_negative.VolumesNegativeTest.test_detach_volumes_with_invalid_volume_id [0.019104s] ... ok
{0} tempest.api.volume.test_volumes_negative.VolumesNegativeTest.test_get_invalid_volume_id [0.020974s] ... ok
{0} tempest.api.volume.test_volumes_negative.VolumesNegativeTest.test_get_volume_without_passing_volume_id [0.009505s] ... ok
{0} tempest.api.volume.test_volumes_negative.VolumesNegativeTest.test_list_volumes_detail_with_invalid_status [0.068185s] ... ok
{0} tempest.api.volume.test_volumes_negative.VolumesNegativeTest.test_list_volumes_detail_with_nonexistent_name [0.089362s] ... ok
{0} tempest.api.volume.test_volumes_negative.VolumesNegativeTest.test_list_volumes_with_invalid_status [0.047460s] ... ok
{0} tempest.api.volume.test_volumes_negative.VolumesNegativeTest.test_list_volumes_with_nonexistent_name [0.047775s] ... ok
{0} tempest.api.volume.test_volumes_negative.VolumesNegativeTest.test_reserve_volume_with_negative_volume_status [0.136997s] ... ok
{0} tempest.api.volume.test_volumes_negative.VolumesNegativeTest.test_reserve_volume_with_nonexistent_volume_id [0.026736s] ... ok
{0} tempest.api.volume.test_volumes_negative.VolumesNegativeTest.test_unreserve_volume_with_nonexistent_volume_id [0.023699s] ... ok
{0} tempest.api.volume.test_volumes_negative.VolumesNegativeTest.test_update_volume_with_empty_volume_id [0.011424s] ... ok
{0} tempest.api.volume.test_volumes_negative.VolumesNegativeTest.test_update_volume_with_invalid_volume_id [0.028397s] ... ok
{0} tempest.api.volume.test_volumes_negative.VolumesNegativeTest.test_update_volume_with_nonexistent_volume_id [0.021913s] ... ok
{0} tempest.api.volume.test_volumes_negative.VolumesNegativeTest.test_volume_delete_nonexistent_volume_id [0.019923s] ... ok
{0} tempest.api.volume.test_volumes_negative.VolumesNegativeTest.test_volume_extend_with_None_size [0.011094s] ... ok
{0} tempest.api.volume.test_volumes_negative.VolumesNegativeTest.test_volume_extend_with_non_number_size [0.010288s] ... ok
{0} tempest.api.volume.test_volumes_negative.VolumesNegativeTest.test_volume_extend_with_nonexistent_volume_id [0.024301s] ... ok
{0} tempest.api.volume.test_volumes_negative.VolumesNegativeTest.test_volume_extend_with_size_smaller_than_original_size [0.011526s] ... ok
{0} tempest.api.volume.test_volumes_negative.VolumesNegativeTest.test_volume_extend_without_passing_volume_id [0.022371s] ... ok
{0} tempest.api.volume.test_volumes_negative.VolumesNegativeTest.test_volume_get_nonexistent_volume_id [0.019990s] ... ok
{0} tempest.api.volume.test_volumes_snapshots.VolumesSnapshotTestJSON.test_snapshot_backup [37.522551s] ... ok
{0} tempest.api.volume.test_volumes_snapshots.VolumesSnapshotTestJSON.test_snapshot_create_delete_with_volume_in_use [39.304324s] ... ok
{0} tempest.api.volume.test_volumes_snapshots.VolumesSnapshotTestJSON.test_snapshot_create_get_list_update_delete [2.406327s] ... ok
{0} tempest.api.volume.test_volumes_snapshots.VolumesSnapshotTestJSON.test_snapshot_create_offline_delete_online [24.804585s] ... ok
{0} tempest.api.volume.test_volumes_snapshots.VolumesSnapshotTestJSON.test_volume_from_snapshot [7.406872s] ... ok
{0} tempest.api.volume.test_volumes_snapshots.VolumesSnapshotTestJSON.test_volume_from_snapshot_no_size [5.162342s] ... ok
{0} tempest.api.volume.test_volumes_snapshots_list.VolumesSnapshotListTestJSON.test_snapshot_list_param_limit [0.028740s] ... ok
{0} tempest.api.volume.test_volumes_snapshots_list.VolumesSnapshotListTestJSON.test_snapshot_list_param_limit_equals_infinite [0.044944s] ... ok
{0} tempest.api.volume.test_volumes_snapshots_list.VolumesSnapshotListTestJSON.test_snapshot_list_param_limit_equals_zero [0.017184s] ... ok
{0} tempest.api.volume.test_volumes_snapshots_list.VolumesSnapshotListTestJSON.test_snapshot_list_param_marker [0.054106s] ... ok
{0} tempest.api.volume.test_volumes_snapshots_list.VolumesSnapshotListTestJSON.test_snapshot_list_param_offset [0.029191s] ... ok
{0} tempest.api.volume.test_volumes_snapshots_list.VolumesSnapshotListTestJSON.test_snapshot_list_param_sort_created_at_asc [0.032978s] ... ok
{0} tempest.api.volume.test_volumes_snapshots_list.VolumesSnapshotListTestJSON.test_snapshot_list_param_sort_created_at_desc [0.022633s] ... ok
{0} tempest.api.volume.test_volumes_snapshots_list.VolumesSnapshotListTestJSON.test_snapshot_list_param_sort_id_asc [0.026673s] ... ok
{0} tempest.api.volume.test_volumes_snapshots_list.VolumesSnapshotListTestJSON.test_snapshot_list_param_sort_id_desc [0.028227s] ... ok
{0} tempest.api.volume.test_volumes_snapshots_list.VolumesSnapshotListTestJSON.test_snapshot_list_param_sort_name_asc [0.025133s] ... ok
{0} tempest.api.volume.test_volumes_snapshots_list.VolumesSnapshotListTestJSON.test_snapshot_list_param_sort_name_desc [0.022379s] ... ok
{0} tempest.api.volume.test_volumes_snapshots_list.VolumesSnapshotListTestJSON.test_snapshots_list_details_with_params [0.072748s] ... ok
{0} tempest.api.volume.test_volumes_snapshots_list.VolumesSnapshotListTestJSON.test_snapshots_list_with_params [0.083587s] ... ok
{0} tempest.api.volume.test_volumes_snapshots_negative.VolumesSnapshotNegativeTestJSON.test_create_snapshot_with_nonexistent_volume_id [0.095142s] ... ok
{0} tempest.api.volume.test_volumes_snapshots_negative.VolumesSnapshotNegativeTestJSON.test_create_snapshot_without_passing_volume_id [0.040755s] ... ok
{0} tempest.api.volume.test_volumes_snapshots_negative.VolumesSnapshotNegativeTestJSON.test_list_snapshot_invalid_param_limit [0.011177s] ... ok
{0} tempest.api.volume.test_volumes_snapshots_negative.VolumesSnapshotNegativeTestJSON.test_list_snapshots_invalid_param_marker [0.018067s] ... ok
{0} tempest.api.volume.test_volumes_snapshots_negative.VolumesSnapshotNegativeTestJSON.test_list_snapshots_invalid_param_sort [0.012210s] ... ok
{0} tempest.api.volume.test_volumes_snapshots_negative.VolumesSnapshotNegativeTestJSON.test_volume_from_snapshot_decreasing_size [3.007298s] ... ok
{0} tempest.scenario.test_encrypted_cinder_volumes.TestEncryptedCinderVolumes.test_encrypted_cinder_volumes_cryptsetup [22.440842s] ... ok
{0} tempest.scenario.test_encrypted_cinder_volumes.TestEncryptedCinderVolumes.test_encrypted_cinder_volumes_luks [28.440058s] ... ok
{0} tempest.scenario.test_shelve_instance.TestShelveInstance.test_shelve_volume_backed_instance ... SKIPPED: The public_network_id option must be specified.
{0} tempest.scenario.test_stamp_pattern.TestStampPattern.test_stamp_pattern ... SKIPPED: The public_network_id option must be specified.
{0} tempest.scenario.test_volume_boot_pattern.TestVolumeBootPattern.test_boot_server_from_encrypted_volume_luks [24.132806s] ... ok
{0} tempest.scenario.test_volume_boot_pattern.TestVolumeBootPattern.test_create_server_from_volume_snapshot [36.436530s] ... ok
{0} tempest.scenario.test_volume_boot_pattern.TestVolumeBootPattern.test_image_defined_boot_from_volume [47.770714s] ... ok
{0} tempest.scenario.test_volume_boot_pattern.TestVolumeBootPattern.test_volume_boot_pattern ... SKIPPED: The public_network_id option must be specified.

==============================
Failed 1 tests - output below:
==============================

tempest.api.volume.test_volumes_backup.VolumesBackupsV39Test.test_update_backup[id-9b374cbc-be5f-4d37-8848-7efb8a873dcc]
------------------------------------------------------------------------------------------------------------------------

Captured traceback:
~~~~~~~~~~~~~~~~~~~
    Traceback (most recent call last):

      File "/opt/stack/tempest/tempest/api/volume/test_volumes_backup.py", line 181, in test_update_backup
    backup = self.create_backup(volume_id=volume['id'])

      File "/opt/stack/tempest/tempest/api/volume/base.py", line 164, in create_backup
    waiters.wait_for_volume_resource_status(backup_client, backup['id'],

      File "/opt/stack/tempest/tempest/common/waiters.py", line 305, in wait_for_volume_resource_status
    raise exceptions.VolumeResourceBuildErrorException(

    tempest.exceptions.VolumeResourceBuildErrorException: backup 306363d8-bc34-4df7-a96c-5372e8d21003 failed to build and is in ERROR status


Captured pythonlogging:
~~~~~~~~~~~~~~~~~~~~~~~
    2022-04-20 20:33:30,511 134949 INFO     [tempest.lib.common.rest_client] Request (VolumesBackupsV39Test:test_update_backup): 202 POST http://192.168.79.45/volume/v3/89250c142b1f4c2ea21bc7921fd8733d/volumes 0.367s
2022-04-20 20:33:30,511 134949 DEBUG    [tempest.lib.common.rest_client] Request - Headers: {'Content-Type': 'application/json', 'Accept': 'application/json', 'Openstack-Api-Version': 'volume 3.9', 'X-Auth-Token': '<omitted>'}
        Body: {"volume": {"size": 1, "name": "tempest-VolumesBackupsV39Test-Volume-1746003328"}}
    Response - Headers: {'date': 'Wed, 20 Apr 2022 20:33:30 GMT', 'server': 'Apache/2.4.41 (Ubuntu)', 'content-type': 'application/json', 'x-compute-request-id': 'req-f57d3516-3689-4fcd-8aef-30961658b824', 'content-length': '819', 'openstack-api-version': 'volume 3.9', 'vary': 'OpenStack-API-Version', 'x-openstack-request-id': 'req-f57d3516-3689-4fcd-8aef-30961658b824', 'connection': 'close', 'status': '202', 'content-location': 'http://192.168.79.45/volume/v3/89250c142b1f4c2ea21bc7921fd8733d/volumes'}
        Body: b'{"volume": {"id": "de6fc2cb-2146-4cc8-ba98-9e7f01d76b3c", "status": "creating", "size": 1, "availability_zone": "nova", "created_at": "2022-04-20T20:33:30.436112", "updated_at": null, "name": "tempest-VolumesBackupsV39Test-Volume-1746003328", "description": null, "volume_type": "3par1", "snapshot_id": null, "source_volid": null, "metadata": {}, "links": [{"rel": "self", "href": "http://192.168.79.45/volume/v3/89250c142b1f4c2ea21bc7921fd8733d/volumes/de6fc2cb-2146-4cc8-ba98-9e7f01d76b3c"}, {"rel": "bookmark", "href": "http://192.168.79.45/volume/89250c142b1f4c2ea21bc7921fd8733d/volumes/de6fc2cb-2146-4cc8-ba98-9e7f01d76b3c"}], "user_id": "6260c1309dd84ab3819ad9af6ed49e53", "bootable": "false", "encrypted": false, "replication_status": null, "consistencygroup_id": null, "multiattach": false, "attachments": []}}'
2022-04-20 20:33:30,582 134949 INFO     [tempest.lib.common.rest_client] Request (VolumesBackupsV39Test:test_update_backup): 200 GET http://192.168.79.45/volume/v3/89250c142b1f4c2ea21bc7921fd8733d/volumes/de6fc2cb-2146-4cc8-ba98-9e7f01d76b3c 0.063s
2022-04-20 20:33:30,582 134949 DEBUG    [tempest.lib.common.rest_client] Request - Headers: {'Content-Type': 'application/json', 'Accept': 'application/json', 'Openstack-Api-Version': 'volume 3.9', 'X-Auth-Token': '<omitted>'}
        Body: None
    Response - Headers: {'date': 'Wed, 20 Apr 2022 20:33:30 GMT', 'server': 'Apache/2.4.41 (Ubuntu)', 'content-type': 'application/json', 'x-compute-request-id': 'req-15a62f8b-355e-4c1d-b75a-db119a11dccb', 'content-length': '887', 'openstack-api-version': 'volume 3.9', 'vary': 'OpenStack-API-Version', 'x-openstack-request-id': 'req-15a62f8b-355e-4c1d-b75a-db119a11dccb', 'connection': 'close', 'status': '200', 'content-location': 'http://192.168.79.45/volume/v3/89250c142b1f4c2ea21bc7921fd8733d/volumes/de6fc2cb-2146-4cc8-ba98-9e7f01d76b3c'}
        Body: b'{"volume": {"id": "de6fc2cb-2146-4cc8-ba98-9e7f01d76b3c", "status": "creating", "size": 1, "availability_zone": "nova", "created_at": "2022-04-20T20:33:30.000000", "updated_at": null, "name": "tempest-VolumesBackupsV39Test-Volume-1746003328", "description": null, "volume_type": "3par1", "snapshot_id": null, "source_volid": null, "metadata": {}, "links": [{"rel": "self", "href": "http://192.168.79.45/volume/v3/89250c142b1f4c2ea21bc7921fd8733d/volumes/de6fc2cb-2146-4cc8-ba98-9e7f01d76b3c"}, {"rel": "bookmark", "href": "http://192.168.79.45/volume/89250c142b1f4c2ea21bc7921fd8733d/volumes/de6fc2cb-2146-4cc8-ba98-9e7f01d76b3c"}], "user_id": "6260c1309dd84ab3819ad9af6ed49e53", "bootable": "false", "encrypted": false, "replication_status": null, "consistencygroup_id": null, "multiattach": false, "attachments": [], "os-vol-tenant-attr:tenant_id": "89250c142b1f4c2ea21bc7921fd8733d"}}'
2022-04-20 20:33:31,628 134949 INFO     [tempest.lib.common.rest_client] Request (VolumesBackupsV39Test:test_update_backup): 200 GET http://192.168.79.45/volume/v3/89250c142b1f4c2ea21bc7921fd8733d/volumes/de6fc2cb-2146-4cc8-ba98-9e7f01d76b3c 0.040s
2022-04-20 20:33:31,
    629 134949 DEBUG    [tempest.lib.common.rest_client] Request - Headers: {'Content-Type': 'application/json', 'Accept': 'application/json', 'Openstack-Api-Version': 'volume 3.9', 'X-Auth-Token': '<omitted>'}
        Body: None
    Response - Headers: {'date': 'Wed, 20 Apr 2022 20:33:31 GMT', 'server': 'Apache/2.4.41 (Ubuntu)', 'content-type': 'application/json', 'x-compute-request-id': 'req-9974336f-7a8c-4787-a0ab-300439be47da', 'content-length': '912', 'openstack-api-version': 'volume 3.9', 'vary': 'OpenStack-API-Version', 'x-openstack-request-id': 'req-9974336f-7a8c-4787-a0ab-300439be47da', 'connection': 'close', 'status': '200', 'content-location': 'http://192.168.79.45/volume/v3/89250c142b1f4c2ea21bc7921fd8733d/volumes/de6fc2cb-2146-4cc8-ba98-9e7f01d76b3c'}
        Body: b'{"volume": {"id": "de6fc2cb-2146-4cc8-ba98-9e7f01d76b3c", "status": "available", "size": 1, "availability_zone": "nova", "created_at": "2022-04-20T20:33:30.000000", "updated_at": "2022-04-20T20:33:31.000000", "name": "tempest-VolumesBackupsV39Test-Volume-1746003328", "description": null, "volume_type": "3par1", "snapshot_id": null, "source_volid": null, "metadata": {}, "links": [{"rel": "self", "href": "http://192.168.79.45/volume/v3/89250c142b1f4c2ea21bc7921fd8733d/volumes/de6fc2cb-2146-4cc8-ba98-9e7f01d76b3c"}, {"rel": "bookmark", "href": "http://192.168.79.45/volume/89250c142b1f4c2ea21bc7921fd8733d/volumes/de6fc2cb-2146-4cc8-ba98-9e7f01d76b3c"}], "user_id": "6260c1309dd84ab3819ad9af6ed49e53", "bootable": "false", "encrypted": false, "replication_status": null, "consistencygroup_id": null, "multiattach": false, "attachments": [], "os-vol-tenant-attr:tenant_id": "89250c142b1f4c2ea21bc7921fd8733d"}}'
2022-04-20 20:33:31,634 134949 INFO     [tempest.common.waiters] volume de6fc2cb-2146-4cc8-ba98-9e7f01d76b3c reached available after waiting for 1.634017 seconds
2022-04-20 20:33:31,768 134949 INFO     [tempest.lib.common.rest_client] Request (VolumesBackupsV39Test:test_update_backup): 202 POST http://192.168.79.45/volume/v3/89250c142b1f4c2ea21bc7921fd8733d/backups 0.134s
2022-04-20 20:33:31,769 134949 DEBUG    [tempest.lib.common.rest_client] Request - Headers: {'Content-Type': 'application/json', 'Accept': 'application/json', 'Openstack-Api-Version': 'volume 3.9', 'X-Auth-Token': '<omitted>'}
        Body: {"backup": {"volume_id": "de6fc2cb-2146-4cc8-ba98-9e7f01d76b3c", "name": "tempest-VolumesBackupsV39Test-Backup-413159306"}}
    Response - Headers: {'date': 'Wed, 20 Apr 2022 20:33:31 GMT', 'server': 'Apache/2.4.41 (Ubuntu)', 'content-type': 'application/json', 'x-compute-request-id': 'req-5f868f6d-792f-40e1-bc22-40140a43d300', 'content-length': '402', 'openstack-api-version': 'volume 3.9', 'vary': 'OpenStack-API-Version', 'x-openstack-request-id': 'req-5f868f6d-792f-40e1-bc22-40140a43d300', 'connection': 'close', 'status': '202', 'content-location': 'http://192.168.79.45/volume/v3/89250c142b1f4c2ea21bc7921fd8733d/backups'}
        Body: b'{"backup": {"id": "306363d8-bc34-4df7-a96c-5372e8d21003", "name": "tempest-VolumesBackupsV39Test-Backup-413159306", "links": [{"rel": "self", "href": "http://192.168.79.45/volume/v3/89250c142b1f4c2ea21bc7921fd8733d/backups/306363d8-bc34-4df7-a96c-5372e8d21003"}, {"rel": "bookmark", "href": "http://192.168.79.45/volume/89250c142b1f4c2ea21bc7921fd8733d/backups/306363d8-bc34-4df7-a96c-5372e8d21003"}]}}'
2022-04-20 20:33:31,799 134949 INFO     [tempest.lib.common.rest_client] Request (VolumesBackupsV39Test:test_update_backup): 200 GET http://192.168.79.45/volume/v3/89250c142b1f4c2ea21bc7921fd8733d/backups/306363d8-bc34-4df7-a96c-5372e8d21003 0.026s
2022-04-20 20:33:31,799 134949 DEBUG    [tempest.lib.common.rest_client] Request - Headers: {'Content-Type': 'application/json', 'Accept': 'application/json', 'Openstack-Api-Version': 'volume 3.9', 'X-Auth-Token': '<omitted>'}
        Body: None
    Response - Headers: {'date': 'Wed, 20 Apr 2022 20:33:31 GMT', 'server': 'Apache/2.4.41 (Ubuntu)', 'content-type': 'application/json', 'x-compute-request-id': 'req-faaf9e81-0411-4dc7-8386-dfac37871a72', 'content-length': '809', '
    openstack-api-version': 'volume 3.9', 'vary': 'OpenStack-API-Version', 'x-openstack-request-id': 'req-faaf9e81-0411-4dc7-8386-dfac37871a72', 'connection': 'close', 'status': '200', 'content-location': 'http://192.168.79.45/volume/v3/89250c142b1f4c2ea21bc7921fd8733d/backups/306363d8-bc34-4df7-a96c-5372e8d21003'}
        Body: b'{"backup": {"id": "306363d8-bc34-4df7-a96c-5372e8d21003", "status": "creating", "size": 1, "object_count": 0, "availability_zone": null, "container": null, "created_at": "2022-04-20T20:33:32.000000", "updated_at": "2022-04-20T20:33:32.000000", "name": "tempest-VolumesBackupsV39Test-Backup-413159306", "description": null, "fail_reason": null, "volume_id": "de6fc2cb-2146-4cc8-ba98-9e7f01d76b3c", "links": [{"rel": "self", "href": "http://192.168.79.45/volume/v3/89250c142b1f4c2ea21bc7921fd8733d/backups/306363d8-bc34-4df7-a96c-5372e8d21003"}, {"rel": "bookmark", "href": "http://192.168.79.45/volume/89250c142b1f4c2ea21bc7921fd8733d/backups/306363d8-bc34-4df7-a96c-5372e8d21003"}], "is_incremental": false, "has_dependent_backups": false, "snapshot_id": null, "data_timestamp": "2022-04-20T20:33:32.000000"}}'
2022-04-20 20:33:32,832 134949 INFO     [tempest.lib.common.rest_client] Request (VolumesBackupsV39Test:test_update_backup): 200 GET http://192.168.79.45/volume/v3/89250c142b1f4c2ea21bc7921fd8733d/backups/306363d8-bc34-4df7-a96c-5372e8d21003 0.029s
2022-04-20 20:33:32,833 134949 DEBUG    [tempest.lib.common.rest_client] Request - Headers: {'Content-Type': 'application/json', 'Accept': 'application/json', 'Openstack-Api-Version': 'volume 3.9', 'X-Auth-Token': '<omitted>'}
        Body: None
    Response - Headers: {'date': 'Wed, 20 Apr 2022 20:33:32 GMT', 'server': 'Apache/2.4.41 (Ubuntu)', 'content-type': 'application/json', 'x-compute-request-id': 'req-a45a715d-ee20-4fb1-aa4b-43477d32a4a7', 'content-length': '809', 'openstack-api-version': 'volume 3.9', 'vary': 'OpenStack-API-Version', 'x-openstack-request-id': 'req-a45a715d-ee20-4fb1-aa4b-43477d32a4a7', 'connection': 'close', 'status': '200', 'content-location': 'http://192.168.79.45/volume/v3/89250c142b1f4c2ea21bc7921fd8733d/backups/306363d8-bc34-4df7-a96c-5372e8d21003'}
        Body: b'{"backup": {"id": "306363d8-bc34-4df7-a96c-5372e8d21003", "status": "creating", "size": 1, "object_count": 0, "availability_zone": null, "container": null, "created_at": "2022-04-20T20:33:32.000000", "updated_at": "2022-04-20T20:33:32.000000", "name": "tempest-VolumesBackupsV39Test-Backup-413159306", "description": null, "fail_reason": null, "volume_id": "de6fc2cb-2146-4cc8-ba98-9e7f01d76b3c", "links": [{"rel": "self", "href": "http://192.168.79.45/volume/v3/89250c142b1f4c2ea21bc7921fd8733d/backups/306363d8-bc34-4df7-a96c-5372e8d21003"}, {"rel": "bookmark", "href": "http://192.168.79.45/volume/89250c142b1f4c2ea21bc7921fd8733d/backups/306363d8-bc34-4df7-a96c-5372e8d21003"}], "is_incremental": false, "has_dependent_backups": false, "snapshot_id": null, "data_timestamp": "2022-04-20T20:33:32.000000"}}'
2022-04-20 20:33:33,863 134949 INFO     [tempest.lib.common.rest_client] Request (VolumesBackupsV39Test:test_update_backup): 200 GET http://192.168.79.45/volume/v3/89250c142b1f4c2ea21bc7921fd8733d/backups/306363d8-bc34-4df7-a96c-5372e8d21003 0.025s
2022-04-20 20:33:33,863 134949 DEBUG    [tempest.lib.common.rest_client] Request - Headers: {'Content-Type': 'application/json', 'Accept': 'application/json', 'Openstack-Api-Version': 'volume 3.9', 'X-Auth-Token': '<omitted>'}
        Body: None
    Response - Headers: {'date': 'Wed, 20 Apr 2022 20:33:33 GMT', 'server': 'Apache/2.4.41 (Ubuntu)', 'content-type': 'application/json', 'x-compute-request-id': 'req-714d725a-7e4f-4c2c-8d83-267053acab5a', 'content-length': '809', 'openstack-api-version': 'volume 3.9', 'vary': 'OpenStack-API-Version', 'x-openstack-request-id': 'req-714d725a-7e4f-4c2c-8d83-267053acab5a', 'connection': 'close', 'status': '200', 'content-location': 'http://192.168.79.45/volume/v3/89250c142b1f4c2ea21bc7921fd8733d/backups/306363d8-bc34-4df7-a96c-5372e8d21003'}
        Body: b'{"backup": {"id": "306363d8-bc34-
    4df7-a96c-5372e8d21003", "status": "creating", "size": 1, "object_count": 0, "availability_zone": null, "container": null, "created_at": "2022-04-20T20:33:32.000000", "updated_at": "2022-04-20T20:33:32.000000", "name": "tempest-VolumesBackupsV39Test-Backup-413159306", "description": null, "fail_reason": null, "volume_id": "de6fc2cb-2146-4cc8-ba98-9e7f01d76b3c", "links": [{"rel": "self", "href": "http://192.168.79.45/volume/v3/89250c142b1f4c2ea21bc7921fd8733d/backups/306363d8-bc34-4df7-a96c-5372e8d21003"}, {"rel": "bookmark", "href": "http://192.168.79.45/volume/89250c142b1f4c2ea21bc7921fd8733d/backups/306363d8-bc34-4df7-a96c-5372e8d21003"}], "is_incremental": false, "has_dependent_backups": false, "snapshot_id": null, "data_timestamp": "2022-04-20T20:33:32.000000"}}'
2022-04-20 20:33:34,896 134949 INFO     [tempest.lib.common.rest_client] Request (VolumesBackupsV39Test:test_update_backup): 200 GET http://192.168.79.45/volume/v3/89250c142b1f4c2ea21bc7921fd8733d/backups/306363d8-bc34-4df7-a96c-5372e8d21003 0.027s
2022-04-20 20:33:34,896 134949 DEBUG    [tempest.lib.common.rest_client] Request - Headers: {'Content-Type': 'application/json', 'Accept': 'application/json', 'Openstack-Api-Version': 'volume 3.9', 'X-Auth-Token': '<omitted>'}
        Body: None
    Response - Headers: {'date': 'Wed, 20 Apr 2022 20:33:34 GMT', 'server': 'Apache/2.4.41 (Ubuntu)', 'content-type': 'application/json', 'x-compute-request-id': 'req-724a4faf-81f1-4f98-92dd-7a89f2bea78d', 'content-length': '842', 'openstack-api-version': 'volume 3.9', 'vary': 'OpenStack-API-Version', 'x-openstack-request-id': 'req-724a4faf-81f1-4f98-92dd-7a89f2bea78d', 'connection': 'close', 'status': '200', 'content-location': 'http://192.168.79.45/volume/v3/89250c142b1f4c2ea21bc7921fd8733d/backups/306363d8-bc34-4df7-a96c-5372e8d21003'}
        Body: b'{"backup": {"id": "306363d8-bc34-4df7-a96c-5372e8d21003", "status": "error", "size": 1, "object_count": 0, "availability_zone": null, "container": null, "created_at": "2022-04-20T20:33:32.000000", "updated_at": "2022-04-20T20:33:34.000000", "name": "tempest-VolumesBackupsV39Test-Backup-413159306", "description": null, "fail_reason": "\'NoneType\' object is not subscriptable", "volume_id": "de6fc2cb-2146-4cc8-ba98-9e7f01d76b3c", "links": [{"rel": "self", "href": "http://192.168.79.45/volume/v3/89250c142b1f4c2ea21bc7921fd8733d/backups/306363d8-bc34-4df7-a96c-5372e8d21003"}, {"rel": "bookmark", "href": "http://192.168.79.45/volume/89250c142b1f4c2ea21bc7921fd8733d/backups/306363d8-bc34-4df7-a96c-5372e8d21003"}], "is_incremental": false, "has_dependent_backups": false, "snapshot_id": null, "data_timestamp": "2022-04-20T20:33:32.000000"}}'
2022-04-20 20:33:35,016 134949 INFO     [tempest.lib.common.rest_client] Request (VolumesBackupsV39Test:_run_cleanups): 202 DELETE http://192.168.79.45/volume/v3/89250c142b1f4c2ea21bc7921fd8733d/backups/306363d8-bc34-4df7-a96c-5372e8d21003 0.048s
2022-04-20 20:33:35,017 134949 DEBUG    [tempest.lib.common.rest_client] Request - Headers: {'Content-Type': 'application/json', 'Accept': 'application/json', 'Openstack-Api-Version': 'volume 3.9', 'X-Auth-Token': '<omitted>'}
        Body: None
    Response - Headers: {'date': 'Wed, 20 Apr 2022 20:33:34 GMT', 'server': 'Apache/2.4.41 (Ubuntu)', 'x-compute-request-id': 'req-2c0ab88e-5b0b-4e5a-9ad4-3b7f0b46af89', 'content-length': '0', 'content-type': 'application/json', 'openstack-api-version': 'volume 3.9', 'vary': 'OpenStack-API-Version', 'x-openstack-request-id': 'req-2c0ab88e-5b0b-4e5a-9ad4-3b7f0b46af89', 'connection': 'close', 'status': '202', 'content-location': 'http://192.168.79.45/volume/v3/89250c142b1f4c2ea21bc7921fd8733d/backups/306363d8-bc34-4df7-a96c-5372e8d21003'}
        Body: b''
2022-04-20 20:33:35,041 134949 INFO     [tempest.lib.common.rest_client] Request (VolumesBackupsV39Test:_run_cleanups): 200 GET http://192.168.79.45/volume/v3/89250c142b1f4c2ea21bc7921fd8733d/backups/306363d8-bc34-4df7-a96c-5372e8d21003 0.023s
2022-04-20 20:33:35,041 134949 DEBUG    [tempest.lib.common.rest_client] Request - Headers: {'Content-Type': 'applicat
    ion/json', 'Accept': 'application/json', 'Openstack-Api-Version': 'volume 3.9', 'X-Auth-Token': '<omitted>'}
        Body: None
    Response - Headers: {'date': 'Wed, 20 Apr 2022 20:33:35 GMT', 'server': 'Apache/2.4.41 (Ubuntu)', 'content-type': 'application/json', 'x-compute-request-id': 'req-eeb759b2-3521-45c6-8003-049e6e31d22f', 'content-length': '845', 'openstack-api-version': 'volume 3.9', 'vary': 'OpenStack-API-Version', 'x-openstack-request-id': 'req-eeb759b2-3521-45c6-8003-049e6e31d22f', 'connection': 'close', 'status': '200', 'content-location': 'http://192.168.79.45/volume/v3/89250c142b1f4c2ea21bc7921fd8733d/backups/306363d8-bc34-4df7-a96c-5372e8d21003'}
        Body: b'{"backup": {"id": "306363d8-bc34-4df7-a96c-5372e8d21003", "status": "deleting", "size": 1, "object_count": 0, "availability_zone": null, "container": null, "created_at": "2022-04-20T20:33:32.000000", "updated_at": "2022-04-20T20:33:35.000000", "name": "tempest-VolumesBackupsV39Test-Backup-413159306", "description": null, "fail_reason": "\'NoneType\' object is not subscriptable", "volume_id": "de6fc2cb-2146-4cc8-ba98-9e7f01d76b3c", "links": [{"rel": "self", "href": "http://192.168.79.45/volume/v3/89250c142b1f4c2ea21bc7921fd8733d/backups/306363d8-bc34-4df7-a96c-5372e8d21003"}, {"rel": "bookmark", "href": "http://192.168.79.45/volume/89250c142b1f4c2ea21bc7921fd8733d/backups/306363d8-bc34-4df7-a96c-5372e8d21003"}], "is_incremental": false, "has_dependent_backups": false, "snapshot_id": null, "data_timestamp": "2022-04-20T20:33:32.000000"}}'
2022-04-20 20:33:36,069 134949 INFO     [tempest.lib.common.rest_client] Request (VolumesBackupsV39Test:_run_cleanups): 404 GET http://192.168.79.45/volume/v3/89250c142b1f4c2ea21bc7921fd8733d/backups/306363d8-bc34-4df7-a96c-5372e8d21003 0.024s
2022-04-20 20:33:36,070 134949 DEBUG    [tempest.lib.common.rest_client] Request - Headers: {'Content-Type': 'application/json', 'Accept': 'application/json', 'Openstack-Api-Version': 'volume 3.9', 'X-Auth-Token': '<omitted>'}
        Body: None
    Response - Headers: {'date': 'Wed, 20 Apr 2022 20:33:36 GMT', 'server': 'Apache/2.4.41 (Ubuntu)', 'openstack-api-version': 'volume 3.9', 'vary': 'OpenStack-API-Version', 'content-length': '109', 'content-type': 'application/json', 'x-compute-request-id': 'req-46f606b6-9dc3-424d-9dc8-c1e9625a0967', 'x-openstack-request-id': 'req-46f606b6-9dc3-424d-9dc8-c1e9625a0967', 'connection': 'close', 'status': '404', 'content-location': 'http://192.168.79.45/volume/v3/89250c142b1f4c2ea21bc7921fd8733d/backups/306363d8-bc34-4df7-a96c-5372e8d21003'}
        Body: b'{"itemNotFound": {"code": 404, "message": "Backup 306363d8-bc34-4df7-a96c-5372e8d21003 could not be found."}}'



======
Totals
======
Ran: 245 tests in 1343.5496 sec.
 - Passed: 235
 - Skipped: 9
 - Expected Fail: 0
 - Unexpected Success: 0
 - Failed: 1
Sum of execute time for each test: 950.3861 sec.

==============
Worker Balance
==============
 - Worker 0 (245 tests) => 0:22:23.549645
