{0} setUpClass (tempest.api.compute.admin.test_live_migration.LiveAutoBlockMigrationV225Test) ... SKIPPED: Less than 2 compute nodes, skipping migration test.
{0} setUpClass (tempest.api.compute.admin.test_live_migration.LiveMigrationTest) ... SKIPPED: Less than 2 compute nodes, skipping migration test.
{0} tempest.api.compute.admin.test_volumes_negative.VolumesAdminNegativeTest.test_update_attached_volume_with_nonexistent_volume_in_uri [15.080850s] ... ok
{0} tempest.api.compute.servers.test_delete_server.DeleteServersTestJSON.test_delete_server_while_in_attached_volume [20.839176s] ... ok
{0} setUpClass (tempest.api.compute.servers.test_server_rescue.ServerBootFromVolumeStableRescueTest) ... SKIPPED: Stable rescue not available.
{0} setUpClass (tempest.api.compute.servers.test_server_rescue.ServerStableDeviceRescueTest) ... SKIPPED: Stable rescue not available.
{0} tempest.api.compute.servers.test_server_rescue_negative.ServerRescueNegativeTestJSON.test_rescued_vm_attach_volume [10.402878s] ... ok
{0} tempest.api.compute.servers.test_servers_negative.ServersNegativeTestJSON.test_create_server_from_non_bootable_volume [2.032650s] ... ok
{0} tempest.api.compute.servers.test_servers_negative.ServersNegativeTestJSON.test_create_server_invalid_bdm_in_2nd_dict [1.754811s] ... ok
{0} tempest.api.compute.volumes.test_volume_snapshots.VolumesSnapshotsTestJSON.test_volume_snapshot_create_get_list_delete [5.281220s] ... ok
{0} tempest.api.compute.volumes.test_volumes_get.VolumesGetTestJSON.test_volume_create_get_delete [1.577306s] ... ok
{0} tempest.api.compute.volumes.test_volumes_list.VolumesTestJSON.test_volume_list [0.102914s] ... ok
{0} tempest.api.compute.volumes.test_volumes_list.VolumesTestJSON.test_volume_list_param_limit [0.087982s] ... ok
{0} tempest.api.compute.volumes.test_volumes_list.VolumesTestJSON.test_volume_list_param_offset_and_limit [0.148668s] ... ok
{0} tempest.api.compute.volumes.test_volumes_list.VolumesTestJSON.test_volume_list_with_detail_param_limit [0.070322s] ... ok
{0} tempest.api.compute.volumes.test_volumes_list.VolumesTestJSON.test_volume_list_with_detail_param_offset_and_limit [0.143813s] ... ok
{0} tempest.api.compute.volumes.test_volumes_list.VolumesTestJSON.test_volume_list_with_details [0.080906s] ... ok
{0} tempest.api.compute.volumes.test_volumes_negative.VolumesNegativeTest.test_create_volume_with_invalid_size [0.159238s] ... ok
{0} tempest.api.compute.volumes.test_volumes_negative.VolumesNegativeTest.test_create_volume_with_size_zero [0.022378s] ... ok
{0} tempest.api.compute.volumes.test_volumes_negative.VolumesNegativeTest.test_create_volume_without_passing_size [0.014181s] ... ok
{0} tempest.api.compute.volumes.test_volumes_negative.VolumesNegativeTest.test_delete_invalid_volume_id [0.039518s] ... ok
{0} tempest.api.compute.volumes.test_volumes_negative.VolumesNegativeTest.test_delete_volume_without_passing_volume_id [0.012082s] ... ok
{0} tempest.api.compute.volumes.test_volumes_negative.VolumesNegativeTest.test_get_volume_without_passing_volume_id [0.009162s] ... ok
{0} tempest.api.compute.volumes.test_volumes_negative.VolumesNegativeTest.test_volume_delete_nonexistent_volume_id [0.040382s] ... ok
{0} tempest.api.compute.volumes.test_volumes_negative.VolumesNegativeTest.test_volume_get_nonexistent_volume_id [0.037002s] ... ok
{0} tempest.api.volume.admin.test_backends_capabilities.BackendsCapabilitiesAdminTestsJSON.test_compare_volume_stats_values [0.138494s] ... ok
{0} tempest.api.volume.admin.test_backends_capabilities.BackendsCapabilitiesAdminTestsJSON.test_get_capabilities_backend [0.047056s] ... ok
{0} tempest.api.volume.admin.test_encrypted_volumes_extend.EncryptedVolumesExtendAttachedTest.test_extend_attached_encrypted_volume_luksv1 ... SKIPPED: Attached encrypted volume extend is disabled.
{0} tempest.api.volume.admin.test_encrypted_volumes_extend.EncryptedVolumesExtendAttachedTest.test_extend_attached_encrypted_volume_luksv2 ... SKIPPED: Attached encrypted volume extend is disabled.
{0} tempest.api.volume.admin.test_group_snapshots.GroupSnapshotsTest.test_create_group_from_group_snapshot [10.043940s] ... ok
{0} tempest.api.volume.admin.test_group_snapshots.GroupSnapshotsTest.test_delete_group_snapshots_following_updated_volumes [13.351008s] ... ok
{0} tempest.api.volume.admin.test_group_snapshots.GroupSnapshotsTest.test_group_snapshot_create_show_list_delete [6.560902s] ... ok
{0} tempest.api.volume.admin.test_group_snapshots.GroupSnapshotsV319Test.test_reset_group_snapshot_status [7.282783s] ... ok
{0} tempest.api.volume.admin.test_group_type_specs.GroupTypeSpecsTest.test_group_type_specs_create_show_update_list_delete [0.587283s] ... ok
{0} tempest.api.volume.admin.test_group_types.GroupTypesTest.test_group_type_create_list_update_show_delete [0.278686s] ... ok
{0} tempest.api.volume.admin.test_group_types.GroupTypesTest.test_group_type_list_by_optional_params [0.243035s] ... ok
{0} tempest.api.volume.admin.test_groups.GroupsTest.test_group_create_show_list_delete [6.878730s] ... ok
{0} tempest.api.volume.admin.test_groups.GroupsTest.test_group_update [7.997630s] ... ok
{0} tempest.api.volume.admin.test_groups.GroupsV314Test.test_create_group_from_group [7.200424s] ... ok
{0} tempest.api.volume.admin.test_groups.GroupsV320Test.test_reset_group_status [2.984289s] ... ok
{0} tempest.api.volume.admin.test_multi_backend.VolumeMultiBackendTest.test_backend_name_distinction [0.118711s] ... ok
{0} tempest.api.volume.admin.test_multi_backend.VolumeMultiBackendTest.test_backend_name_distinction_with_prefix [0.108512s] ... ok
{0} tempest.api.volume.admin.test_multi_backend.VolumeMultiBackendTest.test_backend_name_reporting [0.085434s] ... ok
{0} tempest.api.volume.admin.test_multi_backend.VolumeMultiBackendTest.test_backend_name_reporting_with_prefix [0.095027s] ... ok
{0} tempest.api.volume.admin.test_qos.QosSpecsTestJSON.test_associate_disassociate_qos [0.441038s] ... ok
{0} tempest.api.volume.admin.test_qos.QosSpecsTestJSON.test_create_delete_qos_with_back_end_consumer [0.113216s] ... ok
{0} tempest.api.volume.admin.test_qos.QosSpecsTestJSON.test_create_delete_qos_with_both_consumer [0.136620s] ... ok
{0} tempest.api.volume.admin.test_qos.QosSpecsTestJSON.test_create_delete_qos_with_front_end_consumer [0.131782s] ... ok
{0} tempest.api.volume.admin.test_qos.QosSpecsTestJSON.test_get_qos [0.025078s] ... ok
{0} tempest.api.volume.admin.test_qos.QosSpecsTestJSON.test_list_qos [0.020947s] ... ok
{0} tempest.api.volume.admin.test_qos.QosSpecsTestJSON.test_set_unset_qos_key [0.138096s] ... ok
{0} tempest.api.volume.admin.test_snapshots_actions.SnapshotsActionsTest.test_reset_snapshot_status [0.255503s] ... ok
{0} tempest.api.volume.admin.test_snapshots_actions.SnapshotsActionsTest.test_snapshot_force_delete_when_snapshot_is_creating [2.578158s] ... ok
{0} tempest.api.volume.admin.test_snapshots_actions.SnapshotsActionsTest.test_snapshot_force_delete_when_snapshot_is_deleting [2.475851s] ... ok
{0} tempest.api.volume.admin.test_snapshots_actions.SnapshotsActionsTest.test_snapshot_force_delete_when_snapshot_is_error [2.457979s] ... ok
{0} tempest.api.volume.admin.test_snapshots_actions.SnapshotsActionsTest.test_snapshot_force_delete_when_snapshot_is_error_deleting [2.481713s] ... ok
{0} tempest.api.volume.admin.test_snapshots_actions.SnapshotsActionsTest.test_update_snapshot_status [0.206288s] ... ok
{0} tempest.api.volume.admin.test_user_messages.UserMessagesTest.test_delete_message [1.698267s] ... ok
{0} tempest.api.volume.admin.test_user_messages.UserMessagesTest.test_list_show_messages [1.469900s] ... ok
{0} tempest.api.volume.admin.test_volume_hosts.VolumeHostsAdminTestsJSON.test_list_hosts [0.119450s] ... ok
{0} tempest.api.volume.admin.test_volume_hosts.VolumeHostsAdminTestsJSON.test_show_host [0.184623s] ... ok
{0} setUpClass (tempest.api.volume.admin.test_volume_manage.VolumeManageAdminTest) ... SKIPPED: Manage volume tests are disabled
{0} tempest.api.volume.admin.test_volume_pools.VolumePoolsAdminTestsJSON.test_get_pools_with_details [0.120133s] ... ok
{0} tempest.api.volume.admin.test_volume_pools.VolumePoolsAdminTestsJSON.test_get_pools_without_details [0.038293s] ... ok
{0} tempest.api.volume.admin.test_volume_quota_classes.VolumeQuotaClassesTest.test_show_default_quota [0.127192s] ... ok
{0} tempest.api.volume.admin.test_volume_quota_classes.VolumeQuotaClassesTest.test_update_default_quota [0.809265s] ... ok
{0} tempest.api.volume.admin.test_volume_quotas.VolumeQuotasAdminTestJSON.test_delete_quota [0.323403s] ... ok
{0} tempest.api.volume.admin.test_volume_quotas.VolumeQuotasAdminTestJSON.test_list_default_quotas [0.037617s] ... ok
{0} tempest.api.volume.admin.test_volume_quotas.VolumeQuotasAdminTestJSON.test_list_quotas [0.049029s] ... ok
{0} tempest.api.volume.admin.test_volume_quotas.VolumeQuotasAdminTestJSON.test_quota_usage [2.824356s] ... ok
{0} tempest.api.volume.admin.test_volume_quotas.VolumeQuotasAdminTestJSON.test_quota_usage_after_volume_transfer [3.492012s] ... ok
{0} tempest.api.volume.admin.test_volume_quotas.VolumeQuotasAdminTestJSON.test_show_quota_usage [0.057682s] ... ok
{0} tempest.api.volume.admin.test_volume_quotas.VolumeQuotasAdminTestJSON.test_update_all_quota_resources_for_tenant [0.268297s] ... ok
{0} tempest.api.volume.admin.test_volume_quotas_negative.VolumeQuotasNegativeTestJSON.test_quota_volume_gigabytes [0.277810s] ... ok
{0} tempest.api.volume.admin.test_volume_quotas_negative.VolumeQuotasNegativeTestJSON.test_quota_volumes [0.281086s] ... ok
{0} tempest.api.volume.admin.test_volume_quotas_negative.VolumeQuotasNegativeTestJSON.test_volume_extend_gigabytes_quota_deviation [0.179605s] ... ok
{0} tempest.api.volume.admin.test_volume_retype.VolumeRetypeWithoutMigrationTest.test_available_volume_retype [2.981562s] ... ok
{0} tempest.api.volume.admin.test_volume_services.VolumesServicesTestJSON.test_get_service_by_host_name [0.022976s] ... ok
{0} tempest.api.volume.admin.test_volume_services.VolumesServicesTestJSON.test_get_service_by_service_and_host_name [0.023111s] ... ok
{0} tempest.api.volume.admin.test_volume_services.VolumesServicesTestJSON.test_get_service_by_service_binary_name [0.017229s] ... ok
{0} tempest.api.volume.admin.test_volume_services.VolumesServicesTestJSON.test_get_service_by_volume_host_name [1.494036s] ... ok
{0} tempest.api.volume.admin.test_volume_services.VolumesServicesTestJSON.test_list_services [0.031438s] ... ok
{0} tempest.api.volume.admin.test_volume_services_negative.VolumeServicesNegativeTest.test_disable_log_reason_with_no_reason [0.017567s] ... ok
{0} tempest.api.volume.admin.test_volume_services_negative.VolumeServicesNegativeTest.test_disable_service_with_invalid_binary [0.029737s] ... ok
{0} tempest.api.volume.admin.test_volume_services_negative.VolumeServicesNegativeTest.test_enable_service_with_invalid_host [0.027513s] ... ok
{0} tempest.api.volume.admin.test_volume_services_negative.VolumeServicesNegativeTest.test_freeze_host_with_invalid_host [0.024515s] ... ok
{0} tempest.api.volume.admin.test_volume_services_negative.VolumeServicesNegativeTest.test_thaw_host_with_invalid_host [0.026991s] ... ok
{0} tempest.api.volume.admin.test_volume_snapshot_quotas_negative.VolumeSnapshotQuotasNegativeTestJSON.test_quota_volume_gigabytes_snapshots [0.264133s] ... ok
{0} tempest.api.volume.admin.test_volume_snapshot_quotas_negative.VolumeSnapshotQuotasNegativeTestJSON.test_quota_volume_snapshots [0.053051s] ... ok
{0} tempest.api.volume.admin.test_volume_type_access.VolumeTypesAccessTest.test_volume_type_access_add [1.627714s] ... ok
{0} tempest.api.volume.admin.test_volume_type_access.VolumeTypesAccessTest.test_volume_type_access_list [0.190161s] ... ok
{0} tempest.api.volume.admin.test_volume_types.VolumeTypesTest.test_volume_crud_with_volume_type_and_extra_specs [2.916476s] ... ok
{0} tempest.api.volume.admin.test_volume_types.VolumeTypesTest.test_volume_type_create_get_delete [0.064195s] ... ok
{0} tempest.api.volume.admin.test_volume_types.VolumeTypesTest.test_volume_type_encryption_create_get_update_delete [0.323864s] ... ok
{0} tempest.api.volume.admin.test_volume_types.VolumeTypesTest.test_volume_type_list [0.047256s] ... ok
{0} tempest.api.volume.admin.test_volume_types.VolumeTypesTest.test_volume_type_update [0.142623s] ... ok
{0} tempest.api.volume.admin.test_volume_types_extra_specs.VolumeTypesExtraSpecsTest.test_volume_type_extra_spec_create_get_delete [0.200072s] ... ok
{0} tempest.api.volume.admin.test_volume_types_extra_specs.VolumeTypesExtraSpecsTest.test_volume_type_extra_specs_list [0.085952s] ... ok
{0} tempest.api.volume.admin.test_volume_types_extra_specs.VolumeTypesExtraSpecsTest.test_volume_type_extra_specs_update [0.243289s] ... ok
{0} tempest.api.volume.admin.test_volume_types_extra_specs_negative.ExtraSpecsNegativeTest.test_create_invalid_body [0.018117s] ... ok
{0} tempest.api.volume.admin.test_volume_types_extra_specs_negative.ExtraSpecsNegativeTest.test_create_none_body [0.012740s] ... ok
{0} tempest.api.volume.admin.test_volume_types_extra_specs_negative.ExtraSpecsNegativeTest.test_create_nonexistent_type_id [0.031460s] ... ok
{0} tempest.api.volume.admin.test_volume_types_extra_specs_negative.ExtraSpecsNegativeTest.test_delete_nonexistent_volume_type_id [0.020784s] ... ok
{0} tempest.api.volume.admin.test_volume_types_extra_specs_negative.ExtraSpecsNegativeTest.test_get_nonexistent_extra_spec_name [0.027005s] ... ok
{0} tempest.api.volume.admin.test_volume_types_extra_specs_negative.ExtraSpecsNegativeTest.test_get_nonexistent_volume_type_id [0.020318s] ... ok
{0} tempest.api.volume.admin.test_volume_types_extra_specs_negative.ExtraSpecsNegativeTest.test_list_nonexistent_volume_type_id [0.023916s] ... ok
{0} tempest.api.volume.admin.test_volume_types_extra_specs_negative.ExtraSpecsNegativeTest.test_update_multiple_extra_spec [0.019363s] ... ok
{0} tempest.api.volume.admin.test_volume_types_extra_specs_negative.ExtraSpecsNegativeTest.test_update_no_body [0.017740s] ... ok
{0} tempest.api.volume.admin.test_volume_types_extra_specs_negative.ExtraSpecsNegativeTest.test_update_none_extra_spec_id [0.035583s] ... ok
{0} tempest.api.volume.admin.test_volume_types_extra_specs_negative.ExtraSpecsNegativeTest.test_update_nonexistent_extra_spec_id [0.034531s] ... ok
{0} tempest.api.volume.admin.test_volume_types_extra_specs_negative.ExtraSpecsNegativeTest.test_update_nonexistent_type_id [0.031003s] ... ok
{0} tempest.api.volume.admin.test_volume_types_negative.VolumeTypesNegativeTest.test_create_volume_type_encryption_nonexistent_type_id [0.132715s] ... ok
{0} tempest.api.volume.admin.test_volume_types_negative.VolumeTypesNegativeTest.test_create_volume_with_private_volume_type [0.150117s] ... ok
{0} tempest.api.volume.admin.test_volume_types_negative.VolumeTypesNegativeTest.test_create_with_empty_name [0.014622s] ... ok
{0} tempest.api.volume.admin.test_volume_types_negative.VolumeTypesNegativeTest.test_create_with_repeated_name [0.054534s] ... ok
{0} tempest.api.volume.admin.test_volume_types_negative.VolumeTypesNegativeTest.test_delete_nonexistent_type_id [0.018465s] ... ok
{0} tempest.api.volume.admin.test_volume_types_negative.VolumeTypesNegativeTest.test_get_nonexistent_type_id [0.016414s] ... ok
{0} tempest.api.volume.admin.test_volumes_actions.VolumesActionsTest.test_force_detach_volume [11.920544s] ... ok
{0} tempest.api.volume.admin.test_volumes_actions.VolumesActionsTest.test_volume_force_delete_when_volume_is_attaching [2.560704s] ... ok
{0} tempest.api.volume.admin.test_volumes_actions.VolumesActionsTest.test_volume_force_delete_when_volume_is_creating [2.891654s] ... ok
{0} tempest.api.volume.admin.test_volumes_actions.VolumesActionsTest.test_volume_force_delete_when_volume_is_error [2.549226s] ... ok
{0} tempest.api.volume.admin.test_volumes_actions.VolumesActionsTest.test_volume_force_delete_when_volume_is_maintenance [2.785517s] ... ok
{0} tempest.api.volume.admin.test_volumes_actions.VolumesActionsTest.test_volume_reset_status [1.782239s] ... ok
{0} tempest.api.volume.admin.test_volumes_backup.VolumesBackupsAdminTest.test_volume_backup_export_import [68.950966s] ... ok
{0} tempest.api.volume.admin.test_volumes_backup.VolumesBackupsAdminTest.test_volume_backup_reset_status [51.262467s] ... ok
{0} tempest.api.volume.admin.test_volumes_list.VolumesListAdminTestJSON.test_volume_list_param_tenant [1.536212s] ... ok
{0} tempest.api.volume.test_availability_zone.AvailabilityZoneTestJSON.test_get_availability_zone_list [0.091256s] ... ok
{0} tempest.api.volume.test_extensions.ExtensionsTestJSON.test_list_extensions [0.131420s] ... ok
{0} tempest.api.volume.test_image_metadata.VolumesImageMetadata.test_update_show_delete_image_metadata [0.255548s] ... ok
{0} tempest.api.volume.test_snapshot_metadata.SnapshotMetadataTestJSON.test_crud_snapshot_metadata [0.324169s] ... ok
{0} tempest.api.volume.test_snapshot_metadata.SnapshotMetadataTestJSON.test_update_show_snapshot_metadata_item [0.259969s] ... ok
{0} tempest.api.volume.test_versions.VersionsTest.test_list_versions [0.010775s] ... ok
{0} tempest.api.volume.test_versions.VersionsTest.test_show_version [0.123458s] ... ok
{0} tempest.api.volume.test_volume_absolute_limits.AbsoluteLimitsTests.test_get_volume_absolute_limits [0.055412s] ... ok
{0} tempest.api.volume.test_volume_delete_cascade.VolumesDeleteCascade.test_volume_delete_cascade [5.161846s] ... ok
{0} tempest.api.volume.test_volume_delete_cascade.VolumesDeleteCascade.test_volume_from_snapshot_cascade_delete [8.429136s] ... ok
{0} tempest.api.volume.test_volume_metadata.VolumesMetadataTest.test_crud_volume_metadata [0.312203s] ... ok
{0} tempest.api.volume.test_volume_metadata.VolumesMetadataTest.test_update_show_volume_metadata_item [0.224381s] ... ok
{0} tempest.api.volume.test_volume_transfers.VolumesTransfersTest.test_create_get_list_accept_volume_transfer [3.602056s] ... ok
{0} tempest.api.volume.test_volume_transfers.VolumesTransfersTest.test_create_list_delete_volume_transfer [2.663685s] ... ok
{0} tempest.api.volume.test_volume_transfers.VolumesTransfersV355Test.test_create_get_list_accept_volume_transfer [3.375364s] ... ok
{0} tempest.api.volume.test_volume_transfers.VolumesTransfersV355Test.test_create_list_delete_volume_transfer [2.772182s] ... ok
{0} tempest.api.volume.test_volume_transfers.VolumesTransfersV357Test.test_create_get_list_accept_volume_transfer [3.589590s] ... ok
{0} tempest.api.volume.test_volume_transfers.VolumesTransfersV357Test.test_create_list_delete_volume_transfer [2.698890s] ... ok
{0} tempest.api.volume.test_volumes_actions.VolumesActionsTest.test_attach_detach_volume_to_instance [11.107648s] ... ok
{0} tempest.api.volume.test_volumes_actions.VolumesActionsTest.test_get_volume_attachment [9.372092s] ... ok
{0} tempest.api.volume.test_volumes_actions.VolumesActionsTest.test_reserve_unreserve_volume [0.173687s] ... ok
{0} tempest.api.volume.test_volumes_actions.VolumesActionsTest.test_volume_bootable [0.172171s] ... ok
{0} tempest.api.volume.test_volumes_actions.VolumesActionsTest.test_volume_readonly_update [0.162399s] ... ok
{0} tempest.api.volume.test_volumes_actions.VolumesActionsTest.test_volume_upload [28.230975s] ... ok
{0} tempest.api.volume.test_volumes_backup.VolumesBackupsTest.test_bootable_volume_backup_and_restore [76.999706s] ... ok
{0} tempest.api.volume.test_volumes_backup.VolumesBackupsTest.test_volume_backup_create_get_detailed_list_restore_delete [6.894536s] ... FAILED

Captured traceback:
~~~~~~~~~~~~~~~~~~~
    Traceback (most recent call last):

      File "/opt/stack/tempest/tempest/api/volume/test_volumes_backup.py", line 79, in test_volume_backup_create_get_detailed_list_restore_delete
    backup = self.create_backup(volume_id=volume['id'],

      File "/opt/stack/tempest/tempest/api/volume/base.py", line 165, in create_backup
    waiters.wait_for_volume_resource_status(backup_client, backup['id'],

      File "/opt/stack/tempest/tempest/common/waiters.py", line 305, in wait_for_volume_resource_status
    raise exceptions.VolumeResourceBuildErrorException(

    tempest.exceptions.VolumeResourceBuildErrorException: backup b90b8267-7276-472b-a831-8ce5a2a07fce failed to build and is in ERROR status


Captured pythonlogging:
~~~~~~~~~~~~~~~~~~~~~~~
    2022-09-23 15:17:29,041 147378 INFO     [tempest.lib.common.rest_client] Request (VolumesBackupsTest:test_volume_backup_create_get_detailed_list_restore_delete): 202 POST http://192.168.79.47/volume/v3/257316ad00c0446e8c7ff7be3eef220e/volumes 0.212s
2022-09-23 15:17:29,042 147378 DEBUG    [tempest.lib.common.rest_client] Request - Headers: {'Content-Type': 'application/json', 'Accept': 'application/json', 'X-Auth-Token': '<omitted>'}
        Body: {"volume": {"metadata": {"vol-meta1": "value1", "vol-meta2": "value2", "vol-meta3": "value3"}, "size": 1, "name": "tempest-VolumesBackupsTest-Volume-747020455"}}
    Response - Headers: {'date': 'Fri, 23 Sep 2022 15:17:28 GMT', 'server': 'Apache/2.4.41 (Ubuntu)', 'content-type': 'application/json', 'x-compute-request-id': 'req-75b4b038-3971-43ba-818e-64ecc18cff5a', 'content-length': '882', 'openstack-api-version': 'volume 3.0', 'vary': 'OpenStack-API-Version', 'x-openstack-request-id': 'req-75b4b038-3971-43ba-818e-64ecc18cff5a', 'connection': 'close', 'status': '202', 'content-location': 'http://192.168.79.47/volume/v3/257316ad00c0446e8c7ff7be3eef220e/volumes'}
        Body: b'{"volume": {"id": "7cc0f139-7b41-47a1-8c7b-e25b9b901c53", "status": "creating", "size": 1, "availability_zone": "nova", "created_at": "2022-09-23T15:17:28.967150", "updated_at": null, "name": "tempest-VolumesBackupsTest-Volume-747020455", "description": null, "volume_type": "3par1", "snapshot_id": null, "source_volid": null, "metadata": {"vol-meta1": "value1", "vol-meta2": "value2", "vol-meta3": "value3"}, "links": [{"rel": "self", "href": "http://192.168.79.47/volume/v3/257316ad00c0446e8c7ff7be3eef220e/volumes/7cc0f139-7b41-47a1-8c7b-e25b9b901c53"}, {"rel": "bookmark", "href": "http://192.168.79.47/volume/257316ad00c0446e8c7ff7be3eef220e/volumes/7cc0f139-7b41-47a1-8c7b-e25b9b901c53"}], "user_id": "e700e1f25c2748f3b84eaabb26d63233", "bootable": "false", "encrypted": false, "replication_status": null, "consistencygroup_id": null, "multiattach": false, "attachments": []}}'
2022-09-23 15:17:29,090 147378 INFO     [tempest.lib.common.rest_client] Request (VolumesBackupsTest:test_volume_backup_create_get_detailed_list_restore_delete): 200 GET http://192.168.79.47/volume/v3/257316ad00c0446e8c7ff7be3eef220e/volumes/7cc0f139-7b41-47a1-8c7b-e25b9b901c53 0.039s
2022-09-23 15:17:29,091 147378 DEBUG    [tempest.lib.common.rest_client] Request - Headers: {'Content-Type': 'application/json', 'Accept': 'application/json', 'X-Auth-Token': '<omitted>'}
        Body: None
    Response - Headers: {'date': 'Fri, 23 Sep 2022 15:17:29 GMT', 'server': 'Apache/2.4.41 (Ubuntu)', 'content-type': 'application/json', 'x-compute-request-id': 'req-6324b9e2-8904-4c1a-8d10-6b3b2a366259', 'content-length': '950', 'openstack-api-version': 'volume 3.0', 'vary': 'OpenStack-API-Version', 'x-openstack-request-id': 'req-6324b9e2-8904-4c1a-8d10-6b3b2a366259', 'connection': 'close', 'status': '200', 'content-location': 'http://192.168.79.47/volume/v3/257316ad00c0446e8c7ff7be3eef220e/volumes/7cc0f139-7b41-47a1-8c7b-e25b9b901c53'}
        Body: b'{"volume": {"id": "7cc0f139-7b41-47a1-8c7b-e25b9b901c53", "status": "creating", "size": 1, "availability_zone": "nova", "created_at": "2022-09-23T15:17:29.000000", "updated_at": null, "name": "tempest-VolumesBackupsTest-Volume-747020455", "description": null, "volume_type": "3par1", "snapshot_id": null, "source_volid": null, "metadata": {"vol-meta1": "value1", "vol-meta2": "value2", "vol-meta3": "value3"}, "links": [{"rel": "self", "href": "http://192.168.79.47/volume/v3/257316ad00c0446e8c7ff7be3eef220e/volumes/7cc0f139-7b41-47a1-8c7b-e25b9b901c53"}, {"rel": "bookmark", "href": "http://192.168.79.47/volume/257316ad00c0446e8c7ff7be3eef220e/volumes/7cc0f139-7b41-47a1-8c7b-e25b9b901c53"}], "user_id": "e700e1f25c2748f3b84eaabb26d63233", "bootable": "false", "encrypted": false, "replication_status": null, "consistencygroup_id": null, "multiattach": false, "attachments": [], "os-vol-tenant-attr:tenant_id": "257316ad00c0446e8c7ff7be3eef220e"}}'
2022-09-23 15:17:30,146 147378 INFO     [tempest.lib.common.rest_cli
    ent] Request (VolumesBackupsTest:test_volume_backup_create_get_detailed_list_restore_delete): 200 GET http://192.168.79.47/volume/v3/257316ad00c0446e8c7ff7be3eef220e/volumes/7cc0f139-7b41-47a1-8c7b-e25b9b901c53 0.041s
2022-09-23 15:17:30,147 147378 DEBUG    [tempest.lib.common.rest_client] Request - Headers: {'Content-Type': 'application/json', 'Accept': 'application/json', 'X-Auth-Token': '<omitted>'}
        Body: None
    Response - Headers: {'date': 'Fri, 23 Sep 2022 15:17:30 GMT', 'server': 'Apache/2.4.41 (Ubuntu)', 'content-type': 'application/json', 'x-compute-request-id': 'req-411c1f7f-6258-46c8-8666-aa455e9c88c8', 'content-length': '975', 'openstack-api-version': 'volume 3.0', 'vary': 'OpenStack-API-Version', 'x-openstack-request-id': 'req-411c1f7f-6258-46c8-8666-aa455e9c88c8', 'connection': 'close', 'status': '200', 'content-location': 'http://192.168.79.47/volume/v3/257316ad00c0446e8c7ff7be3eef220e/volumes/7cc0f139-7b41-47a1-8c7b-e25b9b901c53'}
        Body: b'{"volume": {"id": "7cc0f139-7b41-47a1-8c7b-e25b9b901c53", "status": "available", "size": 1, "availability_zone": "nova", "created_at": "2022-09-23T15:17:29.000000", "updated_at": "2022-09-23T15:17:29.000000", "name": "tempest-VolumesBackupsTest-Volume-747020455", "description": null, "volume_type": "3par1", "snapshot_id": null, "source_volid": null, "metadata": {"vol-meta1": "value1", "vol-meta2": "value2", "vol-meta3": "value3"}, "links": [{"rel": "self", "href": "http://192.168.79.47/volume/v3/257316ad00c0446e8c7ff7be3eef220e/volumes/7cc0f139-7b41-47a1-8c7b-e25b9b901c53"}, {"rel": "bookmark", "href": "http://192.168.79.47/volume/257316ad00c0446e8c7ff7be3eef220e/volumes/7cc0f139-7b41-47a1-8c7b-e25b9b901c53"}], "user_id": "e700e1f25c2748f3b84eaabb26d63233", "bootable": "false", "encrypted": false, "replication_status": null, "consistencygroup_id": null, "multiattach": false, "attachments": [], "os-vol-tenant-attr:tenant_id": "257316ad00c0446e8c7ff7be3eef220e"}}'
2022-09-23 15:17:30,160 147378 INFO     [tempest.common.waiters] volume 7cc0f139-7b41-47a1-8c7b-e25b9b901c53 reached available after waiting for 1.160701 seconds
2022-09-23 15:17:30,299 147378 INFO     [tempest.lib.common.rest_client] Request (VolumesBackupsTest:test_volume_backup_create_get_detailed_list_restore_delete): 202 POST http://192.168.79.47/volume/v3/257316ad00c0446e8c7ff7be3eef220e/backups 0.138s
2022-09-23 15:17:30,300 147378 DEBUG    [tempest.lib.common.rest_client] Request - Headers: {'Content-Type': 'application/json', 'Accept': 'application/json', 'X-Auth-Token': '<omitted>'}
        Body: {"backup": {"volume_id": "7cc0f139-7b41-47a1-8c7b-e25b9b901c53", "name": "tempest-VolumesBackupsTest-Backup-1771044073", "description": "tempest-volume-backup-description-1811468408", "container": "container"}}
    Response - Headers: {'date': 'Fri, 23 Sep 2022 15:17:30 GMT', 'server': 'Apache/2.4.41 (Ubuntu)', 'content-type': 'application/json', 'x-compute-request-id': 'req-4dd67a0f-54c8-44e1-bfc5-fafb9e0f7cf0', 'content-length': '400', 'openstack-api-version': 'volume 3.0', 'vary': 'OpenStack-API-Version', 'x-openstack-request-id': 'req-4dd67a0f-54c8-44e1-bfc5-fafb9e0f7cf0', 'connection': 'close', 'status': '202', 'content-location': 'http://192.168.79.47/volume/v3/257316ad00c0446e8c7ff7be3eef220e/backups'}
        Body: b'{"backup": {"id": "b90b8267-7276-472b-a831-8ce5a2a07fce", "name": "tempest-VolumesBackupsTest-Backup-1771044073", "links": [{"rel": "self", "href": "http://192.168.79.47/volume/v3/257316ad00c0446e8c7ff7be3eef220e/backups/b90b8267-7276-472b-a831-8ce5a2a07fce"}, {"rel": "bookmark", "href": "http://192.168.79.47/volume/257316ad00c0446e8c7ff7be3eef220e/backups/b90b8267-7276-472b-a831-8ce5a2a07fce"}]}}'
2022-09-23 15:17:30,329 147378 INFO     [tempest.lib.common.rest_client] Request (VolumesBackupsTest:test_volume_backup_create_get_detailed_list_restore_delete): 200 GET http://192.168.79.47/volume/v3/257316ad00c0446e8c7ff7be3eef220e/backups/b90b8267-7276-472b-a831-8ce5a2a07fce 0.027s
2022-09-23 15:17:30,329 147378 DEBUG    [tempest.lib.common.rest_client] Request - Headers: {'Co
    ntent-Type': 'application/json', 'Accept': 'application/json', 'X-Auth-Token': '<omitted>'}
        Body: None
    Response - Headers: {'date': 'Fri, 23 Sep 2022 15:17:30 GMT', 'server': 'Apache/2.4.41 (Ubuntu)', 'content-type': 'application/json', 'x-compute-request-id': 'req-3bbfb354-0b01-417b-a992-d5924cbf3c6e', 'content-length': '856', 'openstack-api-version': 'volume 3.0', 'vary': 'OpenStack-API-Version', 'x-openstack-request-id': 'req-3bbfb354-0b01-417b-a992-d5924cbf3c6e', 'connection': 'close', 'status': '200', 'content-location': 'http://192.168.79.47/volume/v3/257316ad00c0446e8c7ff7be3eef220e/backups/b90b8267-7276-472b-a831-8ce5a2a07fce'}
        Body: b'{"backup": {"id": "b90b8267-7276-472b-a831-8ce5a2a07fce", "status": "creating", "size": 1, "object_count": 0, "availability_zone": null, "container": "container", "created_at": "2022-09-23T15:17:30.000000", "updated_at": "2022-09-23T15:17:30.000000", "name": "tempest-VolumesBackupsTest-Backup-1771044073", "description": "tempest-volume-backup-description-1811468408", "fail_reason": null, "volume_id": "7cc0f139-7b41-47a1-8c7b-e25b9b901c53", "links": [{"rel": "self", "href": "http://192.168.79.47/volume/v3/257316ad00c0446e8c7ff7be3eef220e/backups/b90b8267-7276-472b-a831-8ce5a2a07fce"}, {"rel": "bookmark", "href": "http://192.168.79.47/volume/257316ad00c0446e8c7ff7be3eef220e/backups/b90b8267-7276-472b-a831-8ce5a2a07fce"}], "is_incremental": false, "has_dependent_backups": false, "snapshot_id": null, "data_timestamp": "2022-09-23T15:17:30.000000"}}'
2022-09-23 15:17:31,361 147378 INFO     [tempest.lib.common.rest_client] Request (VolumesBackupsTest:test_volume_backup_create_get_detailed_list_restore_delete): 200 GET http://192.168.79.47/volume/v3/257316ad00c0446e8c7ff7be3eef220e/backups/b90b8267-7276-472b-a831-8ce5a2a07fce 0.024s
2022-09-23 15:17:31,362 147378 DEBUG    [tempest.lib.common.rest_client] Request - Headers: {'Content-Type': 'application/json', 'Accept': 'application/json', 'X-Auth-Token': '<omitted>'}
        Body: None
    Response - Headers: {'date': 'Fri, 23 Sep 2022 15:17:31 GMT', 'server': 'Apache/2.4.41 (Ubuntu)', 'content-type': 'application/json', 'x-compute-request-id': 'req-71077b9a-474c-4111-a405-3ce189c1ba0b', 'content-length': '856', 'openstack-api-version': 'volume 3.0', 'vary': 'OpenStack-API-Version', 'x-openstack-request-id': 'req-71077b9a-474c-4111-a405-3ce189c1ba0b', 'connection': 'close', 'status': '200', 'content-location': 'http://192.168.79.47/volume/v3/257316ad00c0446e8c7ff7be3eef220e/backups/b90b8267-7276-472b-a831-8ce5a2a07fce'}
        Body: b'{"backup": {"id": "b90b8267-7276-472b-a831-8ce5a2a07fce", "status": "creating", "size": 1, "object_count": 0, "availability_zone": null, "container": "container", "created_at": "2022-09-23T15:17:30.000000", "updated_at": "2022-09-23T15:17:30.000000", "name": "tempest-VolumesBackupsTest-Backup-1771044073", "description": "tempest-volume-backup-description-1811468408", "fail_reason": null, "volume_id": "7cc0f139-7b41-47a1-8c7b-e25b9b901c53", "links": [{"rel": "self", "href": "http://192.168.79.47/volume/v3/257316ad00c0446e8c7ff7be3eef220e/backups/b90b8267-7276-472b-a831-8ce5a2a07fce"}, {"rel": "bookmark", "href": "http://192.168.79.47/volume/257316ad00c0446e8c7ff7be3eef220e/backups/b90b8267-7276-472b-a831-8ce5a2a07fce"}], "is_incremental": false, "has_dependent_backups": false, "snapshot_id": null, "data_timestamp": "2022-09-23T15:17:30.000000"}}'
2022-09-23 15:17:32,395 147378 INFO     [tempest.lib.common.rest_client] Request (VolumesBackupsTest:test_volume_backup_create_get_detailed_list_restore_delete): 200 GET http://192.168.79.47/volume/v3/257316ad00c0446e8c7ff7be3eef220e/backups/b90b8267-7276-472b-a831-8ce5a2a07fce 0.025s
2022-09-23 15:17:32,396 147378 DEBUG    [tempest.lib.common.rest_client] Request - Headers: {'Content-Type': 'application/json', 'Accept': 'application/json', 'X-Auth-Token': '<omitted>'}
        Body: None
    Response - Headers: {'date': 'Fri, 23 Sep 2022 15:17:32 GMT', 'server': 'Apache/2.4.41 (Ubuntu)', 'content-type': 'application/json', 'x-compute-request-id':
     'req-0f969930-ce86-45d1-92db-34d8e01c7dd0', 'content-length': '856', 'openstack-api-version': 'volume 3.0', 'vary': 'OpenStack-API-Version', 'x-openstack-request-id': 'req-0f969930-ce86-45d1-92db-34d8e01c7dd0', 'connection': 'close', 'status': '200', 'content-location': 'http://192.168.79.47/volume/v3/257316ad00c0446e8c7ff7be3eef220e/backups/b90b8267-7276-472b-a831-8ce5a2a07fce'}
        Body: b'{"backup": {"id": "b90b8267-7276-472b-a831-8ce5a2a07fce", "status": "creating", "size": 1, "object_count": 0, "availability_zone": null, "container": "container", "created_at": "2022-09-23T15:17:30.000000", "updated_at": "2022-09-23T15:17:30.000000", "name": "tempest-VolumesBackupsTest-Backup-1771044073", "description": "tempest-volume-backup-description-1811468408", "fail_reason": null, "volume_id": "7cc0f139-7b41-47a1-8c7b-e25b9b901c53", "links": [{"rel": "self", "href": "http://192.168.79.47/volume/v3/257316ad00c0446e8c7ff7be3eef220e/backups/b90b8267-7276-472b-a831-8ce5a2a07fce"}, {"rel": "bookmark", "href": "http://192.168.79.47/volume/257316ad00c0446e8c7ff7be3eef220e/backups/b90b8267-7276-472b-a831-8ce5a2a07fce"}], "is_incremental": false, "has_dependent_backups": false, "snapshot_id": null, "data_timestamp": "2022-09-23T15:17:30.000000"}}'
2022-09-23 15:17:33,429 147378 INFO     [tempest.lib.common.rest_client] Request (VolumesBackupsTest:test_volume_backup_create_get_detailed_list_restore_delete): 200 GET http://192.168.79.47/volume/v3/257316ad00c0446e8c7ff7be3eef220e/backups/b90b8267-7276-472b-a831-8ce5a2a07fce 0.027s
2022-09-23 15:17:33,430 147378 DEBUG    [tempest.lib.common.rest_client] Request - Headers: {'Content-Type': 'application/json', 'Accept': 'application/json', 'X-Auth-Token': '<omitted>'}
        Body: None
    Response - Headers: {'date': 'Fri, 23 Sep 2022 15:17:33 GMT', 'server': 'Apache/2.4.41 (Ubuntu)', 'content-type': 'application/json', 'x-compute-request-id': 'req-598a1754-bc1a-4d41-a6d0-0afd28da3a1e', 'content-length': '1110', 'openstack-api-version': 'volume 3.0', 'vary': 'OpenStack-API-Version', 'x-openstack-request-id': 'req-598a1754-bc1a-4d41-a6d0-0afd28da3a1e', 'connection': 'close', 'status': '200', 'content-location': 'http://192.168.79.47/volume/v3/257316ad00c0446e8c7ff7be3eef220e/backups/b90b8267-7276-472b-a831-8ce5a2a07fce'}
        Body: b'{"backup": {"id": "b90b8267-7276-472b-a831-8ce5a2a07fce", "status": "error", "size": 1, "object_count": 0, "availability_zone": null, "container": "container", "created_at": "2022-09-23T15:17:30.000000", "updated_at": "2022-09-23T15:17:33.000000", "name": "tempest-VolumesBackupsTest-Backup-1771044073", "description": "tempest-volume-backup-description-1811468408", "fail_reason": "Bad or unexpected response from the storage volume backend API: Driver initialize connection failed (error: Conflict (HTTP 409) 34 - resource in use).\\nTraceback (most recent call last):\\n\\n  File \\"/usr/local/lib/python3.8/dist-packages/cinder/volume/manager", "volume_id": "7cc0f139-7b41-47a1-8c7b-e25b9b901c53", "links": [{"rel": "self", "href": "http://192.168.79.47/volume/v3/257316ad00c0446e8c7ff7be3eef220e/backups/b90b8267-7276-472b-a831-8ce5a2a07fce"}, {"rel": "bookmark", "href": "http://192.168.79.47/volume/257316ad00c0446e8c7ff7be3eef220e/backups/b90b8267-7276-472b-a831-8ce5a2a07fce"}], "is_incremental": false, "has_dependent_backups": false, "snapshot_id": null, "data_timestamp": "2022-09-23T15:17:30.000000"}}'
2022-09-23 15:17:33,521 147378 INFO     [tempest.lib.common.rest_client] Request (VolumesBackupsTest:_run_cleanups): 202 DELETE http://192.168.79.47/volume/v3/257316ad00c0446e8c7ff7be3eef220e/backups/b90b8267-7276-472b-a831-8ce5a2a07fce 0.050s
2022-09-23 15:17:33,522 147378 DEBUG    [tempest.lib.common.rest_client] Request - Headers: {'Content-Type': 'application/json', 'Accept': 'application/json', 'X-Auth-Token': '<omitted>'}
        Body: None
    Response - Headers: {'date': 'Fri, 23 Sep 2022 15:17:33 GMT', 'server': 'Apache/2.4.41 (Ubuntu)', 'x-compute-request-id': 'req-8febf1ae-40e4-49ed-9481-314c21db493f', 'content-length': '0', 'content-type': 'applic
    ation/json', 'openstack-api-version': 'volume 3.0', 'vary': 'OpenStack-API-Version', 'x-openstack-request-id': 'req-8febf1ae-40e4-49ed-9481-314c21db493f', 'connection': 'close', 'status': '202', 'content-location': 'http://192.168.79.47/volume/v3/257316ad00c0446e8c7ff7be3eef220e/backups/b90b8267-7276-472b-a831-8ce5a2a07fce'}
        Body: b''
2022-09-23 15:17:33,541 147378 INFO     [tempest.lib.common.rest_client] Request (VolumesBackupsTest:_run_cleanups): 200 GET http://192.168.79.47/volume/v3/257316ad00c0446e8c7ff7be3eef220e/backups/b90b8267-7276-472b-a831-8ce5a2a07fce 0.018s
2022-09-23 15:17:33,542 147378 DEBUG    [tempest.lib.common.rest_client] Request - Headers: {'Content-Type': 'application/json', 'Accept': 'application/json', 'X-Auth-Token': '<omitted>'}
        Body: None
    Response - Headers: {'date': 'Fri, 23 Sep 2022 15:17:33 GMT', 'server': 'Apache/2.4.41 (Ubuntu)', 'content-type': 'application/json', 'x-compute-request-id': 'req-84505462-9fdb-4053-aac6-dd0ee5d4facc', 'content-length': '1113', 'openstack-api-version': 'volume 3.0', 'vary': 'OpenStack-API-Version', 'x-openstack-request-id': 'req-84505462-9fdb-4053-aac6-dd0ee5d4facc', 'connection': 'close', 'status': '200', 'content-location': 'http://192.168.79.47/volume/v3/257316ad00c0446e8c7ff7be3eef220e/backups/b90b8267-7276-472b-a831-8ce5a2a07fce'}
        Body: b'{"backup": {"id": "b90b8267-7276-472b-a831-8ce5a2a07fce", "status": "deleting", "size": 1, "object_count": 0, "availability_zone": null, "container": "container", "created_at": "2022-09-23T15:17:30.000000", "updated_at": "2022-09-23T15:17:34.000000", "name": "tempest-VolumesBackupsTest-Backup-1771044073", "description": "tempest-volume-backup-description-1811468408", "fail_reason": "Bad or unexpected response from the storage volume backend API: Driver initialize connection failed (error: Conflict (HTTP 409) 34 - resource in use).\\nTraceback (most recent call last):\\n\\n  File \\"/usr/local/lib/python3.8/dist-packages/cinder/volume/manager", "volume_id": "7cc0f139-7b41-47a1-8c7b-e25b9b901c53", "links": [{"rel": "self", "href": "http://192.168.79.47/volume/v3/257316ad00c0446e8c7ff7be3eef220e/backups/b90b8267-7276-472b-a831-8ce5a2a07fce"}, {"rel": "bookmark", "href": "http://192.168.79.47/volume/257316ad00c0446e8c7ff7be3eef220e/backups/b90b8267-7276-472b-a831-8ce5a2a07fce"}], "is_incremental": false, "has_dependent_backups": false, "snapshot_id": null, "data_timestamp": "2022-09-23T15:17:30.000000"}}'
2022-09-23 15:17:34,570 147378 INFO     [tempest.lib.common.rest_client] Request (VolumesBackupsTest:_run_cleanups): 404 GET http://192.168.79.47/volume/v3/257316ad00c0446e8c7ff7be3eef220e/backups/b90b8267-7276-472b-a831-8ce5a2a07fce 0.021s
2022-09-23 15:17:34,570 147378 DEBUG    [tempest.lib.common.rest_client] Request - Headers: {'Content-Type': 'application/json', 'Accept': 'application/json', 'X-Auth-Token': '<omitted>'}
        Body: None
    Response - Headers: {'date': 'Fri, 23 Sep 2022 15:17:34 GMT', 'server': 'Apache/2.4.41 (Ubuntu)', 'openstack-api-version': 'volume 3.0', 'vary': 'OpenStack-API-Version', 'content-length': '109', 'content-type': 'application/json', 'x-compute-request-id': 'req-6ce654d3-bbfd-42cc-b3a2-cf43a489e08e', 'x-openstack-request-id': 'req-6ce654d3-bbfd-42cc-b3a2-cf43a489e08e', 'connection': 'close', 'status': '404', 'content-location': 'http://192.168.79.47/volume/v3/257316ad00c0446e8c7ff7be3eef220e/backups/b90b8267-7276-472b-a831-8ce5a2a07fce'}
        Body: b'{"itemNotFound": {"code": 404, "message": "Backup b90b8267-7276-472b-a831-8ce5a2a07fce could not be found."}}'
2022-09-23 15:17:34,627 147378 INFO     [tempest.lib.common.rest_client] Request (VolumesBackupsTest:_run_cleanups): 202 DELETE http://192.168.79.47/volume/v3/257316ad00c0446e8c7ff7be3eef220e/volumes/7cc0f139-7b41-47a1-8c7b-e25b9b901c53 0.056s
2022-09-23 15:17:34,628 147378 DEBUG    [tempest.lib.common.rest_client] Request - Headers: {'Content-Type': 'application/json', 'Accept': 'application/json', 'X-Auth-Token': '<omitted>'}
        Body: None
    Response - Headers: {'date': 'Fri, 23 Sep 2022 
    15:17:34 GMT', 'server': 'Apache/2.4.41 (Ubuntu)', 'content-length': '0', 'content-type': 'text/html; charset=UTF-8', 'openstack-api-version': 'volume 3.0', 'vary': 'OpenStack-API-Version', 'x-openstack-request-id': 'req-90b7ecc2-37f6-47f8-a8d2-18d1db7ead73', 'connection': 'close', 'status': '202', 'content-location': 'http://192.168.79.47/volume/v3/257316ad00c0446e8c7ff7be3eef220e/volumes/7cc0f139-7b41-47a1-8c7b-e25b9b901c53'}
        Body: b''
2022-09-23 15:17:34,684 147378 INFO     [tempest.lib.common.rest_client] Request (VolumesBackupsTest:_run_cleanups): 200 GET http://192.168.79.47/volume/v3/257316ad00c0446e8c7ff7be3eef220e/volumes/7cc0f139-7b41-47a1-8c7b-e25b9b901c53 0.055s
2022-09-23 15:17:34,684 147378 DEBUG    [tempest.lib.common.rest_client] Request - Headers: {'Content-Type': 'application/json', 'Accept': 'application/json', 'X-Auth-Token': '<omitted>'}
        Body: None
    Response - Headers: {'date': 'Fri, 23 Sep 2022 15:17:34 GMT', 'server': 'Apache/2.4.41 (Ubuntu)', 'content-type': 'application/json', 'x-compute-request-id': 'req-38d507c1-f8da-4552-b9ce-15aa00ed579d', 'content-length': '974', 'openstack-api-version': 'volume 3.0', 'vary': 'OpenStack-API-Version', 'x-openstack-request-id': 'req-38d507c1-f8da-4552-b9ce-15aa00ed579d', 'connection': 'close', 'status': '200', 'content-location': 'http://192.168.79.47/volume/v3/257316ad00c0446e8c7ff7be3eef220e/volumes/7cc0f139-7b41-47a1-8c7b-e25b9b901c53'}
        Body: b'{"volume": {"id": "7cc0f139-7b41-47a1-8c7b-e25b9b901c53", "status": "deleting", "size": 1, "availability_zone": "nova", "created_at": "2022-09-23T15:17:29.000000", "updated_at": "2022-09-23T15:17:35.000000", "name": "tempest-VolumesBackupsTest-Volume-747020455", "description": null, "volume_type": "3par1", "snapshot_id": null, "source_volid": null, "metadata": {"vol-meta1": "value1", "vol-meta2": "value2", "vol-meta3": "value3"}, "links": [{"rel": "self", "href": "http://192.168.79.47/volume/v3/257316ad00c0446e8c7ff7be3eef220e/volumes/7cc0f139-7b41-47a1-8c7b-e25b9b901c53"}, {"rel": "bookmark", "href": "http://192.168.79.47/volume/257316ad00c0446e8c7ff7be3eef220e/volumes/7cc0f139-7b41-47a1-8c7b-e25b9b901c53"}], "user_id": "e700e1f25c2748f3b84eaabb26d63233", "bootable": "false", "encrypted": false, "replication_status": null, "consistencygroup_id": null, "multiattach": false, "attachments": [], "os-vol-tenant-attr:tenant_id": "257316ad00c0446e8c7ff7be3eef220e"}}'
2022-09-23 15:17:35,720 147378 INFO     [tempest.lib.common.rest_client] Request (VolumesBackupsTest:_run_cleanups): 404 GET http://192.168.79.47/volume/v3/257316ad00c0446e8c7ff7be3eef220e/volumes/7cc0f139-7b41-47a1-8c7b-e25b9b901c53 0.028s
2022-09-23 15:17:35,721 147378 DEBUG    [tempest.lib.common.rest_client] Request - Headers: {'Content-Type': 'application/json', 'Accept': 'application/json', 'X-Auth-Token': '<omitted>'}
        Body: None
    Response - Headers: {'date': 'Fri, 23 Sep 2022 15:17:35 GMT', 'server': 'Apache/2.4.41 (Ubuntu)', 'openstack-api-version': 'volume 3.0', 'vary': 'OpenStack-API-Version', 'content-length': '109', 'content-type': 'application/json', 'x-compute-request-id': 'req-5c7ad808-b644-4a78-90ca-dbc6f1496526', 'x-openstack-request-id': 'req-5c7ad808-b644-4a78-90ca-dbc6f1496526', 'connection': 'close', 'status': '404', 'content-location': 'http://192.168.79.47/volume/v3/257316ad00c0446e8c7ff7be3eef220e/volumes/7cc0f139-7b41-47a1-8c7b-e25b9b901c53'}
        Body: b'{"itemNotFound": {"code": 404, "message": "Volume 7cc0f139-7b41-47a1-8c7b-e25b9b901c53 could not be found."}}'

{0} tempest.api.volume.test_volumes_backup.VolumesBackupsV39Test.test_update_backup [50.520626s] ... ok
{0} tempest.api.volume.test_volumes_clone.VolumesCloneTest.test_create_from_bootable_volume [15.563569s] ... ok
{0} tempest.api.volume.test_volumes_clone.VolumesCloneTest.test_create_from_volume [2.661533s] ... ok
{0} tempest.api.volume.test_volumes_clone_negative.VolumesCloneNegativeTest.test_create_from_volume_decreasing_size [1.437451s] ... ok
{0} tempest.api.volume.test_volumes_extend.VolumesExtendAttachedTest.test_extend_attached_volume [25.925500s] ... ok
{0} tempest.api.volume.test_volumes_extend.VolumesExtendTest.test_volume_extend [15.471553s] ... ok
{0} tempest.api.volume.test_volumes_extend.VolumesExtendTest.test_volume_extend_when_volume_has_snapshot [4.028152s] ... ok
{0} tempest.api.volume.test_volumes_get.VolumesGetTest.test_volume_create_get_update_delete [5.659310s] ... ok
{0} tempest.api.volume.test_volumes_get.VolumesGetTest.test_volume_create_get_update_delete_as_clone [6.617400s] ... ok
{0} tempest.api.volume.test_volumes_get.VolumesGetTest.test_volume_create_get_update_delete_from_image [18.262116s] ... ok
{0} tempest.api.volume.test_volumes_get.VolumesSummaryTest.test_show_volume_summary [0.117135s] ... ok
{0} tempest.api.volume.test_volumes_list.VolumesListTestJSON.test_volume_list [0.054709s] ... ok
{0} tempest.api.volume.test_volumes_list.VolumesListTestJSON.test_volume_list_by_name [0.067504s] ... ok
{0} tempest.api.volume.test_volumes_list.VolumesListTestJSON.test_volume_list_details_by_name [0.070580s] ... ok
{0} tempest.api.volume.test_volumes_list.VolumesListTestJSON.test_volume_list_details_pagination [0.314803s] ... ok
{0} tempest.api.volume.test_volumes_list.VolumesListTestJSON.test_volume_list_details_with_multiple_params [0.164320s] ... ok
{0} tempest.api.volume.test_volumes_list.VolumesListTestJSON.test_volume_list_pagination [0.303466s] ... ok
{0} tempest.api.volume.test_volumes_list.VolumesListTestJSON.test_volume_list_param_display_name_and_status [0.058500s] ... ok
{0} tempest.api.volume.test_volumes_list.VolumesListTestJSON.test_volume_list_with_detail_param_display_name_and_status [0.071079s] ... ok
{0} tempest.api.volume.test_volumes_list.VolumesListTestJSON.test_volume_list_with_detail_param_marker [0.093542s] ... ok
{0} tempest.api.volume.test_volumes_list.VolumesListTestJSON.test_volume_list_with_detail_param_metadata [0.091179s] ... ok
{0} tempest.api.volume.test_volumes_list.VolumesListTestJSON.test_volume_list_with_details [0.058575s] ... ok
{0} tempest.api.volume.test_volumes_list.VolumesListTestJSON.test_volume_list_with_param_metadata [0.083703s] ... ok
{0} tempest.api.volume.test_volumes_list.VolumesListTestJSON.test_volumes_list_by_availability_zone [0.102617s] ... ok
{0} tempest.api.volume.test_volumes_list.VolumesListTestJSON.test_volumes_list_by_bootable [0.111633s] ... ok
{0} tempest.api.volume.test_volumes_list.VolumesListTestJSON.test_volumes_list_by_status [0.102482s] ... ok
{0} tempest.api.volume.test_volumes_list.VolumesListTestJSON.test_volumes_list_details_by_availability_zone [0.073239s] ... ok
{0} tempest.api.volume.test_volumes_list.VolumesListTestJSON.test_volumes_list_details_by_bootable [0.082256s] ... ok
{0} tempest.api.volume.test_volumes_list.VolumesListTestJSON.test_volumes_list_details_by_status [0.393249s] ... ok
{0} tempest.api.volume.test_volumes_negative.VolumesNegativeTest.test_attach_volumes_with_nonexistent_volume_id [9.239672s] ... ok
{0} tempest.api.volume.test_volumes_negative.VolumesNegativeTest.test_create_volume_from_deactivated_image [2.855050s] ... ok
{0} tempest.api.volume.test_volumes_negative.VolumesNegativeTest.test_create_volume_from_image_with_decreasing_size [2.286611s] ... ok
{0} tempest.api.volume.test_volumes_negative.VolumesNegativeTest.test_create_volume_with_invalid_size [0.014559s] ... ok
{0} tempest.api.volume.test_volumes_negative.VolumesNegativeTest.test_create_volume_with_nonexistent_snapshot_id [0.024787s] ... ok
{0} tempest.api.volume.test_volumes_negative.VolumesNegativeTest.test_create_volume_with_nonexistent_source_volid [0.032374s] ... ok
{0} tempest.api.volume.test_volumes_negative.VolumesNegativeTest.test_create_volume_with_nonexistent_volume_type [0.034472s] ... ok
{0} tempest.api.volume.test_volumes_negative.VolumesNegativeTest.test_create_volume_with_size_negative [0.020246s] ... ok
{0} tempest.api.volume.test_volumes_negative.VolumesNegativeTest.test_create_volume_with_size_zero [0.015374s] ... ok
{0} tempest.api.volume.test_volumes_negative.VolumesNegativeTest.test_create_volume_without_passing_size [0.017225s] ... ok
{0} tempest.api.volume.test_volumes_negative.VolumesNegativeTest.test_delete_invalid_volume_id [0.030067s] ... ok
{0} tempest.api.volume.test_volumes_negative.VolumesNegativeTest.test_delete_volume_without_passing_volume_id [0.012990s] ... ok
{0} tempest.api.volume.test_volumes_negative.VolumesNegativeTest.test_detach_volumes_with_invalid_volume_id [0.033778s] ... ok
{0} tempest.api.volume.test_volumes_negative.VolumesNegativeTest.test_get_invalid_volume_id [0.024665s] ... ok
{0} tempest.api.volume.test_volumes_negative.VolumesNegativeTest.test_get_volume_without_passing_volume_id [0.011830s] ... ok
{0} tempest.api.volume.test_volumes_negative.VolumesNegativeTest.test_list_volumes_detail_with_invalid_status [0.066697s] ... ok
{0} tempest.api.volume.test_volumes_negative.VolumesNegativeTest.test_list_volumes_detail_with_nonexistent_name [0.074111s] ... ok
{0} tempest.api.volume.test_volumes_negative.VolumesNegativeTest.test_list_volumes_with_invalid_status [0.057248s] ... ok
{0} tempest.api.volume.test_volumes_negative.VolumesNegativeTest.test_list_volumes_with_nonexistent_name [0.054845s] ... ok
{0} tempest.api.volume.test_volumes_negative.VolumesNegativeTest.test_reserve_volume_with_negative_volume_status [0.142885s] ... ok
{0} tempest.api.volume.test_volumes_negative.VolumesNegativeTest.test_reserve_volume_with_nonexistent_volume_id [0.029701s] ... ok
{0} tempest.api.volume.test_volumes_negative.VolumesNegativeTest.test_unreserve_volume_with_nonexistent_volume_id [0.028447s] ... ok
{0} tempest.api.volume.test_volumes_negative.VolumesNegativeTest.test_update_volume_with_empty_volume_id [0.008885s] ... ok
{0} tempest.api.volume.test_volumes_negative.VolumesNegativeTest.test_update_volume_with_invalid_volume_id [0.023064s] ... ok
{0} tempest.api.volume.test_volumes_negative.VolumesNegativeTest.test_update_volume_with_nonexistent_volume_id [0.027888s] ... ok
{0} tempest.api.volume.test_volumes_negative.VolumesNegativeTest.test_volume_delete_nonexistent_volume_id [0.024581s] ... ok
{0} tempest.api.volume.test_volumes_negative.VolumesNegativeTest.test_volume_extend_with_None_size [0.017242s] ... ok
{0} tempest.api.volume.test_volumes_negative.VolumesNegativeTest.test_volume_extend_with_non_number_size [0.016833s] ... ok
{0} tempest.api.volume.test_volumes_negative.VolumesNegativeTest.test_volume_extend_with_nonexistent_volume_id [0.034618s] ... ok
{0} tempest.api.volume.test_volumes_negative.VolumesNegativeTest.test_volume_extend_with_size_smaller_than_original_size [0.014550s] ... ok
{0} tempest.api.volume.test_volumes_negative.VolumesNegativeTest.test_volume_extend_without_passing_volume_id [0.030397s] ... ok
{0} tempest.api.volume.test_volumes_negative.VolumesNegativeTest.test_volume_get_nonexistent_volume_id [0.022473s] ... ok
{0} tempest.api.volume.test_volumes_snapshots.VolumesSnapshotTestJSON.test_snapshot_backup [50.235826s] ... ok
{0} tempest.api.volume.test_volumes_snapshots.VolumesSnapshotTestJSON.test_snapshot_create_delete_with_volume_in_use [39.635923s] ... ok
{0} tempest.api.volume.test_volumes_snapshots.VolumesSnapshotTestJSON.test_snapshot_create_get_list_update_delete [2.573097s] ... ok
{0} tempest.api.volume.test_volumes_snapshots.VolumesSnapshotTestJSON.test_snapshot_create_offline_delete_online [25.364481s] ... ok
{0} tempest.api.volume.test_volumes_snapshots.VolumesSnapshotTestJSON.test_volume_from_snapshot [7.249156s] ... ok
{0} tempest.api.volume.test_volumes_snapshots.VolumesSnapshotTestJSON.test_volume_from_snapshot_no_size [5.107198s] ... ok
{0} tempest.api.volume.test_volumes_snapshots_list.VolumesSnapshotListTestJSON.test_snapshot_list_param_limit [0.030979s] ... ok
{0} tempest.api.volume.test_volumes_snapshots_list.VolumesSnapshotListTestJSON.test_snapshot_list_param_limit_equals_infinite [0.056728s] ... ok
{0} tempest.api.volume.test_volumes_snapshots_list.VolumesSnapshotListTestJSON.test_snapshot_list_param_limit_equals_zero [0.018326s] ... ok
{0} tempest.api.volume.test_volumes_snapshots_list.VolumesSnapshotListTestJSON.test_snapshot_list_param_marker [0.064241s] ... ok
{0} tempest.api.volume.test_volumes_snapshots_list.VolumesSnapshotListTestJSON.test_snapshot_list_param_offset [0.033126s] ... ok
{0} tempest.api.volume.test_volumes_snapshots_list.VolumesSnapshotListTestJSON.test_snapshot_list_param_sort_created_at_asc [0.027520s] ... ok
{0} tempest.api.volume.test_volumes_snapshots_list.VolumesSnapshotListTestJSON.test_snapshot_list_param_sort_created_at_desc [0.022455s] ... ok
{0} tempest.api.volume.test_volumes_snapshots_list.VolumesSnapshotListTestJSON.test_snapshot_list_param_sort_id_asc [0.035801s] ... ok
{0} tempest.api.volume.test_volumes_snapshots_list.VolumesSnapshotListTestJSON.test_snapshot_list_param_sort_id_desc [0.043509s] ... ok
{0} tempest.api.volume.test_volumes_snapshots_list.VolumesSnapshotListTestJSON.test_snapshot_list_param_sort_name_asc [0.036290s] ... ok
{0} tempest.api.volume.test_volumes_snapshots_list.VolumesSnapshotListTestJSON.test_snapshot_list_param_sort_name_desc [0.042019s] ... ok
{0} tempest.api.volume.test_volumes_snapshots_list.VolumesSnapshotListTestJSON.test_snapshots_list_details_with_params [0.102290s] ... ok
{0} tempest.api.volume.test_volumes_snapshots_list.VolumesSnapshotListTestJSON.test_snapshots_list_with_params [0.100936s] ... ok
{0} tempest.api.volume.test_volumes_snapshots_negative.VolumesSnapshotNegativeTestJSON.test_create_snapshot_with_nonexistent_volume_id [0.094087s] ... ok
{0} tempest.api.volume.test_volumes_snapshots_negative.VolumesSnapshotNegativeTestJSON.test_create_snapshot_without_passing_volume_id [0.037000s] ... ok
{0} tempest.api.volume.test_volumes_snapshots_negative.VolumesSnapshotNegativeTestJSON.test_list_snapshot_invalid_param_limit [0.010868s] ... ok
{0} tempest.api.volume.test_volumes_snapshots_negative.VolumesSnapshotNegativeTestJSON.test_list_snapshots_invalid_param_marker [0.026859s] ... ok
{0} tempest.api.volume.test_volumes_snapshots_negative.VolumesSnapshotNegativeTestJSON.test_list_snapshots_invalid_param_sort [0.011664s] ... ok
{0} tempest.api.volume.test_volumes_snapshots_negative.VolumesSnapshotNegativeTestJSON.test_volume_from_snapshot_decreasing_size [2.916418s] ... ok
{0} tempest.scenario.test_encrypted_cinder_volumes.TestEncryptedCinderVolumes.test_encrypted_cinder_volumes_cryptsetup [23.916298s] ... ok
{0} tempest.scenario.test_encrypted_cinder_volumes.TestEncryptedCinderVolumes.test_encrypted_cinder_volumes_luks [27.821630s] ... ok
{0} tempest.scenario.test_encrypted_cinder_volumes.TestEncryptedCinderVolumes.test_encrypted_cinder_volumes_luksv2 [33.590997s] ... ok
{0} tempest.scenario.test_shelve_instance.TestShelveInstance.test_shelve_volume_backed_instance ... SKIPPED: The public_network_id option must be specified.
{0} tempest.scenario.test_stamp_pattern.TestStampPattern.test_stamp_pattern ... SKIPPED: The public_network_id option must be specified.
{0} tempest.scenario.test_volume_boot_pattern.TestVolumeBootPattern.test_boot_server_from_encrypted_volume_luks [24.162779s] ... ok
{0} tempest.scenario.test_volume_boot_pattern.TestVolumeBootPattern.test_boot_server_from_encrypted_volume_luksv2 [28.124462s] ... ok
{0} tempest.scenario.test_volume_boot_pattern.TestVolumeBootPattern.test_create_server_from_volume_snapshot [35.685163s] ... ok
{0} tempest.scenario.test_volume_boot_pattern.TestVolumeBootPattern.test_image_defined_boot_from_volume [49.419211s] ... ok
{0} tempest.scenario.test_volume_boot_pattern.TestVolumeBootPattern.test_volume_boot_pattern ... SKIPPED: The public_network_id option must be specified.

==============================
Failed 1 tests - output below:
==============================

tempest.api.volume.test_volumes_backup.VolumesBackupsTest.test_volume_backup_create_get_detailed_list_restore_delete[id-a66eb488-8ee1-47d4-8e9f-575a095728c6]
-------------------------------------------------------------------------------------------------------------------------------------------------------------

Captured traceback:
~~~~~~~~~~~~~~~~~~~
    Traceback (most recent call last):

      File "/opt/stack/tempest/tempest/api/volume/test_volumes_backup.py", line 79, in test_volume_backup_create_get_detailed_list_restore_delete
    backup = self.create_backup(volume_id=volume['id'],

      File "/opt/stack/tempest/tempest/api/volume/base.py", line 165, in create_backup
    waiters.wait_for_volume_resource_status(backup_client, backup['id'],

      File "/opt/stack/tempest/tempest/common/waiters.py", line 305, in wait_for_volume_resource_status
    raise exceptions.VolumeResourceBuildErrorException(

    tempest.exceptions.VolumeResourceBuildErrorException: backup b90b8267-7276-472b-a831-8ce5a2a07fce failed to build and is in ERROR status


Captured pythonlogging:
~~~~~~~~~~~~~~~~~~~~~~~
    2022-09-23 15:17:29,041 147378 INFO     [tempest.lib.common.rest_client] Request (VolumesBackupsTest:test_volume_backup_create_get_detailed_list_restore_delete): 202 POST http://192.168.79.47/volume/v3/257316ad00c0446e8c7ff7be3eef220e/volumes 0.212s
2022-09-23 15:17:29,042 147378 DEBUG    [tempest.lib.common.rest_client] Request - Headers: {'Content-Type': 'application/json', 'Accept': 'application/json', 'X-Auth-Token': '<omitted>'}
        Body: {"volume": {"metadata": {"vol-meta1": "value1", "vol-meta2": "value2", "vol-meta3": "value3"}, "size": 1, "name": "tempest-VolumesBackupsTest-Volume-747020455"}}
    Response - Headers: {'date': 'Fri, 23 Sep 2022 15:17:28 GMT', 'server': 'Apache/2.4.41 (Ubuntu)', 'content-type': 'application/json', 'x-compute-request-id': 'req-75b4b038-3971-43ba-818e-64ecc18cff5a', 'content-length': '882', 'openstack-api-version': 'volume 3.0', 'vary': 'OpenStack-API-Version', 'x-openstack-request-id': 'req-75b4b038-3971-43ba-818e-64ecc18cff5a', 'connection': 'close', 'status': '202', 'content-location': 'http://192.168.79.47/volume/v3/257316ad00c0446e8c7ff7be3eef220e/volumes'}
        Body: b'{"volume": {"id": "7cc0f139-7b41-47a1-8c7b-e25b9b901c53", "status": "creating", "size": 1, "availability_zone": "nova", "created_at": "2022-09-23T15:17:28.967150", "updated_at": null, "name": "tempest-VolumesBackupsTest-Volume-747020455", "description": null, "volume_type": "3par1", "snapshot_id": null, "source_volid": null, "metadata": {"vol-meta1": "value1", "vol-meta2": "value2", "vol-meta3": "value3"}, "links": [{"rel": "self", "href": "http://192.168.79.47/volume/v3/257316ad00c0446e8c7ff7be3eef220e/volumes/7cc0f139-7b41-47a1-8c7b-e25b9b901c53"}, {"rel": "bookmark", "href": "http://192.168.79.47/volume/257316ad00c0446e8c7ff7be3eef220e/volumes/7cc0f139-7b41-47a1-8c7b-e25b9b901c53"}], "user_id": "e700e1f25c2748f3b84eaabb26d63233", "bootable": "false", "encrypted": false, "replication_status": null, "consistencygroup_id": null, "multiattach": false, "attachments": []}}'
2022-09-23 15:17:29,090 147378 INFO     [tempest.lib.common.rest_client] Request (VolumesBackupsTest:test_volume_backup_create_get_detailed_list_restore_delete): 200 GET http://192.168.79.47/volume/v3/257316ad00c0446e8c7ff7be3eef220e/volumes/7cc0f139-7b41-47a1-8c7b-e25b9b901c53 0.039s
2022-09-23 15:17:29,091 147378 DEBUG    [tempest.lib.common.rest_client] Request - Headers: {'Content-Type': 'application/json', 'Accept': 'application/json', 'X-Auth-Token': '<omitted>'}
        Body: None
    Response - Headers: {'date': 'Fri, 23 Sep 2022 15:17:29 GMT', 'server': 'Apache/2.4.41 (Ubuntu)', 'content-type': 'application/json', 'x-compute-request-id': 'req-6324b9e2-8904-4c1a-8d10-6b3b2a366259', 'content-length': '950', 'openstack-api-version': 'volume 3.0', 'vary': 'OpenStack-API-Version', 'x-openstack-request-id': 'req-6324b9e2-8904-4c1a-8d10-6b3b2a366259', 'connection': 'close', 'status': '200', 'content-location': 'http://192.168.79.47/volume/v3/257316ad00c0446e8c7ff7be3eef220e/volumes/7cc0f139-7b41-47a1-8c7b-e25b9b901c53'}
        Body: b'{"volume": {"id": "7cc0f139-7b41-47a1-8c7b-e25b9b901c53", "status": "creating", "size": 1, "availability_zone": "nova", "created_at": "2022-09-23T15:17:29.000000", "updated_at": null, "name": "tempest-VolumesBackupsTest-Volume-747020455", "description": null, "volume_type": "3par1", "snapshot_id": null, "source_volid": null, "metadata": {"vol-meta1": "value1", "vol-meta2": "value2", "vol-meta3": "value3"}, "links": [{"rel": "self", "href": "http://192.168.79.47/volume/v3/257316ad00c0446e8c7ff7be3eef220e/volumes/7cc0f139-7b41-47a1-8c7b-e25b9b901c53"}, {"rel": "bookmark", "href": "http://192.168.79.47/volume/257316ad00c0446e8c7ff7be3eef220e/volumes/7cc0f139-7b41-47a1-8c7b-e25b9b901c53"}], "user_id": "e700e1f25c2748f3b84eaabb26d63233", "bootable": "false", "encrypted": false, "replication_status": null, "consistencygroup_id": null, "multiattach": false, "attachments": [], "os-vol-tenant-attr:tenant_id": "257316ad00c0446e8c7ff7be3eef220e"}}'
2022-09-23 15:17:30,146 147378 INFO     [tempest.lib.common.rest_cli
    ent] Request (VolumesBackupsTest:test_volume_backup_create_get_detailed_list_restore_delete): 200 GET http://192.168.79.47/volume/v3/257316ad00c0446e8c7ff7be3eef220e/volumes/7cc0f139-7b41-47a1-8c7b-e25b9b901c53 0.041s
2022-09-23 15:17:30,147 147378 DEBUG    [tempest.lib.common.rest_client] Request - Headers: {'Content-Type': 'application/json', 'Accept': 'application/json', 'X-Auth-Token': '<omitted>'}
        Body: None
    Response - Headers: {'date': 'Fri, 23 Sep 2022 15:17:30 GMT', 'server': 'Apache/2.4.41 (Ubuntu)', 'content-type': 'application/json', 'x-compute-request-id': 'req-411c1f7f-6258-46c8-8666-aa455e9c88c8', 'content-length': '975', 'openstack-api-version': 'volume 3.0', 'vary': 'OpenStack-API-Version', 'x-openstack-request-id': 'req-411c1f7f-6258-46c8-8666-aa455e9c88c8', 'connection': 'close', 'status': '200', 'content-location': 'http://192.168.79.47/volume/v3/257316ad00c0446e8c7ff7be3eef220e/volumes/7cc0f139-7b41-47a1-8c7b-e25b9b901c53'}
        Body: b'{"volume": {"id": "7cc0f139-7b41-47a1-8c7b-e25b9b901c53", "status": "available", "size": 1, "availability_zone": "nova", "created_at": "2022-09-23T15:17:29.000000", "updated_at": "2022-09-23T15:17:29.000000", "name": "tempest-VolumesBackupsTest-Volume-747020455", "description": null, "volume_type": "3par1", "snapshot_id": null, "source_volid": null, "metadata": {"vol-meta1": "value1", "vol-meta2": "value2", "vol-meta3": "value3"}, "links": [{"rel": "self", "href": "http://192.168.79.47/volume/v3/257316ad00c0446e8c7ff7be3eef220e/volumes/7cc0f139-7b41-47a1-8c7b-e25b9b901c53"}, {"rel": "bookmark", "href": "http://192.168.79.47/volume/257316ad00c0446e8c7ff7be3eef220e/volumes/7cc0f139-7b41-47a1-8c7b-e25b9b901c53"}], "user_id": "e700e1f25c2748f3b84eaabb26d63233", "bootable": "false", "encrypted": false, "replication_status": null, "consistencygroup_id": null, "multiattach": false, "attachments": [], "os-vol-tenant-attr:tenant_id": "257316ad00c0446e8c7ff7be3eef220e"}}'
2022-09-23 15:17:30,160 147378 INFO     [tempest.common.waiters] volume 7cc0f139-7b41-47a1-8c7b-e25b9b901c53 reached available after waiting for 1.160701 seconds
2022-09-23 15:17:30,299 147378 INFO     [tempest.lib.common.rest_client] Request (VolumesBackupsTest:test_volume_backup_create_get_detailed_list_restore_delete): 202 POST http://192.168.79.47/volume/v3/257316ad00c0446e8c7ff7be3eef220e/backups 0.138s
2022-09-23 15:17:30,300 147378 DEBUG    [tempest.lib.common.rest_client] Request - Headers: {'Content-Type': 'application/json', 'Accept': 'application/json', 'X-Auth-Token': '<omitted>'}
        Body: {"backup": {"volume_id": "7cc0f139-7b41-47a1-8c7b-e25b9b901c53", "name": "tempest-VolumesBackupsTest-Backup-1771044073", "description": "tempest-volume-backup-description-1811468408", "container": "container"}}
    Response - Headers: {'date': 'Fri, 23 Sep 2022 15:17:30 GMT', 'server': 'Apache/2.4.41 (Ubuntu)', 'content-type': 'application/json', 'x-compute-request-id': 'req-4dd67a0f-54c8-44e1-bfc5-fafb9e0f7cf0', 'content-length': '400', 'openstack-api-version': 'volume 3.0', 'vary': 'OpenStack-API-Version', 'x-openstack-request-id': 'req-4dd67a0f-54c8-44e1-bfc5-fafb9e0f7cf0', 'connection': 'close', 'status': '202', 'content-location': 'http://192.168.79.47/volume/v3/257316ad00c0446e8c7ff7be3eef220e/backups'}
        Body: b'{"backup": {"id": "b90b8267-7276-472b-a831-8ce5a2a07fce", "name": "tempest-VolumesBackupsTest-Backup-1771044073", "links": [{"rel": "self", "href": "http://192.168.79.47/volume/v3/257316ad00c0446e8c7ff7be3eef220e/backups/b90b8267-7276-472b-a831-8ce5a2a07fce"}, {"rel": "bookmark", "href": "http://192.168.79.47/volume/257316ad00c0446e8c7ff7be3eef220e/backups/b90b8267-7276-472b-a831-8ce5a2a07fce"}]}}'
2022-09-23 15:17:30,329 147378 INFO     [tempest.lib.common.rest_client] Request (VolumesBackupsTest:test_volume_backup_create_get_detailed_list_restore_delete): 200 GET http://192.168.79.47/volume/v3/257316ad00c0446e8c7ff7be3eef220e/backups/b90b8267-7276-472b-a831-8ce5a2a07fce 0.027s
2022-09-23 15:17:30,329 147378 DEBUG    [tempest.lib.common.rest_client] Request - Headers: {'Co
    ntent-Type': 'application/json', 'Accept': 'application/json', 'X-Auth-Token': '<omitted>'}
        Body: None
    Response - Headers: {'date': 'Fri, 23 Sep 2022 15:17:30 GMT', 'server': 'Apache/2.4.41 (Ubuntu)', 'content-type': 'application/json', 'x-compute-request-id': 'req-3bbfb354-0b01-417b-a992-d5924cbf3c6e', 'content-length': '856', 'openstack-api-version': 'volume 3.0', 'vary': 'OpenStack-API-Version', 'x-openstack-request-id': 'req-3bbfb354-0b01-417b-a992-d5924cbf3c6e', 'connection': 'close', 'status': '200', 'content-location': 'http://192.168.79.47/volume/v3/257316ad00c0446e8c7ff7be3eef220e/backups/b90b8267-7276-472b-a831-8ce5a2a07fce'}
        Body: b'{"backup": {"id": "b90b8267-7276-472b-a831-8ce5a2a07fce", "status": "creating", "size": 1, "object_count": 0, "availability_zone": null, "container": "container", "created_at": "2022-09-23T15:17:30.000000", "updated_at": "2022-09-23T15:17:30.000000", "name": "tempest-VolumesBackupsTest-Backup-1771044073", "description": "tempest-volume-backup-description-1811468408", "fail_reason": null, "volume_id": "7cc0f139-7b41-47a1-8c7b-e25b9b901c53", "links": [{"rel": "self", "href": "http://192.168.79.47/volume/v3/257316ad00c0446e8c7ff7be3eef220e/backups/b90b8267-7276-472b-a831-8ce5a2a07fce"}, {"rel": "bookmark", "href": "http://192.168.79.47/volume/257316ad00c0446e8c7ff7be3eef220e/backups/b90b8267-7276-472b-a831-8ce5a2a07fce"}], "is_incremental": false, "has_dependent_backups": false, "snapshot_id": null, "data_timestamp": "2022-09-23T15:17:30.000000"}}'
2022-09-23 15:17:31,361 147378 INFO     [tempest.lib.common.rest_client] Request (VolumesBackupsTest:test_volume_backup_create_get_detailed_list_restore_delete): 200 GET http://192.168.79.47/volume/v3/257316ad00c0446e8c7ff7be3eef220e/backups/b90b8267-7276-472b-a831-8ce5a2a07fce 0.024s
2022-09-23 15:17:31,362 147378 DEBUG    [tempest.lib.common.rest_client] Request - Headers: {'Content-Type': 'application/json', 'Accept': 'application/json', 'X-Auth-Token': '<omitted>'}
        Body: None
    Response - Headers: {'date': 'Fri, 23 Sep 2022 15:17:31 GMT', 'server': 'Apache/2.4.41 (Ubuntu)', 'content-type': 'application/json', 'x-compute-request-id': 'req-71077b9a-474c-4111-a405-3ce189c1ba0b', 'content-length': '856', 'openstack-api-version': 'volume 3.0', 'vary': 'OpenStack-API-Version', 'x-openstack-request-id': 'req-71077b9a-474c-4111-a405-3ce189c1ba0b', 'connection': 'close', 'status': '200', 'content-location': 'http://192.168.79.47/volume/v3/257316ad00c0446e8c7ff7be3eef220e/backups/b90b8267-7276-472b-a831-8ce5a2a07fce'}
        Body: b'{"backup": {"id": "b90b8267-7276-472b-a831-8ce5a2a07fce", "status": "creating", "size": 1, "object_count": 0, "availability_zone": null, "container": "container", "created_at": "2022-09-23T15:17:30.000000", "updated_at": "2022-09-23T15:17:30.000000", "name": "tempest-VolumesBackupsTest-Backup-1771044073", "description": "tempest-volume-backup-description-1811468408", "fail_reason": null, "volume_id": "7cc0f139-7b41-47a1-8c7b-e25b9b901c53", "links": [{"rel": "self", "href": "http://192.168.79.47/volume/v3/257316ad00c0446e8c7ff7be3eef220e/backups/b90b8267-7276-472b-a831-8ce5a2a07fce"}, {"rel": "bookmark", "href": "http://192.168.79.47/volume/257316ad00c0446e8c7ff7be3eef220e/backups/b90b8267-7276-472b-a831-8ce5a2a07fce"}], "is_incremental": false, "has_dependent_backups": false, "snapshot_id": null, "data_timestamp": "2022-09-23T15:17:30.000000"}}'
2022-09-23 15:17:32,395 147378 INFO     [tempest.lib.common.rest_client] Request (VolumesBackupsTest:test_volume_backup_create_get_detailed_list_restore_delete): 200 GET http://192.168.79.47/volume/v3/257316ad00c0446e8c7ff7be3eef220e/backups/b90b8267-7276-472b-a831-8ce5a2a07fce 0.025s
2022-09-23 15:17:32,396 147378 DEBUG    [tempest.lib.common.rest_client] Request - Headers: {'Content-Type': 'application/json', 'Accept': 'application/json', 'X-Auth-Token': '<omitted>'}
        Body: None
    Response - Headers: {'date': 'Fri, 23 Sep 2022 15:17:32 GMT', 'server': 'Apache/2.4.41 (Ubuntu)', 'content-type': 'application/json', 'x-compute-request-id':
     'req-0f969930-ce86-45d1-92db-34d8e01c7dd0', 'content-length': '856', 'openstack-api-version': 'volume 3.0', 'vary': 'OpenStack-API-Version', 'x-openstack-request-id': 'req-0f969930-ce86-45d1-92db-34d8e01c7dd0', 'connection': 'close', 'status': '200', 'content-location': 'http://192.168.79.47/volume/v3/257316ad00c0446e8c7ff7be3eef220e/backups/b90b8267-7276-472b-a831-8ce5a2a07fce'}
        Body: b'{"backup": {"id": "b90b8267-7276-472b-a831-8ce5a2a07fce", "status": "creating", "size": 1, "object_count": 0, "availability_zone": null, "container": "container", "created_at": "2022-09-23T15:17:30.000000", "updated_at": "2022-09-23T15:17:30.000000", "name": "tempest-VolumesBackupsTest-Backup-1771044073", "description": "tempest-volume-backup-description-1811468408", "fail_reason": null, "volume_id": "7cc0f139-7b41-47a1-8c7b-e25b9b901c53", "links": [{"rel": "self", "href": "http://192.168.79.47/volume/v3/257316ad00c0446e8c7ff7be3eef220e/backups/b90b8267-7276-472b-a831-8ce5a2a07fce"}, {"rel": "bookmark", "href": "http://192.168.79.47/volume/257316ad00c0446e8c7ff7be3eef220e/backups/b90b8267-7276-472b-a831-8ce5a2a07fce"}], "is_incremental": false, "has_dependent_backups": false, "snapshot_id": null, "data_timestamp": "2022-09-23T15:17:30.000000"}}'
2022-09-23 15:17:33,429 147378 INFO     [tempest.lib.common.rest_client] Request (VolumesBackupsTest:test_volume_backup_create_get_detailed_list_restore_delete): 200 GET http://192.168.79.47/volume/v3/257316ad00c0446e8c7ff7be3eef220e/backups/b90b8267-7276-472b-a831-8ce5a2a07fce 0.027s
2022-09-23 15:17:33,430 147378 DEBUG    [tempest.lib.common.rest_client] Request - Headers: {'Content-Type': 'application/json', 'Accept': 'application/json', 'X-Auth-Token': '<omitted>'}
        Body: None
    Response - Headers: {'date': 'Fri, 23 Sep 2022 15:17:33 GMT', 'server': 'Apache/2.4.41 (Ubuntu)', 'content-type': 'application/json', 'x-compute-request-id': 'req-598a1754-bc1a-4d41-a6d0-0afd28da3a1e', 'content-length': '1110', 'openstack-api-version': 'volume 3.0', 'vary': 'OpenStack-API-Version', 'x-openstack-request-id': 'req-598a1754-bc1a-4d41-a6d0-0afd28da3a1e', 'connection': 'close', 'status': '200', 'content-location': 'http://192.168.79.47/volume/v3/257316ad00c0446e8c7ff7be3eef220e/backups/b90b8267-7276-472b-a831-8ce5a2a07fce'}
        Body: b'{"backup": {"id": "b90b8267-7276-472b-a831-8ce5a2a07fce", "status": "error", "size": 1, "object_count": 0, "availability_zone": null, "container": "container", "created_at": "2022-09-23T15:17:30.000000", "updated_at": "2022-09-23T15:17:33.000000", "name": "tempest-VolumesBackupsTest-Backup-1771044073", "description": "tempest-volume-backup-description-1811468408", "fail_reason": "Bad or unexpected response from the storage volume backend API: Driver initialize connection failed (error: Conflict (HTTP 409) 34 - resource in use).\\nTraceback (most recent call last):\\n\\n  File \\"/usr/local/lib/python3.8/dist-packages/cinder/volume/manager", "volume_id": "7cc0f139-7b41-47a1-8c7b-e25b9b901c53", "links": [{"rel": "self", "href": "http://192.168.79.47/volume/v3/257316ad00c0446e8c7ff7be3eef220e/backups/b90b8267-7276-472b-a831-8ce5a2a07fce"}, {"rel": "bookmark", "href": "http://192.168.79.47/volume/257316ad00c0446e8c7ff7be3eef220e/backups/b90b8267-7276-472b-a831-8ce5a2a07fce"}], "is_incremental": false, "has_dependent_backups": false, "snapshot_id": null, "data_timestamp": "2022-09-23T15:17:30.000000"}}'
2022-09-23 15:17:33,521 147378 INFO     [tempest.lib.common.rest_client] Request (VolumesBackupsTest:_run_cleanups): 202 DELETE http://192.168.79.47/volume/v3/257316ad00c0446e8c7ff7be3eef220e/backups/b90b8267-7276-472b-a831-8ce5a2a07fce 0.050s
2022-09-23 15:17:33,522 147378 DEBUG    [tempest.lib.common.rest_client] Request - Headers: {'Content-Type': 'application/json', 'Accept': 'application/json', 'X-Auth-Token': '<omitted>'}
        Body: None
    Response - Headers: {'date': 'Fri, 23 Sep 2022 15:17:33 GMT', 'server': 'Apache/2.4.41 (Ubuntu)', 'x-compute-request-id': 'req-8febf1ae-40e4-49ed-9481-314c21db493f', 'content-length': '0', 'content-type': 'applic
    ation/json', 'openstack-api-version': 'volume 3.0', 'vary': 'OpenStack-API-Version', 'x-openstack-request-id': 'req-8febf1ae-40e4-49ed-9481-314c21db493f', 'connection': 'close', 'status': '202', 'content-location': 'http://192.168.79.47/volume/v3/257316ad00c0446e8c7ff7be3eef220e/backups/b90b8267-7276-472b-a831-8ce5a2a07fce'}
        Body: b''
2022-09-23 15:17:33,541 147378 INFO     [tempest.lib.common.rest_client] Request (VolumesBackupsTest:_run_cleanups): 200 GET http://192.168.79.47/volume/v3/257316ad00c0446e8c7ff7be3eef220e/backups/b90b8267-7276-472b-a831-8ce5a2a07fce 0.018s
2022-09-23 15:17:33,542 147378 DEBUG    [tempest.lib.common.rest_client] Request - Headers: {'Content-Type': 'application/json', 'Accept': 'application/json', 'X-Auth-Token': '<omitted>'}
        Body: None
    Response - Headers: {'date': 'Fri, 23 Sep 2022 15:17:33 GMT', 'server': 'Apache/2.4.41 (Ubuntu)', 'content-type': 'application/json', 'x-compute-request-id': 'req-84505462-9fdb-4053-aac6-dd0ee5d4facc', 'content-length': '1113', 'openstack-api-version': 'volume 3.0', 'vary': 'OpenStack-API-Version', 'x-openstack-request-id': 'req-84505462-9fdb-4053-aac6-dd0ee5d4facc', 'connection': 'close', 'status': '200', 'content-location': 'http://192.168.79.47/volume/v3/257316ad00c0446e8c7ff7be3eef220e/backups/b90b8267-7276-472b-a831-8ce5a2a07fce'}
        Body: b'{"backup": {"id": "b90b8267-7276-472b-a831-8ce5a2a07fce", "status": "deleting", "size": 1, "object_count": 0, "availability_zone": null, "container": "container", "created_at": "2022-09-23T15:17:30.000000", "updated_at": "2022-09-23T15:17:34.000000", "name": "tempest-VolumesBackupsTest-Backup-1771044073", "description": "tempest-volume-backup-description-1811468408", "fail_reason": "Bad or unexpected response from the storage volume backend API: Driver initialize connection failed (error: Conflict (HTTP 409) 34 - resource in use).\\nTraceback (most recent call last):\\n\\n  File \\"/usr/local/lib/python3.8/dist-packages/cinder/volume/manager", "volume_id": "7cc0f139-7b41-47a1-8c7b-e25b9b901c53", "links": [{"rel": "self", "href": "http://192.168.79.47/volume/v3/257316ad00c0446e8c7ff7be3eef220e/backups/b90b8267-7276-472b-a831-8ce5a2a07fce"}, {"rel": "bookmark", "href": "http://192.168.79.47/volume/257316ad00c0446e8c7ff7be3eef220e/backups/b90b8267-7276-472b-a831-8ce5a2a07fce"}], "is_incremental": false, "has_dependent_backups": false, "snapshot_id": null, "data_timestamp": "2022-09-23T15:17:30.000000"}}'
2022-09-23 15:17:34,570 147378 INFO     [tempest.lib.common.rest_client] Request (VolumesBackupsTest:_run_cleanups): 404 GET http://192.168.79.47/volume/v3/257316ad00c0446e8c7ff7be3eef220e/backups/b90b8267-7276-472b-a831-8ce5a2a07fce 0.021s
2022-09-23 15:17:34,570 147378 DEBUG    [tempest.lib.common.rest_client] Request - Headers: {'Content-Type': 'application/json', 'Accept': 'application/json', 'X-Auth-Token': '<omitted>'}
        Body: None
    Response - Headers: {'date': 'Fri, 23 Sep 2022 15:17:34 GMT', 'server': 'Apache/2.4.41 (Ubuntu)', 'openstack-api-version': 'volume 3.0', 'vary': 'OpenStack-API-Version', 'content-length': '109', 'content-type': 'application/json', 'x-compute-request-id': 'req-6ce654d3-bbfd-42cc-b3a2-cf43a489e08e', 'x-openstack-request-id': 'req-6ce654d3-bbfd-42cc-b3a2-cf43a489e08e', 'connection': 'close', 'status': '404', 'content-location': 'http://192.168.79.47/volume/v3/257316ad00c0446e8c7ff7be3eef220e/backups/b90b8267-7276-472b-a831-8ce5a2a07fce'}
        Body: b'{"itemNotFound": {"code": 404, "message": "Backup b90b8267-7276-472b-a831-8ce5a2a07fce could not be found."}}'
2022-09-23 15:17:34,627 147378 INFO     [tempest.lib.common.rest_client] Request (VolumesBackupsTest:_run_cleanups): 202 DELETE http://192.168.79.47/volume/v3/257316ad00c0446e8c7ff7be3eef220e/volumes/7cc0f139-7b41-47a1-8c7b-e25b9b901c53 0.056s
2022-09-23 15:17:34,628 147378 DEBUG    [tempest.lib.common.rest_client] Request - Headers: {'Content-Type': 'application/json', 'Accept': 'application/json', 'X-Auth-Token': '<omitted>'}
        Body: None
    Response - Headers: {'date': 'Fri, 23 Sep 2022 
    15:17:34 GMT', 'server': 'Apache/2.4.41 (Ubuntu)', 'content-length': '0', 'content-type': 'text/html; charset=UTF-8', 'openstack-api-version': 'volume 3.0', 'vary': 'OpenStack-API-Version', 'x-openstack-request-id': 'req-90b7ecc2-37f6-47f8-a8d2-18d1db7ead73', 'connection': 'close', 'status': '202', 'content-location': 'http://192.168.79.47/volume/v3/257316ad00c0446e8c7ff7be3eef220e/volumes/7cc0f139-7b41-47a1-8c7b-e25b9b901c53'}
        Body: b''
2022-09-23 15:17:34,684 147378 INFO     [tempest.lib.common.rest_client] Request (VolumesBackupsTest:_run_cleanups): 200 GET http://192.168.79.47/volume/v3/257316ad00c0446e8c7ff7be3eef220e/volumes/7cc0f139-7b41-47a1-8c7b-e25b9b901c53 0.055s
2022-09-23 15:17:34,684 147378 DEBUG    [tempest.lib.common.rest_client] Request - Headers: {'Content-Type': 'application/json', 'Accept': 'application/json', 'X-Auth-Token': '<omitted>'}
        Body: None
    Response - Headers: {'date': 'Fri, 23 Sep 2022 15:17:34 GMT', 'server': 'Apache/2.4.41 (Ubuntu)', 'content-type': 'application/json', 'x-compute-request-id': 'req-38d507c1-f8da-4552-b9ce-15aa00ed579d', 'content-length': '974', 'openstack-api-version': 'volume 3.0', 'vary': 'OpenStack-API-Version', 'x-openstack-request-id': 'req-38d507c1-f8da-4552-b9ce-15aa00ed579d', 'connection': 'close', 'status': '200', 'content-location': 'http://192.168.79.47/volume/v3/257316ad00c0446e8c7ff7be3eef220e/volumes/7cc0f139-7b41-47a1-8c7b-e25b9b901c53'}
        Body: b'{"volume": {"id": "7cc0f139-7b41-47a1-8c7b-e25b9b901c53", "status": "deleting", "size": 1, "availability_zone": "nova", "created_at": "2022-09-23T15:17:29.000000", "updated_at": "2022-09-23T15:17:35.000000", "name": "tempest-VolumesBackupsTest-Volume-747020455", "description": null, "volume_type": "3par1", "snapshot_id": null, "source_volid": null, "metadata": {"vol-meta1": "value1", "vol-meta2": "value2", "vol-meta3": "value3"}, "links": [{"rel": "self", "href": "http://192.168.79.47/volume/v3/257316ad00c0446e8c7ff7be3eef220e/volumes/7cc0f139-7b41-47a1-8c7b-e25b9b901c53"}, {"rel": "bookmark", "href": "http://192.168.79.47/volume/257316ad00c0446e8c7ff7be3eef220e/volumes/7cc0f139-7b41-47a1-8c7b-e25b9b901c53"}], "user_id": "e700e1f25c2748f3b84eaabb26d63233", "bootable": "false", "encrypted": false, "replication_status": null, "consistencygroup_id": null, "multiattach": false, "attachments": [], "os-vol-tenant-attr:tenant_id": "257316ad00c0446e8c7ff7be3eef220e"}}'
2022-09-23 15:17:35,720 147378 INFO     [tempest.lib.common.rest_client] Request (VolumesBackupsTest:_run_cleanups): 404 GET http://192.168.79.47/volume/v3/257316ad00c0446e8c7ff7be3eef220e/volumes/7cc0f139-7b41-47a1-8c7b-e25b9b901c53 0.028s
2022-09-23 15:17:35,721 147378 DEBUG    [tempest.lib.common.rest_client] Request - Headers: {'Content-Type': 'application/json', 'Accept': 'application/json', 'X-Auth-Token': '<omitted>'}
        Body: None
    Response - Headers: {'date': 'Fri, 23 Sep 2022 15:17:35 GMT', 'server': 'Apache/2.4.41 (Ubuntu)', 'openstack-api-version': 'volume 3.0', 'vary': 'OpenStack-API-Version', 'content-length': '109', 'content-type': 'application/json', 'x-compute-request-id': 'req-5c7ad808-b644-4a78-90ca-dbc6f1496526', 'x-openstack-request-id': 'req-5c7ad808-b644-4a78-90ca-dbc6f1496526', 'connection': 'close', 'status': '404', 'content-location': 'http://192.168.79.47/volume/v3/257316ad00c0446e8c7ff7be3eef220e/volumes/7cc0f139-7b41-47a1-8c7b-e25b9b901c53'}
        Body: b'{"itemNotFound": {"code": 404, "message": "Volume 7cc0f139-7b41-47a1-8c7b-e25b9b901c53 could not be found."}}'



======
Totals
======
Ran: 248 tests in 1402.1900 sec.
 - Passed: 237
 - Skipped: 10
 - Expected Fail: 0
 - Unexpected Success: 0
 - Failed: 1
Sum of execute time for each test: 991.2176 sec.

==============
Worker Balance
==============
 - Worker 0 (248 tests) => 0:23:22.189960
