{0} setUpClass (tempest.api.compute.admin.test_live_migration.LiveAutoBlockMigrationV225Test) ... SKIPPED: Less than 2 compute nodes, skipping migration test.
{0} setUpClass (tempest.api.compute.admin.test_live_migration.LiveMigrationTest) ... SKIPPED: Less than 2 compute nodes, skipping migration test.
{0} tempest.api.compute.admin.test_volumes_negative.VolumesAdminNegativeTest.test_update_attached_volume_with_nonexistent_volume_in_uri [17.131312s] ... ok
{0} tempest.api.compute.servers.test_delete_server.DeleteServersTestJSON.test_delete_server_while_in_attached_volume [21.184542s] ... ok
{0} setUpClass (tempest.api.compute.servers.test_server_rescue.ServerBootFromVolumeStableRescueTest) ... SKIPPED: Stable rescue not available.
{0} setUpClass (tempest.api.compute.servers.test_server_rescue.ServerStableDeviceRescueTest) ... SKIPPED: Stable rescue not available.
{0} tempest.api.compute.servers.test_server_rescue_negative.ServerRescueNegativeTestJSON.test_rescued_vm_attach_volume [10.058061s] ... ok
{0} tempest.api.compute.servers.test_servers_negative.ServersNegativeTestJSON.test_create_server_from_non_bootable_volume [1.959813s] ... ok
{0} tempest.api.compute.servers.test_servers_negative.ServersNegativeTestJSON.test_create_server_invalid_bdm_in_2nd_dict [1.708062s] ... ok
{0} tempest.api.compute.volumes.test_volume_snapshots.VolumesSnapshotsTestJSON.test_volume_snapshot_create_get_list_delete [5.459305s] ... ok
{0} tempest.api.compute.volumes.test_volumes_get.VolumesGetTestJSON.test_volume_create_get_delete [1.594104s] ... ok
{0} tempest.api.compute.volumes.test_volumes_list.VolumesTestJSON.test_volume_list [0.100611s] ... ok
{0} tempest.api.compute.volumes.test_volumes_list.VolumesTestJSON.test_volume_list_param_limit [0.097302s] ... ok
{0} tempest.api.compute.volumes.test_volumes_list.VolumesTestJSON.test_volume_list_param_offset_and_limit [0.151223s] ... ok
{0} tempest.api.compute.volumes.test_volumes_list.VolumesTestJSON.test_volume_list_with_detail_param_limit [0.113706s] ... ok
{0} tempest.api.compute.volumes.test_volumes_list.VolumesTestJSON.test_volume_list_with_detail_param_offset_and_limit [0.171774s] ... ok
{0} tempest.api.compute.volumes.test_volumes_list.VolumesTestJSON.test_volume_list_with_details [0.076410s] ... ok
{0} tempest.api.compute.volumes.test_volumes_negative.VolumesNegativeTest.test_create_volume_with_invalid_size [0.127680s] ... ok
{0} tempest.api.compute.volumes.test_volumes_negative.VolumesNegativeTest.test_create_volume_with_size_zero [0.014291s] ... ok
{0} tempest.api.compute.volumes.test_volumes_negative.VolumesNegativeTest.test_create_volume_without_passing_size [0.017118s] ... ok
{0} tempest.api.compute.volumes.test_volumes_negative.VolumesNegativeTest.test_delete_invalid_volume_id [0.048761s] ... ok
{0} tempest.api.compute.volumes.test_volumes_negative.VolumesNegativeTest.test_delete_volume_without_passing_volume_id [0.007227s] ... ok
{0} tempest.api.compute.volumes.test_volumes_negative.VolumesNegativeTest.test_get_volume_without_passing_volume_id [0.007326s] ... ok
{0} tempest.api.compute.volumes.test_volumes_negative.VolumesNegativeTest.test_volume_delete_nonexistent_volume_id [0.039738s] ... ok
{0} tempest.api.compute.volumes.test_volumes_negative.VolumesNegativeTest.test_volume_get_nonexistent_volume_id [0.038418s] ... ok
{0} tempest.api.volume.admin.test_backends_capabilities.BackendsCapabilitiesAdminTestsJSON.test_compare_volume_stats_values [0.123503s] ... ok
{0} tempest.api.volume.admin.test_backends_capabilities.BackendsCapabilitiesAdminTestsJSON.test_get_capabilities_backend [0.041078s] ... ok
{0} tempest.api.volume.admin.test_encrypted_volumes_extend.EncryptedVolumesExtendAttachedTest.test_extend_attached_encrypted_volume_luksv1 ... SKIPPED: Attached encrypted volume extend is disabled.
{0} tempest.api.volume.admin.test_encrypted_volumes_extend.EncryptedVolumesExtendAttachedTest.test_extend_attached_encrypted_volume_luksv2 ... SKIPPED: Attached encrypted volume extend is disabled.
{0} tempest.api.volume.admin.test_group_snapshots.GroupSnapshotsTest.test_create_group_from_group_snapshot [9.960443s] ... ok
{0} tempest.api.volume.admin.test_group_snapshots.GroupSnapshotsTest.test_delete_group_snapshots_following_updated_volumes [12.423128s] ... ok
{0} tempest.api.volume.admin.test_group_snapshots.GroupSnapshotsTest.test_group_snapshot_create_show_list_delete [6.659806s] ... ok
{0} tempest.api.volume.admin.test_group_snapshots.GroupSnapshotsV319Test.test_reset_group_snapshot_status [6.936186s] ... ok
{0} tempest.api.volume.admin.test_group_type_specs.GroupTypeSpecsTest.test_group_type_specs_create_show_update_list_delete [0.531505s] ... ok
{0} tempest.api.volume.admin.test_group_types.GroupTypesTest.test_group_type_create_list_update_show_delete [0.289817s] ... ok
{0} tempest.api.volume.admin.test_group_types.GroupTypesTest.test_group_type_list_by_optional_params [0.256895s] ... ok
{0} tempest.api.volume.admin.test_groups.GroupsTest.test_group_create_show_list_delete [7.031958s] ... ok
{0} tempest.api.volume.admin.test_groups.GroupsTest.test_group_update [7.814960s] ... ok
{0} tempest.api.volume.admin.test_groups.GroupsV314Test.test_create_group_from_group [7.225301s] ... ok
{0} tempest.api.volume.admin.test_groups.GroupsV320Test.test_reset_group_status [2.968307s] ... ok
{0} tempest.api.volume.admin.test_multi_backend.VolumeMultiBackendTest.test_backend_name_distinction [0.076686s] ... ok
{0} tempest.api.volume.admin.test_multi_backend.VolumeMultiBackendTest.test_backend_name_distinction_with_prefix [0.072348s] ... ok
{0} tempest.api.volume.admin.test_multi_backend.VolumeMultiBackendTest.test_backend_name_reporting [0.064983s] ... ok
{0} tempest.api.volume.admin.test_multi_backend.VolumeMultiBackendTest.test_backend_name_reporting_with_prefix [0.075140s] ... ok
{0} tempest.api.volume.admin.test_qos.QosSpecsTestJSON.test_associate_disassociate_qos [0.428792s] ... ok
{0} tempest.api.volume.admin.test_qos.QosSpecsTestJSON.test_create_delete_qos_with_back_end_consumer [0.128847s] ... ok
{0} tempest.api.volume.admin.test_qos.QosSpecsTestJSON.test_create_delete_qos_with_both_consumer [0.116769s] ... ok
{0} tempest.api.volume.admin.test_qos.QosSpecsTestJSON.test_create_delete_qos_with_front_end_consumer [0.119792s] ... ok
{0} tempest.api.volume.admin.test_qos.QosSpecsTestJSON.test_get_qos [0.023791s] ... ok
{0} tempest.api.volume.admin.test_qos.QosSpecsTestJSON.test_list_qos [0.023573s] ... ok
{0} tempest.api.volume.admin.test_qos.QosSpecsTestJSON.test_set_unset_qos_key [0.155389s] ... ok
{0} tempest.api.volume.admin.test_snapshots_actions.SnapshotsActionsTest.test_reset_snapshot_status [0.223009s] ... ok
{0} tempest.api.volume.admin.test_snapshots_actions.SnapshotsActionsTest.test_snapshot_force_delete_when_snapshot_is_creating [2.462303s] ... ok
{0} tempest.api.volume.admin.test_snapshots_actions.SnapshotsActionsTest.test_snapshot_force_delete_when_snapshot_is_deleting [2.460014s] ... ok
{0} tempest.api.volume.admin.test_snapshots_actions.SnapshotsActionsTest.test_snapshot_force_delete_when_snapshot_is_error [2.459535s] ... ok
{0} tempest.api.volume.admin.test_snapshots_actions.SnapshotsActionsTest.test_snapshot_force_delete_when_snapshot_is_error_deleting [2.511542s] ... ok
{0} tempest.api.volume.admin.test_snapshots_actions.SnapshotsActionsTest.test_update_snapshot_status [0.242841s] ... ok
{0} tempest.api.volume.admin.test_user_messages.UserMessagesTest.test_delete_message [1.698606s] ... ok
{0} tempest.api.volume.admin.test_user_messages.UserMessagesTest.test_list_show_messages [1.493667s] ... ok
{0} tempest.api.volume.admin.test_volume_hosts.VolumeHostsAdminTestsJSON.test_list_hosts [0.126943s] ... ok
{0} tempest.api.volume.admin.test_volume_hosts.VolumeHostsAdminTestsJSON.test_show_host [0.204546s] ... ok
{0} setUpClass (tempest.api.volume.admin.test_volume_manage.VolumeManageAdminTest) ... SKIPPED: Manage volume tests are disabled
{0} tempest.api.volume.admin.test_volume_pools.VolumePoolsAdminTestsJSON.test_get_pools_with_details [0.112707s] ... ok
{0} tempest.api.volume.admin.test_volume_pools.VolumePoolsAdminTestsJSON.test_get_pools_without_details [0.034645s] ... ok
{0} tempest.api.volume.admin.test_volume_quota_classes.VolumeQuotaClassesTest.test_show_default_quota [0.129218s] ... ok
{0} tempest.api.volume.admin.test_volume_quota_classes.VolumeQuotaClassesTest.test_update_default_quota [0.750088s] ... ok
{0} tempest.api.volume.admin.test_volume_quotas.VolumeQuotasAdminTestJSON.test_delete_quota [0.358356s] ... ok
{0} tempest.api.volume.admin.test_volume_quotas.VolumeQuotasAdminTestJSON.test_list_default_quotas [0.032642s] ... ok
{0} tempest.api.volume.admin.test_volume_quotas.VolumeQuotasAdminTestJSON.test_list_quotas [0.041943s] ... ok
{0} tempest.api.volume.admin.test_volume_quotas.VolumeQuotasAdminTestJSON.test_quota_usage [2.756227s] ... ok
{0} tempest.api.volume.admin.test_volume_quotas.VolumeQuotasAdminTestJSON.test_quota_usage_after_volume_transfer [3.319120s] ... ok
{0} tempest.api.volume.admin.test_volume_quotas.VolumeQuotasAdminTestJSON.test_show_quota_usage [0.048126s] ... ok
{0} tempest.api.volume.admin.test_volume_quotas.VolumeQuotasAdminTestJSON.test_update_all_quota_resources_for_tenant [0.335443s] ... ok
{0} tempest.api.volume.admin.test_volume_quotas_negative.VolumeQuotasNegativeTestJSON.test_quota_volume_gigabytes [0.231396s] ... ok
{0} tempest.api.volume.admin.test_volume_quotas_negative.VolumeQuotasNegativeTestJSON.test_quota_volumes [0.189508s] ... ok
{0} tempest.api.volume.admin.test_volume_quotas_negative.VolumeQuotasNegativeTestJSON.test_volume_extend_gigabytes_quota_deviation [0.169632s] ... ok
{0} tempest.api.volume.admin.test_volume_retype.VolumeRetypeWithoutMigrationTest.test_available_volume_retype [2.987359s] ... ok
{0} tempest.api.volume.admin.test_volume_services.VolumesServicesTestJSON.test_get_service_by_host_name [0.038192s] ... ok
{0} tempest.api.volume.admin.test_volume_services.VolumesServicesTestJSON.test_get_service_by_service_and_host_name [0.029692s] ... ok
{0} tempest.api.volume.admin.test_volume_services.VolumesServicesTestJSON.test_get_service_by_service_binary_name [0.026606s] ... ok
{0} tempest.api.volume.admin.test_volume_services.VolumesServicesTestJSON.test_get_service_by_volume_host_name [1.519770s] ... ok
{0} tempest.api.volume.admin.test_volume_services.VolumesServicesTestJSON.test_list_services [0.027559s] ... ok
{0} tempest.api.volume.admin.test_volume_services_negative.VolumeServicesNegativeTest.test_disable_log_reason_with_no_reason [0.021457s] ... ok
{0} tempest.api.volume.admin.test_volume_services_negative.VolumeServicesNegativeTest.test_disable_service_with_invalid_binary [0.026123s] ... ok
{0} tempest.api.volume.admin.test_volume_services_negative.VolumeServicesNegativeTest.test_enable_service_with_invalid_host [0.024278s] ... ok
{0} tempest.api.volume.admin.test_volume_services_negative.VolumeServicesNegativeTest.test_freeze_host_with_invalid_host [0.024216s] ... ok
{0} tempest.api.volume.admin.test_volume_services_negative.VolumeServicesNegativeTest.test_thaw_host_with_invalid_host [0.027522s] ... ok
{0} tempest.api.volume.admin.test_volume_snapshot_quotas_negative.VolumeSnapshotQuotasNegativeTestJSON.test_quota_volume_gigabytes_snapshots [0.256864s] ... ok
{0} tempest.api.volume.admin.test_volume_snapshot_quotas_negative.VolumeSnapshotQuotasNegativeTestJSON.test_quota_volume_snapshots [0.067497s] ... ok
{0} tempest.api.volume.admin.test_volume_type_access.VolumeTypesAccessTest.test_volume_type_access_add [1.677263s] ... ok
{0} tempest.api.volume.admin.test_volume_type_access.VolumeTypesAccessTest.test_volume_type_access_list [0.198092s] ... ok
{0} tempest.api.volume.admin.test_volume_types.VolumeTypesTest.test_volume_crud_with_volume_type_and_extra_specs [3.069320s] ... ok
{0} tempest.api.volume.admin.test_volume_types.VolumeTypesTest.test_volume_type_create_get_delete [0.059192s] ... ok
{0} tempest.api.volume.admin.test_volume_types.VolumeTypesTest.test_volume_type_encryption_create_get_update_delete [0.272758s] ... ok
{0} tempest.api.volume.admin.test_volume_types.VolumeTypesTest.test_volume_type_list [0.039564s] ... ok
{0} tempest.api.volume.admin.test_volume_types.VolumeTypesTest.test_volume_type_update [0.089553s] ... ok
{0} tempest.api.volume.admin.test_volume_types_extra_specs.VolumeTypesExtraSpecsTest.test_volume_type_extra_spec_create_get_delete [0.178016s] ... ok
{0} tempest.api.volume.admin.test_volume_types_extra_specs.VolumeTypesExtraSpecsTest.test_volume_type_extra_specs_list [0.079511s] ... ok
{0} tempest.api.volume.admin.test_volume_types_extra_specs.VolumeTypesExtraSpecsTest.test_volume_type_extra_specs_update [0.244825s] ... ok
{0} tempest.api.volume.admin.test_volume_types_extra_specs_negative.ExtraSpecsNegativeTest.test_create_invalid_body [0.024219s] ... ok
{0} tempest.api.volume.admin.test_volume_types_extra_specs_negative.ExtraSpecsNegativeTest.test_create_none_body [0.016595s] ... ok
{0} tempest.api.volume.admin.test_volume_types_extra_specs_negative.ExtraSpecsNegativeTest.test_create_nonexistent_type_id [0.289254s] ... ok
{0} tempest.api.volume.admin.test_volume_types_extra_specs_negative.ExtraSpecsNegativeTest.test_delete_nonexistent_volume_type_id [0.014388s] ... ok
{0} tempest.api.volume.admin.test_volume_types_extra_specs_negative.ExtraSpecsNegativeTest.test_get_nonexistent_extra_spec_name [0.023515s] ... ok
{0} tempest.api.volume.admin.test_volume_types_extra_specs_negative.ExtraSpecsNegativeTest.test_get_nonexistent_volume_type_id [0.022332s] ... ok
{0} tempest.api.volume.admin.test_volume_types_extra_specs_negative.ExtraSpecsNegativeTest.test_list_nonexistent_volume_type_id [0.021551s] ... ok
{0} tempest.api.volume.admin.test_volume_types_extra_specs_negative.ExtraSpecsNegativeTest.test_update_multiple_extra_spec [0.021365s] ... ok
{0} tempest.api.volume.admin.test_volume_types_extra_specs_negative.ExtraSpecsNegativeTest.test_update_no_body [0.018734s] ... ok
{0} tempest.api.volume.admin.test_volume_types_extra_specs_negative.ExtraSpecsNegativeTest.test_update_none_extra_spec_id [0.040028s] ... ok
{0} tempest.api.volume.admin.test_volume_types_extra_specs_negative.ExtraSpecsNegativeTest.test_update_nonexistent_extra_spec_id [0.030763s] ... ok
{0} tempest.api.volume.admin.test_volume_types_extra_specs_negative.ExtraSpecsNegativeTest.test_update_nonexistent_type_id [0.031671s] ... ok
{0} tempest.api.volume.admin.test_volume_types_negative.VolumeTypesNegativeTest.test_create_volume_type_encryption_nonexistent_type_id [0.128538s] ... ok
{0} tempest.api.volume.admin.test_volume_types_negative.VolumeTypesNegativeTest.test_create_volume_with_private_volume_type [0.155802s] ... ok
{0} tempest.api.volume.admin.test_volume_types_negative.VolumeTypesNegativeTest.test_create_with_empty_name [0.017120s] ... ok
{0} tempest.api.volume.admin.test_volume_types_negative.VolumeTypesNegativeTest.test_create_with_repeated_name [0.058719s] ... ok
{0} tempest.api.volume.admin.test_volume_types_negative.VolumeTypesNegativeTest.test_delete_nonexistent_type_id [0.021632s] ... ok
{0} tempest.api.volume.admin.test_volume_types_negative.VolumeTypesNegativeTest.test_get_nonexistent_type_id [0.021715s] ... ok
{0} tempest.api.volume.admin.test_volumes_actions.VolumesActionsTest.test_force_detach_volume [12.167137s] ... ok
{0} tempest.api.volume.admin.test_volumes_actions.VolumesActionsTest.test_volume_force_delete_when_volume_is_attaching [2.573109s] ... ok
{0} tempest.api.volume.admin.test_volumes_actions.VolumesActionsTest.test_volume_force_delete_when_volume_is_creating [2.600673s] ... ok
{0} tempest.api.volume.admin.test_volumes_actions.VolumesActionsTest.test_volume_force_delete_when_volume_is_error [2.696479s] ... ok
{0} tempest.api.volume.admin.test_volumes_actions.VolumesActionsTest.test_volume_force_delete_when_volume_is_maintenance [2.678605s] ... ok
{0} tempest.api.volume.admin.test_volumes_actions.VolumesActionsTest.test_volume_reset_status [1.791178s] ... ok
{0} tempest.api.volume.admin.test_volumes_backup.VolumesBackupsAdminTest.test_volume_backup_export_import [68.297732s] ... ok
{0} tempest.api.volume.admin.test_volumes_backup.VolumesBackupsAdminTest.test_volume_backup_reset_status [91.787575s] ... ok
{0} tempest.api.volume.admin.test_volumes_list.VolumesListAdminTestJSON.test_volume_list_param_tenant [1.491068s] ... ok
{0} tempest.api.volume.test_availability_zone.AvailabilityZoneTestJSON.test_get_availability_zone_list [0.088938s] ... ok
{0} tempest.api.volume.test_extensions.ExtensionsTestJSON.test_list_extensions [0.119968s] ... ok
{0} tempest.api.volume.test_image_metadata.VolumesImageMetadata.test_update_show_delete_image_metadata [0.243966s] ... ok
{0} tempest.api.volume.test_snapshot_metadata.SnapshotMetadataTestJSON.test_crud_snapshot_metadata [0.293651s] ... ok
{0} tempest.api.volume.test_snapshot_metadata.SnapshotMetadataTestJSON.test_update_show_snapshot_metadata_item [0.249799s] ... ok
{0} tempest.api.volume.test_versions.VersionsTest.test_list_versions [0.018088s] ... ok
{0} tempest.api.volume.test_versions.VersionsTest.test_show_version [0.112409s] ... ok
{0} tempest.api.volume.test_volume_absolute_limits.AbsoluteLimitsTests.test_get_volume_absolute_limits [0.059876s] ... ok
{0} tempest.api.volume.test_volume_delete_cascade.VolumesDeleteCascade.test_volume_delete_cascade [5.216772s] ... ok
{0} tempest.api.volume.test_volume_delete_cascade.VolumesDeleteCascade.test_volume_from_snapshot_cascade_delete [8.379166s] ... ok
{0} tempest.api.volume.test_volume_metadata.VolumesMetadataTest.test_crud_volume_metadata [0.323273s] ... ok
{0} tempest.api.volume.test_volume_metadata.VolumesMetadataTest.test_update_show_volume_metadata_item [0.217610s] ... ok
{0} tempest.api.volume.test_volume_transfers.VolumesTransfersTest.test_create_get_list_accept_volume_transfer [3.590429s] ... ok
{0} tempest.api.volume.test_volume_transfers.VolumesTransfersTest.test_create_list_delete_volume_transfer [2.806734s] ... ok
{0} tempest.api.volume.test_volume_transfers.VolumesTransfersV355Test.test_create_get_list_accept_volume_transfer [3.453635s] ... ok
{0} tempest.api.volume.test_volume_transfers.VolumesTransfersV355Test.test_create_list_delete_volume_transfer [2.688285s] ... ok
{0} tempest.api.volume.test_volume_transfers.VolumesTransfersV357Test.test_create_get_list_accept_volume_transfer [3.508572s] ... ok
{0} tempest.api.volume.test_volume_transfers.VolumesTransfersV357Test.test_create_list_delete_volume_transfer [2.776750s] ... ok
{0} tempest.api.volume.test_volumes_actions.VolumesActionsTest.test_attach_detach_volume_to_instance [10.815773s] ... ok
{0} tempest.api.volume.test_volumes_actions.VolumesActionsTest.test_get_volume_attachment [9.266945s] ... ok
{0} tempest.api.volume.test_volumes_actions.VolumesActionsTest.test_reserve_unreserve_volume [0.199163s] ... ok
{0} tempest.api.volume.test_volumes_actions.VolumesActionsTest.test_volume_bootable [0.188643s] ... ok
{0} tempest.api.volume.test_volumes_actions.VolumesActionsTest.test_volume_readonly_update [0.218300s] ... ok
{0} tempest.api.volume.test_volumes_actions.VolumesActionsTest.test_volume_upload [28.225783s] ... ok
{0} tempest.api.volume.test_volumes_backup.VolumesBackupsTest.test_bootable_volume_backup_and_restore [5.903422s] ... FAILED

Captured traceback:
~~~~~~~~~~~~~~~~~~~
    Traceback (most recent call last):

      File "/opt/stack/tempest/tempest/common/utils/__init__.py", line 70, in wrapper
    return f(*func_args, **func_kwargs)

      File "/opt/stack/tempest/tempest/api/volume/test_volumes_backup.py", line 143, in test_bootable_volume_backup_and_restore
    volume = self.create_volume(imageRef=img_uuid)

      File "/opt/stack/tempest/tempest/api/volume/base.py", line 131, in create_volume
    waiters.wait_for_volume_resource_status(cls.volumes_client,

      File "/opt/stack/tempest/tempest/common/waiters.py", line 305, in wait_for_volume_resource_status
    raise exceptions.VolumeResourceBuildErrorException(

    tempest.exceptions.VolumeResourceBuildErrorException: volume e66a5390-6ce9-4d17-b663-6614182d8862 failed to build and is in ERROR status


Captured pythonlogging:
~~~~~~~~~~~~~~~~~~~~~~~
    2022-09-14 03:03:00,864 145675 INFO     [tempest.lib.common.rest_client] Request (VolumesBackupsTest:test_bootable_volume_backup_and_restore): 200 GET http://192.168.79.45/image/v2/images/67a64fca-0ebf-48fe-ab6a-6ee7ff9f39f2 0.115s
2022-09-14 03:03:00,865 145675 DEBUG    [tempest.lib.common.rest_client] Request - Headers: {'Content-Type': 'application/json', 'Accept': 'application/json', 'X-Auth-Token': '<omitted>'}
        Body: None
    Response - Headers: {'date': 'Wed, 14 Sep 2022 03:03:00 GMT', 'server': 'Apache/2.4.41 (Ubuntu)', 'content-length': '976', 'content-type': 'application/json', 'x-openstack-request-id': 'req-4676710e-01c9-4d30-95b8-6759d8e2992c', 'connection': 'close', 'status': '200', 'content-location': 'http://192.168.79.45/image/v2/images/67a64fca-0ebf-48fe-ab6a-6ee7ff9f39f2'}
        Body: b'{"hw_rng_model": "virtio", "owner_specified.openstack.md5": "", "owner_specified.openstack.object": "images/cirros-0.5.1-x86_64-disk", "owner_specified.openstack.sha256": "", "name": "cirros-0.5.1-x86_64-disk", "disk_format": "qcow2", "container_format": "bare", "visibility": "public", "size": 16338944, "virtual_size": 117440512, "status": "active", "checksum": "1d3062cd89af34e419f7100277f38b2b", "protected": false, "min_ram": 0, "min_disk": 0, "owner": "159d4ee7cb844705a946bd34a8dc9d6e", "os_hidden": false, "os_hash_algo": "sha512", "os_hash_value": "553d220ed58cfee7dafe003c446a9f197ab5edf8ffc09396c74187cf83873c877e7ae041cb80f3b91489acf687183adcd689b53b38e3ddd22e627e7f98a09c46", "id": "67a64fca-0ebf-48fe-ab6a-6ee7ff9f39f2", "created_at": "2022-09-14T02:45:16Z", "updated_at": "2022-09-14T02:45:19Z", "tags": [], "self": "/v2/images/67a64fca-0ebf-48fe-ab6a-6ee7ff9f39f2", "file": "/v2/images/67a64fca-0ebf-48fe-ab6a-6ee7ff9f39f2/file", "schema": "/v2/schemas/image"}'
2022-09-14 03:03:01,268 145675 INFO     [tempest.lib.common.rest_client] Request (VolumesBackupsTest:test_bootable_volume_backup_and_restore): 202 POST http://192.168.79.45/volume/v3/ba324cf19e2c416b8b54c1382a132578/volumes 0.402s
2022-09-14 03:03:01,269 145675 DEBUG    [tempest.lib.common.rest_client] Request - Headers: {'Content-Type': 'application/json', 'Accept': 'application/json', 'X-Auth-Token': '<omitted>'}
        Body: {"volume": {"imageRef": "67a64fca-0ebf-48fe-ab6a-6ee7ff9f39f2", "size": 1, "name": "tempest-VolumesBackupsTest-Volume-551751557"}}
    Response - Headers: {'date': 'Wed, 14 Sep 2022 03:03:00 GMT', 'server': 'Apache/2.4.41 (Ubuntu)', 'content-type': 'application/json', 'x-compute-request-id': 'req-4fd9223f-e21d-48fa-8321-70cb98e2f60d', 'content-length': '815', 'openstack-api-version': 'volume 3.0', 'vary': 'OpenStack-API-Version', 'x-openstack-request-id': 'req-4fd9223f-e21d-48fa-8321-70cb98e2f60d', 'connection': 'close', 'status': '202', 'content-location': 'http://192.168.79.45/volume/v3/ba324cf19e2c416b8b54c1382a132578/volumes'}
        Body: b'{"volume": {"id": "e66a5390-6ce9-4d17-b663-6614182d8862", "status": "creating", "size": 1, "availability_zone": "nova", "created_at": "2022-09-14T03:03:01.192807", "updated_at": null, "name": "tempest-VolumesBackupsTest-Volume-551751557", "description": null, "volume_type": "3par1", "snapshot_id": null, "source_volid": null, "metadata": {}, "links": [{"rel": "self", "href": "http://192.168.79.45/volume/v3/ba324cf19e2c416b8b54c1382a132578/volumes/e66a5390-6ce9-4d17-b663-6614182d8862"}, {"rel": "bookmark", "href": "http://192.168.79.45/volume/ba324cf19e2c416b8b54c1382a132578/volumes/e66a5390-6ce9-4d17-b663-6614182d8862"}], "user_id": "49cdf06cad2044259d04027585bc401e", "bootable": "false", "encrypted": false, "replication_status": null, "consistencygroup_id": null, "multiattach": false, "attachments": []}}'
2022-09-14 03:03:01,316 145675 INFO     [tempest.lib.common.rest_client] Request (VolumesBackupsTest:test_bootable_volume_backup_and_restore): 200 GET http://192.168.79.45/volume/v3/ba324cf19e2c416b8b54c1382a132578/volumes/e66a5390-6ce9-4d17-b663-6614182d8862 0.035s
2022-09-14 03:03:01,316 145675 DEBUG    [tempest.lib.common.rest_client] Request - Headers: {'Content-Type': 'application
    /json', 'Accept': 'application/json', 'X-Auth-Token': '<omitted>'}
        Body: None
    Response - Headers: {'date': 'Wed, 14 Sep 2022 03:03:01 GMT', 'server': 'Apache/2.4.41 (Ubuntu)', 'content-type': 'application/json', 'x-compute-request-id': 'req-9d9b3923-5ce3-444e-a38c-bdbb8332dad3', 'content-length': '883', 'openstack-api-version': 'volume 3.0', 'vary': 'OpenStack-API-Version', 'x-openstack-request-id': 'req-9d9b3923-5ce3-444e-a38c-bdbb8332dad3', 'connection': 'close', 'status': '200', 'content-location': 'http://192.168.79.45/volume/v3/ba324cf19e2c416b8b54c1382a132578/volumes/e66a5390-6ce9-4d17-b663-6614182d8862'}
        Body: b'{"volume": {"id": "e66a5390-6ce9-4d17-b663-6614182d8862", "status": "creating", "size": 1, "availability_zone": "nova", "created_at": "2022-09-14T03:03:01.000000", "updated_at": null, "name": "tempest-VolumesBackupsTest-Volume-551751557", "description": null, "volume_type": "3par1", "snapshot_id": null, "source_volid": null, "metadata": {}, "links": [{"rel": "self", "href": "http://192.168.79.45/volume/v3/ba324cf19e2c416b8b54c1382a132578/volumes/e66a5390-6ce9-4d17-b663-6614182d8862"}, {"rel": "bookmark", "href": "http://192.168.79.45/volume/ba324cf19e2c416b8b54c1382a132578/volumes/e66a5390-6ce9-4d17-b663-6614182d8862"}], "user_id": "49cdf06cad2044259d04027585bc401e", "bootable": "false", "encrypted": false, "replication_status": null, "consistencygroup_id": null, "multiattach": false, "attachments": [], "os-vol-tenant-attr:tenant_id": "ba324cf19e2c416b8b54c1382a132578"}}'
2022-09-14 03:03:02,355 145675 INFO     [tempest.lib.common.rest_client] Request (VolumesBackupsTest:test_bootable_volume_backup_and_restore): 200 GET http://192.168.79.45/volume/v3/ba324cf19e2c416b8b54c1382a132578/volumes/e66a5390-6ce9-4d17-b663-6614182d8862 0.032s
2022-09-14 03:03:02,355 145675 DEBUG    [tempest.lib.common.rest_client] Request - Headers: {'Content-Type': 'application/json', 'Accept': 'application/json', 'X-Auth-Token': '<omitted>'}
        Body: None
    Response - Headers: {'date': 'Wed, 14 Sep 2022 03:03:02 GMT', 'server': 'Apache/2.4.41 (Ubuntu)', 'content-type': 'application/json', 'x-compute-request-id': 'req-b30c372b-cc60-46c0-8205-46f92374135d', 'content-length': '907', 'openstack-api-version': 'volume 3.0', 'vary': 'OpenStack-API-Version', 'x-openstack-request-id': 'req-b30c372b-cc60-46c0-8205-46f92374135d', 'connection': 'close', 'status': '200', 'content-location': 'http://192.168.79.45/volume/v3/ba324cf19e2c416b8b54c1382a132578/volumes/e66a5390-6ce9-4d17-b663-6614182d8862'}
        Body: b'{"volume": {"id": "e66a5390-6ce9-4d17-b663-6614182d8862", "status": "creating", "size": 1, "availability_zone": "nova", "created_at": "2022-09-14T03:03:01.000000", "updated_at": "2022-09-14T03:03:01.000000", "name": "tempest-VolumesBackupsTest-Volume-551751557", "description": null, "volume_type": "3par1", "snapshot_id": null, "source_volid": null, "metadata": {}, "links": [{"rel": "self", "href": "http://192.168.79.45/volume/v3/ba324cf19e2c416b8b54c1382a132578/volumes/e66a5390-6ce9-4d17-b663-6614182d8862"}, {"rel": "bookmark", "href": "http://192.168.79.45/volume/ba324cf19e2c416b8b54c1382a132578/volumes/e66a5390-6ce9-4d17-b663-6614182d8862"}], "user_id": "49cdf06cad2044259d04027585bc401e", "bootable": "false", "encrypted": false, "replication_status": null, "consistencygroup_id": null, "multiattach": false, "attachments": [], "os-vol-tenant-attr:tenant_id": "ba324cf19e2c416b8b54c1382a132578"}}'
2022-09-14 03:03:03,414 145675 INFO     [tempest.lib.common.rest_client] Request (VolumesBackupsTest:test_bootable_volume_backup_and_restore): 200 GET http://192.168.79.45/volume/v3/ba324cf19e2c416b8b54c1382a132578/volumes/e66a5390-6ce9-4d17-b663-6614182d8862 0.051s
2022-09-14 03:03:03,415 145675 DEBUG    [tempest.lib.common.rest_client] Request - Headers: {'Content-Type': 'application/json', 'Accept': 'application/json', 'X-Auth-Token': '<omitted>'}
        Body: None
    Response - Headers: {'date': 'Wed, 14 Sep 2022 03:03:03 GMT', 'server': 'Apache/2.4.41 (Ubuntu)', 'content-type': 'application/json', 'x-compu
    te-request-id': 'req-a5e20dff-1b17-4d26-86cb-dffd944dd1d8', 'content-length': '965', 'openstack-api-version': 'volume 3.0', 'vary': 'OpenStack-API-Version', 'x-openstack-request-id': 'req-a5e20dff-1b17-4d26-86cb-dffd944dd1d8', 'connection': 'close', 'status': '200', 'content-location': 'http://192.168.79.45/volume/v3/ba324cf19e2c416b8b54c1382a132578/volumes/e66a5390-6ce9-4d17-b663-6614182d8862'}
        Body: b'{"volume": {"id": "e66a5390-6ce9-4d17-b663-6614182d8862", "status": "creating", "size": 1, "availability_zone": "nova", "created_at": "2022-09-14T03:03:01.000000", "updated_at": "2022-09-14T03:03:01.000000", "name": "tempest-VolumesBackupsTest-Volume-551751557", "description": null, "volume_type": "3par1", "snapshot_id": null, "source_volid": null, "metadata": {}, "links": [{"rel": "self", "href": "http://192.168.79.45/volume/v3/ba324cf19e2c416b8b54c1382a132578/volumes/e66a5390-6ce9-4d17-b663-6614182d8862"}, {"rel": "bookmark", "href": "http://192.168.79.45/volume/ba324cf19e2c416b8b54c1382a132578/volumes/e66a5390-6ce9-4d17-b663-6614182d8862"}], "user_id": "49cdf06cad2044259d04027585bc401e", "bootable": "false", "encrypted": false, "replication_status": null, "consistencygroup_id": null, "multiattach": false, "attachments": [], "volume_image_metadata": {"signature_verified": "False"}, "os-vol-tenant-attr:tenant_id": "ba324cf19e2c416b8b54c1382a132578"}}'
2022-09-14 03:03:04,469 145675 INFO     [tempest.lib.common.rest_client] Request (VolumesBackupsTest:test_bootable_volume_backup_and_restore): 200 GET http://192.168.79.45/volume/v3/ba324cf19e2c416b8b54c1382a132578/volumes/e66a5390-6ce9-4d17-b663-6614182d8862 0.036s
2022-09-14 03:03:04,470 145675 DEBUG    [tempest.lib.common.rest_client] Request - Headers: {'Content-Type': 'application/json', 'Accept': 'application/json', 'X-Auth-Token': '<omitted>'}
        Body: None
    Response - Headers: {'date': 'Wed, 14 Sep 2022 03:03:04 GMT', 'server': 'Apache/2.4.41 (Ubuntu)', 'content-type': 'application/json', 'x-compute-request-id': 'req-2845f01a-0208-44a2-b8e0-cfd023c35659', 'content-length': '968', 'openstack-api-version': 'volume 3.0', 'vary': 'OpenStack-API-Version', 'x-openstack-request-id': 'req-2845f01a-0208-44a2-b8e0-cfd023c35659', 'connection': 'close', 'status': '200', 'content-location': 'http://192.168.79.45/volume/v3/ba324cf19e2c416b8b54c1382a132578/volumes/e66a5390-6ce9-4d17-b663-6614182d8862'}
        Body: b'{"volume": {"id": "e66a5390-6ce9-4d17-b663-6614182d8862", "status": "downloading", "size": 1, "availability_zone": "nova", "created_at": "2022-09-14T03:03:01.000000", "updated_at": "2022-09-14T03:03:04.000000", "name": "tempest-VolumesBackupsTest-Volume-551751557", "description": null, "volume_type": "3par1", "snapshot_id": null, "source_volid": null, "metadata": {}, "links": [{"rel": "self", "href": "http://192.168.79.45/volume/v3/ba324cf19e2c416b8b54c1382a132578/volumes/e66a5390-6ce9-4d17-b663-6614182d8862"}, {"rel": "bookmark", "href": "http://192.168.79.45/volume/ba324cf19e2c416b8b54c1382a132578/volumes/e66a5390-6ce9-4d17-b663-6614182d8862"}], "user_id": "49cdf06cad2044259d04027585bc401e", "bootable": "false", "encrypted": false, "replication_status": null, "consistencygroup_id": null, "multiattach": false, "attachments": [], "volume_image_metadata": {"signature_verified": "False"}, "os-vol-tenant-attr:tenant_id": "ba324cf19e2c416b8b54c1382a132578"}}'
2022-09-14 03:03:05,526 145675 INFO     [tempest.lib.common.rest_client] Request (VolumesBackupsTest:test_bootable_volume_backup_and_restore): 200 GET http://192.168.79.45/volume/v3/ba324cf19e2c416b8b54c1382a132578/volumes/e66a5390-6ce9-4d17-b663-6614182d8862 0.046s
2022-09-14 03:03:05,526 145675 DEBUG    [tempest.lib.common.rest_client] Request - Headers: {'Content-Type': 'application/json', 'Accept': 'application/json', 'X-Auth-Token': '<omitted>'}
        Body: None
    Response - Headers: {'date': 'Wed, 14 Sep 2022 03:03:05 GMT', 'server': 'Apache/2.4.41 (Ubuntu)', 'content-type': 'application/json', 'x-compute-request-id': 'req-09747c88-2d00-4818-9b5a-d2d943f68204', 'content-length': '968', 'ope
    nstack-api-version': 'volume 3.0', 'vary': 'OpenStack-API-Version', 'x-openstack-request-id': 'req-09747c88-2d00-4818-9b5a-d2d943f68204', 'connection': 'close', 'status': '200', 'content-location': 'http://192.168.79.45/volume/v3/ba324cf19e2c416b8b54c1382a132578/volumes/e66a5390-6ce9-4d17-b663-6614182d8862'}
        Body: b'{"volume": {"id": "e66a5390-6ce9-4d17-b663-6614182d8862", "status": "downloading", "size": 1, "availability_zone": "nova", "created_at": "2022-09-14T03:03:01.000000", "updated_at": "2022-09-14T03:03:05.000000", "name": "tempest-VolumesBackupsTest-Volume-551751557", "description": null, "volume_type": "3par1", "snapshot_id": null, "source_volid": null, "metadata": {}, "links": [{"rel": "self", "href": "http://192.168.79.45/volume/v3/ba324cf19e2c416b8b54c1382a132578/volumes/e66a5390-6ce9-4d17-b663-6614182d8862"}, {"rel": "bookmark", "href": "http://192.168.79.45/volume/ba324cf19e2c416b8b54c1382a132578/volumes/e66a5390-6ce9-4d17-b663-6614182d8862"}], "user_id": "49cdf06cad2044259d04027585bc401e", "bootable": "false", "encrypted": false, "replication_status": null, "consistencygroup_id": null, "multiattach": false, "attachments": [], "volume_image_metadata": {"signature_verified": "False"}, "os-vol-tenant-attr:tenant_id": "ba324cf19e2c416b8b54c1382a132578"}}'
2022-09-14 03:03:06,579 145675 INFO     [tempest.lib.common.rest_client] Request (VolumesBackupsTest:test_bootable_volume_backup_and_restore): 200 GET http://192.168.79.45/volume/v3/ba324cf19e2c416b8b54c1382a132578/volumes/e66a5390-6ce9-4d17-b663-6614182d8862 0.044s
2022-09-14 03:03:06,580 145675 DEBUG    [tempest.lib.common.rest_client] Request - Headers: {'Content-Type': 'application/json', 'Accept': 'application/json', 'X-Auth-Token': '<omitted>'}
        Body: None
    Response - Headers: {'date': 'Wed, 14 Sep 2022 03:03:06 GMT', 'server': 'Apache/2.4.41 (Ubuntu)', 'content-type': 'application/json', 'x-compute-request-id': 'req-1dfb3714-f6ca-4fe1-ac27-605b410b3c9f', 'content-length': '962', 'openstack-api-version': 'volume 3.0', 'vary': 'OpenStack-API-Version', 'x-openstack-request-id': 'req-1dfb3714-f6ca-4fe1-ac27-605b410b3c9f', 'connection': 'close', 'status': '200', 'content-location': 'http://192.168.79.45/volume/v3/ba324cf19e2c416b8b54c1382a132578/volumes/e66a5390-6ce9-4d17-b663-6614182d8862'}
        Body: b'{"volume": {"id": "e66a5390-6ce9-4d17-b663-6614182d8862", "status": "error", "size": 1, "availability_zone": "nova", "created_at": "2022-09-14T03:03:01.000000", "updated_at": "2022-09-14T03:03:06.000000", "name": "tempest-VolumesBackupsTest-Volume-551751557", "description": null, "volume_type": "3par1", "snapshot_id": null, "source_volid": null, "metadata": {}, "links": [{"rel": "self", "href": "http://192.168.79.45/volume/v3/ba324cf19e2c416b8b54c1382a132578/volumes/e66a5390-6ce9-4d17-b663-6614182d8862"}, {"rel": "bookmark", "href": "http://192.168.79.45/volume/ba324cf19e2c416b8b54c1382a132578/volumes/e66a5390-6ce9-4d17-b663-6614182d8862"}], "user_id": "49cdf06cad2044259d04027585bc401e", "bootable": "false", "encrypted": false, "replication_status": null, "consistencygroup_id": null, "multiattach": false, "attachments": [], "volume_image_metadata": {"signature_verified": "False"}, "os-vol-tenant-attr:tenant_id": "ba324cf19e2c416b8b54c1382a132578"}}'

{0} tempest.api.volume.test_volumes_backup.VolumesBackupsTest.test_volume_backup_create_get_detailed_list_restore_delete [91.376622s] ... ok
{0} tearDownClass (tempest.api.volume.test_volumes_backup.VolumesBackupsTest) [0.000000s] ... FAILED

Captured traceback:
~~~~~~~~~~~~~~~~~~~
    Traceback (most recent call last):

      File "/opt/stack/tempest/tempest/test.py", line 220, in tearDownClass
    raise value.with_traceback(trace)

      File "/opt/stack/tempest/tempest/test.py", line 192, in tearDownClass
    teardown()

      File "/opt/stack/tempest/tempest/test.py", line 602, in resource_cleanup
    raise testtools.MultipleExceptions(*cleanup_errors)

    testtools.runtest.MultipleExceptions: (<class 'tempest.lib.exceptions.TimeoutException'>, Request timed out
Details: (VolumesBackupsTest:tearDownClass) Failed to delete volume e66a5390-6ce9-4d17-b663-6614182d8862 within the required time (196 s). Timer started at 1663124678. Timer ended at 1663124874. Waited for 196 s., <traceback object at 0x7f948a2bca40>)

{0} tempest.api.volume.test_volumes_backup.VolumesBackupsV39Test.test_update_backup [51.451966s] ... ok
{0} tempest.api.volume.test_volumes_clone.VolumesCloneTest.test_create_from_bootable_volume [16.724852s] ... ok
{0} tempest.api.volume.test_volumes_clone.VolumesCloneTest.test_create_from_volume [2.726410s] ... ok
{0} tempest.api.volume.test_volumes_clone_negative.VolumesCloneNegativeTest.test_create_from_volume_decreasing_size [1.504563s] ... ok
{0} tempest.api.volume.test_volumes_extend.VolumesExtendAttachedTest.test_extend_attached_volume [23.815606s] ... ok
{0} tempest.api.volume.test_volumes_extend.VolumesExtendTest.test_volume_extend [16.537362s] ... ok
{0} tempest.api.volume.test_volumes_extend.VolumesExtendTest.test_volume_extend_when_volume_has_snapshot [3.760566s] ... ok
{0} tempest.api.volume.test_volumes_get.VolumesGetTest.test_volume_create_get_update_delete [5.332495s] ... ok
{0} tempest.api.volume.test_volumes_get.VolumesGetTest.test_volume_create_get_update_delete_as_clone [6.454680s] ... ok
{0} tempest.api.volume.test_volumes_get.VolumesGetTest.test_volume_create_get_update_delete_from_image [18.983926s] ... ok
{0} tempest.api.volume.test_volumes_get.VolumesSummaryTest.test_show_volume_summary [0.132944s] ... ok
{0} tempest.api.volume.test_volumes_list.VolumesListTestJSON.test_volume_list [0.050483s] ... ok
{0} tempest.api.volume.test_volumes_list.VolumesListTestJSON.test_volume_list_by_name [0.063512s] ... ok
{0} tempest.api.volume.test_volumes_list.VolumesListTestJSON.test_volume_list_details_by_name [0.057968s] ... ok
{0} tempest.api.volume.test_volumes_list.VolumesListTestJSON.test_volume_list_details_pagination [0.405022s] ... ok
{0} tempest.api.volume.test_volumes_list.VolumesListTestJSON.test_volume_list_details_with_multiple_params [0.131242s] ... ok
{0} tempest.api.volume.test_volumes_list.VolumesListTestJSON.test_volume_list_pagination [0.231103s] ... ok
{0} tempest.api.volume.test_volumes_list.VolumesListTestJSON.test_volume_list_param_display_name_and_status [0.068983s] ... ok
{0} tempest.api.volume.test_volumes_list.VolumesListTestJSON.test_volume_list_with_detail_param_display_name_and_status [0.060550s] ... ok
{0} tempest.api.volume.test_volumes_list.VolumesListTestJSON.test_volume_list_with_detail_param_marker [0.074034s] ... ok
{0} tempest.api.volume.test_volumes_list.VolumesListTestJSON.test_volume_list_with_detail_param_metadata [0.057306s] ... ok
{0} tempest.api.volume.test_volumes_list.VolumesListTestJSON.test_volume_list_with_details [0.078196s] ... ok
{0} tempest.api.volume.test_volumes_list.VolumesListTestJSON.test_volume_list_with_param_metadata [0.049806s] ... ok
{0} tempest.api.volume.test_volumes_list.VolumesListTestJSON.test_volumes_list_by_availability_zone [0.103136s] ... ok
{0} tempest.api.volume.test_volumes_list.VolumesListTestJSON.test_volumes_list_by_bootable [0.364257s] ... ok
{0} tempest.api.volume.test_volumes_list.VolumesListTestJSON.test_volumes_list_by_status [0.353842s] ... ok
{0} tempest.api.volume.test_volumes_list.VolumesListTestJSON.test_volumes_list_details_by_availability_zone [0.072863s] ... ok
{0} tempest.api.volume.test_volumes_list.VolumesListTestJSON.test_volumes_list_details_by_bootable [0.064657s] ... ok
{0} tempest.api.volume.test_volumes_list.VolumesListTestJSON.test_volumes_list_details_by_status [0.075416s] ... ok
{0} tempest.api.volume.test_volumes_negative.VolumesNegativeTest.test_attach_volumes_with_nonexistent_volume_id [9.070803s] ... ok
{0} tempest.api.volume.test_volumes_negative.VolumesNegativeTest.test_create_volume_from_deactivated_image [2.815698s] ... ok
{0} tempest.api.volume.test_volumes_negative.VolumesNegativeTest.test_create_volume_from_image_with_decreasing_size [2.515748s] ... ok
{0} tempest.api.volume.test_volumes_negative.VolumesNegativeTest.test_create_volume_with_invalid_size [0.020427s] ... ok
{0} tempest.api.volume.test_volumes_negative.VolumesNegativeTest.test_create_volume_with_nonexistent_snapshot_id [0.022403s] ... ok
{0} tempest.api.volume.test_volumes_negative.VolumesNegativeTest.test_create_volume_with_nonexistent_source_volid [0.021667s] ... ok
{0} tempest.api.volume.test_volumes_negative.VolumesNegativeTest.test_create_volume_with_nonexistent_volume_type [0.024759s] ... ok
{0} tempest.api.volume.test_volumes_negative.VolumesNegativeTest.test_create_volume_with_size_negative [0.012996s] ... ok
{0} tempest.api.volume.test_volumes_negative.VolumesNegativeTest.test_create_volume_with_size_zero [0.011213s] ... ok
{0} tempest.api.volume.test_volumes_negative.VolumesNegativeTest.test_create_volume_without_passing_size [0.009925s] ... ok
{0} tempest.api.volume.test_volumes_negative.VolumesNegativeTest.test_delete_invalid_volume_id [0.021771s] ... ok
{0} tempest.api.volume.test_volumes_negative.VolumesNegativeTest.test_delete_volume_without_passing_volume_id [0.008569s] ... ok
{0} tempest.api.volume.test_volumes_negative.VolumesNegativeTest.test_detach_volumes_with_invalid_volume_id [0.020518s] ... ok
{0} tempest.api.volume.test_volumes_negative.VolumesNegativeTest.test_get_invalid_volume_id [0.021408s] ... ok
{0} tempest.api.volume.test_volumes_negative.VolumesNegativeTest.test_get_volume_without_passing_volume_id [0.010509s] ... ok
{0} tempest.api.volume.test_volumes_negative.VolumesNegativeTest.test_list_volumes_detail_with_invalid_status [0.062220s] ... ok
{0} tempest.api.volume.test_volumes_negative.VolumesNegativeTest.test_list_volumes_detail_with_nonexistent_name [0.076463s] ... ok
{0} tempest.api.volume.test_volumes_negative.VolumesNegativeTest.test_list_volumes_with_invalid_status [0.063415s] ... ok
{0} tempest.api.volume.test_volumes_negative.VolumesNegativeTest.test_list_volumes_with_nonexistent_name [0.055026s] ... ok
{0} tempest.api.volume.test_volumes_negative.VolumesNegativeTest.test_reserve_volume_with_negative_volume_status [0.127487s] ... ok
{0} tempest.api.volume.test_volumes_negative.VolumesNegativeTest.test_reserve_volume_with_nonexistent_volume_id [0.024455s] ... ok
{0} tempest.api.volume.test_volumes_negative.VolumesNegativeTest.test_unreserve_volume_with_nonexistent_volume_id [0.032463s] ... ok
{0} tempest.api.volume.test_volumes_negative.VolumesNegativeTest.test_update_volume_with_empty_volume_id [0.011822s] ... ok
{0} tempest.api.volume.test_volumes_negative.VolumesNegativeTest.test_update_volume_with_invalid_volume_id [0.026374s] ... ok
{0} tempest.api.volume.test_volumes_negative.VolumesNegativeTest.test_update_volume_with_nonexistent_volume_id [0.020836s] ... ok
{0} tempest.api.volume.test_volumes_negative.VolumesNegativeTest.test_volume_delete_nonexistent_volume_id [0.021925s] ... ok
{0} tempest.api.volume.test_volumes_negative.VolumesNegativeTest.test_volume_extend_with_None_size [0.015209s] ... ok
{0} tempest.api.volume.test_volumes_negative.VolumesNegativeTest.test_volume_extend_with_non_number_size [0.014929s] ... ok
{0} tempest.api.volume.test_volumes_negative.VolumesNegativeTest.test_volume_extend_with_nonexistent_volume_id [0.020621s] ... ok
{0} tempest.api.volume.test_volumes_negative.VolumesNegativeTest.test_volume_extend_with_size_smaller_than_original_size [0.012271s] ... ok
{0} tempest.api.volume.test_volumes_negative.VolumesNegativeTest.test_volume_extend_without_passing_volume_id [0.020297s] ... ok
{0} tempest.api.volume.test_volumes_negative.VolumesNegativeTest.test_volume_get_nonexistent_volume_id [0.017753s] ... ok
{0} tempest.api.volume.test_volumes_snapshots.VolumesSnapshotTestJSON.test_snapshot_backup [77.129813s] ... ok
{0} tempest.api.volume.test_volumes_snapshots.VolumesSnapshotTestJSON.test_snapshot_create_delete_with_volume_in_use [39.270324s] ... ok
{0} tempest.api.volume.test_volumes_snapshots.VolumesSnapshotTestJSON.test_snapshot_create_get_list_update_delete [2.472879s] ... ok
{0} tempest.api.volume.test_volumes_snapshots.VolumesSnapshotTestJSON.test_snapshot_create_offline_delete_online [26.017776s] ... ok
{0} tempest.api.volume.test_volumes_snapshots.VolumesSnapshotTestJSON.test_volume_from_snapshot [7.264500s] ... ok
{0} tempest.api.volume.test_volumes_snapshots.VolumesSnapshotTestJSON.test_volume_from_snapshot_no_size [5.171282s] ... ok
{0} tempest.api.volume.test_volumes_snapshots_list.VolumesSnapshotListTestJSON.test_snapshot_list_param_limit [0.038801s] ... ok
{0} tempest.api.volume.test_volumes_snapshots_list.VolumesSnapshotListTestJSON.test_snapshot_list_param_limit_equals_infinite [0.054852s] ... ok
{0} tempest.api.volume.test_volumes_snapshots_list.VolumesSnapshotListTestJSON.test_snapshot_list_param_limit_equals_zero [0.026423s] ... ok
{0} tempest.api.volume.test_volumes_snapshots_list.VolumesSnapshotListTestJSON.test_snapshot_list_param_marker [0.078396s] ... ok
{0} tempest.api.volume.test_volumes_snapshots_list.VolumesSnapshotListTestJSON.test_snapshot_list_param_offset [0.039550s] ... ok
{0} tempest.api.volume.test_volumes_snapshots_list.VolumesSnapshotListTestJSON.test_snapshot_list_param_sort_created_at_asc [0.038411s] ... ok
{0} tempest.api.volume.test_volumes_snapshots_list.VolumesSnapshotListTestJSON.test_snapshot_list_param_sort_created_at_desc [0.029053s] ... ok
{0} tempest.api.volume.test_volumes_snapshots_list.VolumesSnapshotListTestJSON.test_snapshot_list_param_sort_id_asc [0.037266s] ... ok
{0} tempest.api.volume.test_volumes_snapshots_list.VolumesSnapshotListTestJSON.test_snapshot_list_param_sort_id_desc [0.043291s] ... ok
{0} tempest.api.volume.test_volumes_snapshots_list.VolumesSnapshotListTestJSON.test_snapshot_list_param_sort_name_asc [0.035290s] ... ok
{0} tempest.api.volume.test_volumes_snapshots_list.VolumesSnapshotListTestJSON.test_snapshot_list_param_sort_name_desc [0.035585s] ... ok
{0} tempest.api.volume.test_volumes_snapshots_list.VolumesSnapshotListTestJSON.test_snapshots_list_details_with_params [0.117634s] ... ok
{0} tempest.api.volume.test_volumes_snapshots_list.VolumesSnapshotListTestJSON.test_snapshots_list_with_params [0.113585s] ... ok
{0} tempest.api.volume.test_volumes_snapshots_negative.VolumesSnapshotNegativeTestJSON.test_create_snapshot_with_nonexistent_volume_id [0.165497s] ... ok
{0} tempest.api.volume.test_volumes_snapshots_negative.VolumesSnapshotNegativeTestJSON.test_create_snapshot_without_passing_volume_id [0.047367s] ... ok
{0} tempest.api.volume.test_volumes_snapshots_negative.VolumesSnapshotNegativeTestJSON.test_list_snapshot_invalid_param_limit [0.013723s] ... ok
{0} tempest.api.volume.test_volumes_snapshots_negative.VolumesSnapshotNegativeTestJSON.test_list_snapshots_invalid_param_marker [0.017430s] ... ok
{0} tempest.api.volume.test_volumes_snapshots_negative.VolumesSnapshotNegativeTestJSON.test_list_snapshots_invalid_param_sort [0.018620s] ... ok
{0} tempest.api.volume.test_volumes_snapshots_negative.VolumesSnapshotNegativeTestJSON.test_volume_from_snapshot_decreasing_size [2.654570s] ... ok
{0} tempest.scenario.test_encrypted_cinder_volumes.TestEncryptedCinderVolumes.test_encrypted_cinder_volumes_cryptsetup [24.054584s] ... ok
{0} tempest.scenario.test_encrypted_cinder_volumes.TestEncryptedCinderVolumes.test_encrypted_cinder_volumes_luks [29.555325s] ... ok
{0} tempest.scenario.test_encrypted_cinder_volumes.TestEncryptedCinderVolumes.test_encrypted_cinder_volumes_luksv2 [32.202828s] ... ok
{0} tempest.scenario.test_shelve_instance.TestShelveInstance.test_shelve_volume_backed_instance ... SKIPPED: The public_network_id option must be specified.
{0} tempest.scenario.test_stamp_pattern.TestStampPattern.test_stamp_pattern ... SKIPPED: The public_network_id option must be specified.
{0} tempest.scenario.test_volume_boot_pattern.TestVolumeBootPattern.test_boot_server_from_encrypted_volume_luks [25.129139s] ... ok
{0} tempest.scenario.test_volume_boot_pattern.TestVolumeBootPattern.test_boot_server_from_encrypted_volume_luksv2 [27.174070s] ... ok
{0} tempest.scenario.test_volume_boot_pattern.TestVolumeBootPattern.test_create_server_from_volume_snapshot [35.634960s] ... ok
{0} tempest.scenario.test_volume_boot_pattern.TestVolumeBootPattern.test_image_defined_boot_from_volume [47.751412s] ... ok
{0} tempest.scenario.test_volume_boot_pattern.TestVolumeBootPattern.test_volume_boot_pattern ... SKIPPED: The public_network_id option must be specified.

==============================
Failed 2 tests - output below:
==============================

tempest.api.volume.test_volumes_backup.VolumesBackupsTest.test_bootable_volume_backup_and_restore[id-2a8ba340-dff2-4511-9db7-646f07156b15,image]
------------------------------------------------------------------------------------------------------------------------------------------------

Captured traceback:
~~~~~~~~~~~~~~~~~~~
    Traceback (most recent call last):

      File "/opt/stack/tempest/tempest/common/utils/__init__.py", line 70, in wrapper
    return f(*func_args, **func_kwargs)

      File "/opt/stack/tempest/tempest/api/volume/test_volumes_backup.py", line 143, in test_bootable_volume_backup_and_restore
    volume = self.create_volume(imageRef=img_uuid)

      File "/opt/stack/tempest/tempest/api/volume/base.py", line 131, in create_volume
    waiters.wait_for_volume_resource_status(cls.volumes_client,

      File "/opt/stack/tempest/tempest/common/waiters.py", line 305, in wait_for_volume_resource_status
    raise exceptions.VolumeResourceBuildErrorException(

    tempest.exceptions.VolumeResourceBuildErrorException: volume e66a5390-6ce9-4d17-b663-6614182d8862 failed to build and is in ERROR status


Captured pythonlogging:
~~~~~~~~~~~~~~~~~~~~~~~
    2022-09-14 03:03:00,864 145675 INFO     [tempest.lib.common.rest_client] Request (VolumesBackupsTest:test_bootable_volume_backup_and_restore): 200 GET http://192.168.79.45/image/v2/images/67a64fca-0ebf-48fe-ab6a-6ee7ff9f39f2 0.115s
2022-09-14 03:03:00,865 145675 DEBUG    [tempest.lib.common.rest_client] Request - Headers: {'Content-Type': 'application/json', 'Accept': 'application/json', 'X-Auth-Token': '<omitted>'}
        Body: None
    Response - Headers: {'date': 'Wed, 14 Sep 2022 03:03:00 GMT', 'server': 'Apache/2.4.41 (Ubuntu)', 'content-length': '976', 'content-type': 'application/json', 'x-openstack-request-id': 'req-4676710e-01c9-4d30-95b8-6759d8e2992c', 'connection': 'close', 'status': '200', 'content-location': 'http://192.168.79.45/image/v2/images/67a64fca-0ebf-48fe-ab6a-6ee7ff9f39f2'}
        Body: b'{"hw_rng_model": "virtio", "owner_specified.openstack.md5": "", "owner_specified.openstack.object": "images/cirros-0.5.1-x86_64-disk", "owner_specified.openstack.sha256": "", "name": "cirros-0.5.1-x86_64-disk", "disk_format": "qcow2", "container_format": "bare", "visibility": "public", "size": 16338944, "virtual_size": 117440512, "status": "active", "checksum": "1d3062cd89af34e419f7100277f38b2b", "protected": false, "min_ram": 0, "min_disk": 0, "owner": "159d4ee7cb844705a946bd34a8dc9d6e", "os_hidden": false, "os_hash_algo": "sha512", "os_hash_value": "553d220ed58cfee7dafe003c446a9f197ab5edf8ffc09396c74187cf83873c877e7ae041cb80f3b91489acf687183adcd689b53b38e3ddd22e627e7f98a09c46", "id": "67a64fca-0ebf-48fe-ab6a-6ee7ff9f39f2", "created_at": "2022-09-14T02:45:16Z", "updated_at": "2022-09-14T02:45:19Z", "tags": [], "self": "/v2/images/67a64fca-0ebf-48fe-ab6a-6ee7ff9f39f2", "file": "/v2/images/67a64fca-0ebf-48fe-ab6a-6ee7ff9f39f2/file", "schema": "/v2/schemas/image"}'
2022-09-14 03:03:01,268 145675 INFO     [tempest.lib.common.rest_client] Request (VolumesBackupsTest:test_bootable_volume_backup_and_restore): 202 POST http://192.168.79.45/volume/v3/ba324cf19e2c416b8b54c1382a132578/volumes 0.402s
2022-09-14 03:03:01,269 145675 DEBUG    [tempest.lib.common.rest_client] Request - Headers: {'Content-Type': 'application/json', 'Accept': 'application/json', 'X-Auth-Token': '<omitted>'}
        Body: {"volume": {"imageRef": "67a64fca-0ebf-48fe-ab6a-6ee7ff9f39f2", "size": 1, "name": "tempest-VolumesBackupsTest-Volume-551751557"}}
    Response - Headers: {'date': 'Wed, 14 Sep 2022 03:03:00 GMT', 'server': 'Apache/2.4.41 (Ubuntu)', 'content-type': 'application/json', 'x-compute-request-id': 'req-4fd9223f-e21d-48fa-8321-70cb98e2f60d', 'content-length': '815', 'openstack-api-version': 'volume 3.0', 'vary': 'OpenStack-API-Version', 'x-openstack-request-id': 'req-4fd9223f-e21d-48fa-8321-70cb98e2f60d', 'connection': 'close', 'status': '202', 'content-location': 'http://192.168.79.45/volume/v3/ba324cf19e2c416b8b54c1382a132578/volumes'}
        Body: b'{"volume": {"id": "e66a5390-6ce9-4d17-b663-6614182d8862", "status": "creating", "size": 1, "availability_zone": "nova", "created_at": "2022-09-14T03:03:01.192807", "updated_at": null, "name": "tempest-VolumesBackupsTest-Volume-551751557", "description": null, "volume_type": "3par1", "snapshot_id": null, "source_volid": null, "metadata": {}, "links": [{"rel": "self", "href": "http://192.168.79.45/volume/v3/ba324cf19e2c416b8b54c1382a132578/volumes/e66a5390-6ce9-4d17-b663-6614182d8862"}, {"rel": "bookmark", "href": "http://192.168.79.45/volume/ba324cf19e2c416b8b54c1382a132578/volumes/e66a5390-6ce9-4d17-b663-6614182d8862"}], "user_id": "49cdf06cad2044259d04027585bc401e", "bootable": "false", "encrypted": false, "replication_status": null, "consistencygroup_id": null, "multiattach": false, "attachments": []}}'
2022-09-14 03:03:01,316 145675 INFO     [tempest.lib.common.rest_client] Request (VolumesBackupsTest:test_bootable_volume_backup_and_restore): 200 GET http://192.168.79.45/volume/v3/ba324cf19e2c416b8b54c1382a132578/volumes/e66a5390-6ce9-4d17-b663-6614182d8862 0.035s
2022-09-14 03:03:01,316 145675 DEBUG    [tempest.lib.common.rest_client] Request - Headers: {'Content-Type': 'application
    /json', 'Accept': 'application/json', 'X-Auth-Token': '<omitted>'}
        Body: None
    Response - Headers: {'date': 'Wed, 14 Sep 2022 03:03:01 GMT', 'server': 'Apache/2.4.41 (Ubuntu)', 'content-type': 'application/json', 'x-compute-request-id': 'req-9d9b3923-5ce3-444e-a38c-bdbb8332dad3', 'content-length': '883', 'openstack-api-version': 'volume 3.0', 'vary': 'OpenStack-API-Version', 'x-openstack-request-id': 'req-9d9b3923-5ce3-444e-a38c-bdbb8332dad3', 'connection': 'close', 'status': '200', 'content-location': 'http://192.168.79.45/volume/v3/ba324cf19e2c416b8b54c1382a132578/volumes/e66a5390-6ce9-4d17-b663-6614182d8862'}
        Body: b'{"volume": {"id": "e66a5390-6ce9-4d17-b663-6614182d8862", "status": "creating", "size": 1, "availability_zone": "nova", "created_at": "2022-09-14T03:03:01.000000", "updated_at": null, "name": "tempest-VolumesBackupsTest-Volume-551751557", "description": null, "volume_type": "3par1", "snapshot_id": null, "source_volid": null, "metadata": {}, "links": [{"rel": "self", "href": "http://192.168.79.45/volume/v3/ba324cf19e2c416b8b54c1382a132578/volumes/e66a5390-6ce9-4d17-b663-6614182d8862"}, {"rel": "bookmark", "href": "http://192.168.79.45/volume/ba324cf19e2c416b8b54c1382a132578/volumes/e66a5390-6ce9-4d17-b663-6614182d8862"}], "user_id": "49cdf06cad2044259d04027585bc401e", "bootable": "false", "encrypted": false, "replication_status": null, "consistencygroup_id": null, "multiattach": false, "attachments": [], "os-vol-tenant-attr:tenant_id": "ba324cf19e2c416b8b54c1382a132578"}}'
2022-09-14 03:03:02,355 145675 INFO     [tempest.lib.common.rest_client] Request (VolumesBackupsTest:test_bootable_volume_backup_and_restore): 200 GET http://192.168.79.45/volume/v3/ba324cf19e2c416b8b54c1382a132578/volumes/e66a5390-6ce9-4d17-b663-6614182d8862 0.032s
2022-09-14 03:03:02,355 145675 DEBUG    [tempest.lib.common.rest_client] Request - Headers: {'Content-Type': 'application/json', 'Accept': 'application/json', 'X-Auth-Token': '<omitted>'}
        Body: None
    Response - Headers: {'date': 'Wed, 14 Sep 2022 03:03:02 GMT', 'server': 'Apache/2.4.41 (Ubuntu)', 'content-type': 'application/json', 'x-compute-request-id': 'req-b30c372b-cc60-46c0-8205-46f92374135d', 'content-length': '907', 'openstack-api-version': 'volume 3.0', 'vary': 'OpenStack-API-Version', 'x-openstack-request-id': 'req-b30c372b-cc60-46c0-8205-46f92374135d', 'connection': 'close', 'status': '200', 'content-location': 'http://192.168.79.45/volume/v3/ba324cf19e2c416b8b54c1382a132578/volumes/e66a5390-6ce9-4d17-b663-6614182d8862'}
        Body: b'{"volume": {"id": "e66a5390-6ce9-4d17-b663-6614182d8862", "status": "creating", "size": 1, "availability_zone": "nova", "created_at": "2022-09-14T03:03:01.000000", "updated_at": "2022-09-14T03:03:01.000000", "name": "tempest-VolumesBackupsTest-Volume-551751557", "description": null, "volume_type": "3par1", "snapshot_id": null, "source_volid": null, "metadata": {}, "links": [{"rel": "self", "href": "http://192.168.79.45/volume/v3/ba324cf19e2c416b8b54c1382a132578/volumes/e66a5390-6ce9-4d17-b663-6614182d8862"}, {"rel": "bookmark", "href": "http://192.168.79.45/volume/ba324cf19e2c416b8b54c1382a132578/volumes/e66a5390-6ce9-4d17-b663-6614182d8862"}], "user_id": "49cdf06cad2044259d04027585bc401e", "bootable": "false", "encrypted": false, "replication_status": null, "consistencygroup_id": null, "multiattach": false, "attachments": [], "os-vol-tenant-attr:tenant_id": "ba324cf19e2c416b8b54c1382a132578"}}'
2022-09-14 03:03:03,414 145675 INFO     [tempest.lib.common.rest_client] Request (VolumesBackupsTest:test_bootable_volume_backup_and_restore): 200 GET http://192.168.79.45/volume/v3/ba324cf19e2c416b8b54c1382a132578/volumes/e66a5390-6ce9-4d17-b663-6614182d8862 0.051s
2022-09-14 03:03:03,415 145675 DEBUG    [tempest.lib.common.rest_client] Request - Headers: {'Content-Type': 'application/json', 'Accept': 'application/json', 'X-Auth-Token': '<omitted>'}
        Body: None
    Response - Headers: {'date': 'Wed, 14 Sep 2022 03:03:03 GMT', 'server': 'Apache/2.4.41 (Ubuntu)', 'content-type': 'application/json', 'x-compu
    te-request-id': 'req-a5e20dff-1b17-4d26-86cb-dffd944dd1d8', 'content-length': '965', 'openstack-api-version': 'volume 3.0', 'vary': 'OpenStack-API-Version', 'x-openstack-request-id': 'req-a5e20dff-1b17-4d26-86cb-dffd944dd1d8', 'connection': 'close', 'status': '200', 'content-location': 'http://192.168.79.45/volume/v3/ba324cf19e2c416b8b54c1382a132578/volumes/e66a5390-6ce9-4d17-b663-6614182d8862'}
        Body: b'{"volume": {"id": "e66a5390-6ce9-4d17-b663-6614182d8862", "status": "creating", "size": 1, "availability_zone": "nova", "created_at": "2022-09-14T03:03:01.000000", "updated_at": "2022-09-14T03:03:01.000000", "name": "tempest-VolumesBackupsTest-Volume-551751557", "description": null, "volume_type": "3par1", "snapshot_id": null, "source_volid": null, "metadata": {}, "links": [{"rel": "self", "href": "http://192.168.79.45/volume/v3/ba324cf19e2c416b8b54c1382a132578/volumes/e66a5390-6ce9-4d17-b663-6614182d8862"}, {"rel": "bookmark", "href": "http://192.168.79.45/volume/ba324cf19e2c416b8b54c1382a132578/volumes/e66a5390-6ce9-4d17-b663-6614182d8862"}], "user_id": "49cdf06cad2044259d04027585bc401e", "bootable": "false", "encrypted": false, "replication_status": null, "consistencygroup_id": null, "multiattach": false, "attachments": [], "volume_image_metadata": {"signature_verified": "False"}, "os-vol-tenant-attr:tenant_id": "ba324cf19e2c416b8b54c1382a132578"}}'
2022-09-14 03:03:04,469 145675 INFO     [tempest.lib.common.rest_client] Request (VolumesBackupsTest:test_bootable_volume_backup_and_restore): 200 GET http://192.168.79.45/volume/v3/ba324cf19e2c416b8b54c1382a132578/volumes/e66a5390-6ce9-4d17-b663-6614182d8862 0.036s
2022-09-14 03:03:04,470 145675 DEBUG    [tempest.lib.common.rest_client] Request - Headers: {'Content-Type': 'application/json', 'Accept': 'application/json', 'X-Auth-Token': '<omitted>'}
        Body: None
    Response - Headers: {'date': 'Wed, 14 Sep 2022 03:03:04 GMT', 'server': 'Apache/2.4.41 (Ubuntu)', 'content-type': 'application/json', 'x-compute-request-id': 'req-2845f01a-0208-44a2-b8e0-cfd023c35659', 'content-length': '968', 'openstack-api-version': 'volume 3.0', 'vary': 'OpenStack-API-Version', 'x-openstack-request-id': 'req-2845f01a-0208-44a2-b8e0-cfd023c35659', 'connection': 'close', 'status': '200', 'content-location': 'http://192.168.79.45/volume/v3/ba324cf19e2c416b8b54c1382a132578/volumes/e66a5390-6ce9-4d17-b663-6614182d8862'}
        Body: b'{"volume": {"id": "e66a5390-6ce9-4d17-b663-6614182d8862", "status": "downloading", "size": 1, "availability_zone": "nova", "created_at": "2022-09-14T03:03:01.000000", "updated_at": "2022-09-14T03:03:04.000000", "name": "tempest-VolumesBackupsTest-Volume-551751557", "description": null, "volume_type": "3par1", "snapshot_id": null, "source_volid": null, "metadata": {}, "links": [{"rel": "self", "href": "http://192.168.79.45/volume/v3/ba324cf19e2c416b8b54c1382a132578/volumes/e66a5390-6ce9-4d17-b663-6614182d8862"}, {"rel": "bookmark", "href": "http://192.168.79.45/volume/ba324cf19e2c416b8b54c1382a132578/volumes/e66a5390-6ce9-4d17-b663-6614182d8862"}], "user_id": "49cdf06cad2044259d04027585bc401e", "bootable": "false", "encrypted": false, "replication_status": null, "consistencygroup_id": null, "multiattach": false, "attachments": [], "volume_image_metadata": {"signature_verified": "False"}, "os-vol-tenant-attr:tenant_id": "ba324cf19e2c416b8b54c1382a132578"}}'
2022-09-14 03:03:05,526 145675 INFO     [tempest.lib.common.rest_client] Request (VolumesBackupsTest:test_bootable_volume_backup_and_restore): 200 GET http://192.168.79.45/volume/v3/ba324cf19e2c416b8b54c1382a132578/volumes/e66a5390-6ce9-4d17-b663-6614182d8862 0.046s
2022-09-14 03:03:05,526 145675 DEBUG    [tempest.lib.common.rest_client] Request - Headers: {'Content-Type': 'application/json', 'Accept': 'application/json', 'X-Auth-Token': '<omitted>'}
        Body: None
    Response - Headers: {'date': 'Wed, 14 Sep 2022 03:03:05 GMT', 'server': 'Apache/2.4.41 (Ubuntu)', 'content-type': 'application/json', 'x-compute-request-id': 'req-09747c88-2d00-4818-9b5a-d2d943f68204', 'content-length': '968', 'ope
    nstack-api-version': 'volume 3.0', 'vary': 'OpenStack-API-Version', 'x-openstack-request-id': 'req-09747c88-2d00-4818-9b5a-d2d943f68204', 'connection': 'close', 'status': '200', 'content-location': 'http://192.168.79.45/volume/v3/ba324cf19e2c416b8b54c1382a132578/volumes/e66a5390-6ce9-4d17-b663-6614182d8862'}
        Body: b'{"volume": {"id": "e66a5390-6ce9-4d17-b663-6614182d8862", "status": "downloading", "size": 1, "availability_zone": "nova", "created_at": "2022-09-14T03:03:01.000000", "updated_at": "2022-09-14T03:03:05.000000", "name": "tempest-VolumesBackupsTest-Volume-551751557", "description": null, "volume_type": "3par1", "snapshot_id": null, "source_volid": null, "metadata": {}, "links": [{"rel": "self", "href": "http://192.168.79.45/volume/v3/ba324cf19e2c416b8b54c1382a132578/volumes/e66a5390-6ce9-4d17-b663-6614182d8862"}, {"rel": "bookmark", "href": "http://192.168.79.45/volume/ba324cf19e2c416b8b54c1382a132578/volumes/e66a5390-6ce9-4d17-b663-6614182d8862"}], "user_id": "49cdf06cad2044259d04027585bc401e", "bootable": "false", "encrypted": false, "replication_status": null, "consistencygroup_id": null, "multiattach": false, "attachments": [], "volume_image_metadata": {"signature_verified": "False"}, "os-vol-tenant-attr:tenant_id": "ba324cf19e2c416b8b54c1382a132578"}}'
2022-09-14 03:03:06,579 145675 INFO     [tempest.lib.common.rest_client] Request (VolumesBackupsTest:test_bootable_volume_backup_and_restore): 200 GET http://192.168.79.45/volume/v3/ba324cf19e2c416b8b54c1382a132578/volumes/e66a5390-6ce9-4d17-b663-6614182d8862 0.044s
2022-09-14 03:03:06,580 145675 DEBUG    [tempest.lib.common.rest_client] Request - Headers: {'Content-Type': 'application/json', 'Accept': 'application/json', 'X-Auth-Token': '<omitted>'}
        Body: None
    Response - Headers: {'date': 'Wed, 14 Sep 2022 03:03:06 GMT', 'server': 'Apache/2.4.41 (Ubuntu)', 'content-type': 'application/json', 'x-compute-request-id': 'req-1dfb3714-f6ca-4fe1-ac27-605b410b3c9f', 'content-length': '962', 'openstack-api-version': 'volume 3.0', 'vary': 'OpenStack-API-Version', 'x-openstack-request-id': 'req-1dfb3714-f6ca-4fe1-ac27-605b410b3c9f', 'connection': 'close', 'status': '200', 'content-location': 'http://192.168.79.45/volume/v3/ba324cf19e2c416b8b54c1382a132578/volumes/e66a5390-6ce9-4d17-b663-6614182d8862'}
        Body: b'{"volume": {"id": "e66a5390-6ce9-4d17-b663-6614182d8862", "status": "error", "size": 1, "availability_zone": "nova", "created_at": "2022-09-14T03:03:01.000000", "updated_at": "2022-09-14T03:03:06.000000", "name": "tempest-VolumesBackupsTest-Volume-551751557", "description": null, "volume_type": "3par1", "snapshot_id": null, "source_volid": null, "metadata": {}, "links": [{"rel": "self", "href": "http://192.168.79.45/volume/v3/ba324cf19e2c416b8b54c1382a132578/volumes/e66a5390-6ce9-4d17-b663-6614182d8862"}, {"rel": "bookmark", "href": "http://192.168.79.45/volume/ba324cf19e2c416b8b54c1382a132578/volumes/e66a5390-6ce9-4d17-b663-6614182d8862"}], "user_id": "49cdf06cad2044259d04027585bc401e", "bootable": "false", "encrypted": false, "replication_status": null, "consistencygroup_id": null, "multiattach": false, "attachments": [], "volume_image_metadata": {"signature_verified": "False"}, "os-vol-tenant-attr:tenant_id": "ba324cf19e2c416b8b54c1382a132578"}}'


tearDownClass (tempest.api.volume.test_volumes_backup.VolumesBackupsTest)
-------------------------------------------------------------------------

Captured traceback:
~~~~~~~~~~~~~~~~~~~
    Traceback (most recent call last):

      File "/opt/stack/tempest/tempest/test.py", line 220, in tearDownClass
    raise value.with_traceback(trace)

      File "/opt/stack/tempest/tempest/test.py", line 192, in tearDownClass
    teardown()

      File "/opt/stack/tempest/tempest/test.py", line 602, in resource_cleanup
    raise testtools.MultipleExceptions(*cleanup_errors)

    testtools.runtest.MultipleExceptions: (<class 'tempest.lib.exceptions.TimeoutException'>, Request timed out
Details: (VolumesBackupsTest:tearDownClass) Failed to delete volume e66a5390-6ce9-4d17-b663-6614182d8862 within the required time (196 s). Timer started at 1663124678. Timer ended at 1663124874. Waited for 196 s., <traceback object at 0x7f948a2bca40>)



======
Totals
======
Ran: 249 tests in 1677.1946 sec.
 - Passed: 237
 - Skipped: 10
 - Expected Fail: 0
 - Unexpected Success: 0
 - Failed: 2
Sum of execute time for each test: 1071.8732 sec.

==============
Worker Balance
==============
 - Worker 0 (249 tests) => 0:27:57.194585
