{0} setUpClass (tempest.api.compute.admin.test_live_migration.LiveAutoBlockMigrationV225Test) ... SKIPPED: Less than 2 compute nodes, skipping migration test.
{0} setUpClass (tempest.api.compute.admin.test_live_migration.LiveMigrationTest) ... SKIPPED: Less than 2 compute nodes, skipping migration test.
{0} tempest.api.compute.admin.test_volumes_negative.UpdateMultiattachVolumeNegativeTest.test_multiattach_rw_volume_update_failure [35.063921s] ... ok
{0} tempest.api.compute.admin.test_volumes_negative.VolumesAdminNegativeTest.test_update_attached_volume_with_nonexistent_volume_in_body [10.794727s] ... ok
{0} tempest.api.compute.admin.test_volumes_negative.VolumesAdminNegativeTest.test_update_attached_volume_with_nonexistent_volume_in_uri [1.361177s] ... ok
{0} tempest.api.compute.servers.test_delete_server.DeleteServersTestJSON.test_delete_server_while_in_attached_volume [17.184446s] ... ok
{0} setUpClass (tempest.api.compute.servers.test_server_rescue.ServerBootFromVolumeStableRescueTest) ... SKIPPED: Stable rescue not available.
{0} setUpClass (tempest.api.compute.servers.test_server_rescue.ServerStableDeviceRescueTest) ... SKIPPED: Stable rescue not available.
{0} tempest.api.compute.servers.test_server_rescue_negative.ServerRescueNegativeTestJSON.test_rescued_vm_attach_volume [10.017011s] ... ok
{0} tempest.api.compute.servers.test_servers_negative.ServersNegativeTestJSON.test_create_server_from_non_bootable_volume [1.760915s] ... ok
{0} tempest.api.compute.servers.test_servers_negative.ServersNegativeTestJSON.test_create_server_invalid_bdm_in_2nd_dict [1.571875s] ... ok
{0} tempest.api.compute.volumes.test_volume_snapshots.VolumesSnapshotsTestJSON.test_volume_snapshot_create_get_list_delete [5.387296s] ... ok
{0} tempest.api.compute.volumes.test_volumes_get.VolumesGetTestJSON.test_volume_create_get_delete [1.534677s] ... ok
{0} tempest.api.compute.volumes.test_volumes_list.VolumesTestJSON.test_volume_list [0.075990s] ... ok
{0} tempest.api.compute.volumes.test_volumes_list.VolumesTestJSON.test_volume_list_param_limit [0.062951s] ... ok
{0} tempest.api.compute.volumes.test_volumes_list.VolumesTestJSON.test_volume_list_param_offset_and_limit [0.134113s] ... ok
{0} tempest.api.compute.volumes.test_volumes_list.VolumesTestJSON.test_volume_list_with_detail_param_limit [0.078487s] ... ok
{0} tempest.api.compute.volumes.test_volumes_list.VolumesTestJSON.test_volume_list_with_detail_param_offset_and_limit [0.156038s] ... ok
{0} tempest.api.compute.volumes.test_volumes_list.VolumesTestJSON.test_volume_list_with_details [0.071365s] ... ok
{0} tempest.api.compute.volumes.test_volumes_negative.VolumesNegativeTest.test_create_volume_with_invalid_size [0.100374s] ... ok
{0} tempest.api.compute.volumes.test_volumes_negative.VolumesNegativeTest.test_create_volume_with_size_zero [0.013608s] ... ok
{0} tempest.api.compute.volumes.test_volumes_negative.VolumesNegativeTest.test_create_volume_without_passing_size [0.008486s] ... ok
{0} tempest.api.compute.volumes.test_volumes_negative.VolumesNegativeTest.test_delete_invalid_volume_id [0.041442s] ... ok
{0} tempest.api.compute.volumes.test_volumes_negative.VolumesNegativeTest.test_delete_volume_without_passing_volume_id [0.011179s] ... ok
{0} tempest.api.compute.volumes.test_volumes_negative.VolumesNegativeTest.test_get_volume_without_passing_volume_id [0.008088s] ... ok
{0} tempest.api.compute.volumes.test_volumes_negative.VolumesNegativeTest.test_volume_delete_nonexistent_volume_id [0.039009s] ... ok
{0} tempest.api.compute.volumes.test_volumes_negative.VolumesNegativeTest.test_volume_get_nonexistent_volume_id [0.036468s] ... ok
{0} tempest.api.volume.admin.test_backends_capabilities.BackendsCapabilitiesAdminTestsJSON.test_compare_volume_stats_values [0.114905s] ... ok
{0} tempest.api.volume.admin.test_backends_capabilities.BackendsCapabilitiesAdminTestsJSON.test_get_capabilities_backend [0.038866s] ... ok
{0} tempest.api.volume.admin.test_encrypted_volumes_extend.EncryptedVolumesExtendAttachedTest.test_extend_attached_encrypted_volume_luksv1 ... SKIPPED: Attached encrypted volume extend is disabled.
{0} tempest.api.volume.admin.test_group_snapshots.GroupSnapshotsTest.test_create_group_from_group_snapshot [9.759609s] ... ok
{0} tempest.api.volume.admin.test_group_snapshots.GroupSnapshotsTest.test_delete_group_snapshots_following_updated_volumes [13.114094s] ... ok
{0} tempest.api.volume.admin.test_group_snapshots.GroupSnapshotsTest.test_group_snapshot_create_show_list_delete [6.524351s] ... ok
{0} tempest.api.volume.admin.test_group_snapshots.GroupSnapshotsV319Test.test_reset_group_snapshot_status [7.002443s] ... ok
{0} tempest.api.volume.admin.test_group_type_specs.GroupTypeSpecsTest.test_group_type_specs_create_show_update_list_delete [0.516384s] ... ok
{0} tempest.api.volume.admin.test_group_types.GroupTypesTest.test_group_type_create_list_update_show_delete [0.248152s] ... ok
{0} tempest.api.volume.admin.test_group_types.GroupTypesTest.test_group_type_list_by_optional_params [0.245569s] ... ok
{0} tempest.api.volume.admin.test_groups.GroupsTest.test_group_create_show_list_delete [6.870490s] ... ok
{0} tempest.api.volume.admin.test_groups.GroupsTest.test_group_update [7.885703s] ... ok
{0} tempest.api.volume.admin.test_groups.GroupsV314Test.test_create_group_from_group [6.920071s] ... ok
{0} tempest.api.volume.admin.test_groups.GroupsV320Test.test_reset_group_status [2.953228s] ... ok
{0} tempest.api.volume.admin.test_multi_backend.VolumeMultiBackendTest.test_backend_name_distinction [0.098441s] ... ok
{0} tempest.api.volume.admin.test_multi_backend.VolumeMultiBackendTest.test_backend_name_distinction_with_prefix [0.076626s] ... ok
{0} tempest.api.volume.admin.test_multi_backend.VolumeMultiBackendTest.test_backend_name_reporting [0.086456s] ... ok
{0} tempest.api.volume.admin.test_multi_backend.VolumeMultiBackendTest.test_backend_name_reporting_with_prefix [0.099933s] ... ok
{0} tempest.api.volume.admin.test_qos.QosSpecsTestJSON.test_associate_disassociate_qos [0.366073s] ... ok
{0} tempest.api.volume.admin.test_qos.QosSpecsTestJSON.test_create_delete_qos_with_back_end_consumer [0.100342s] ... ok
{0} tempest.api.volume.admin.test_qos.QosSpecsTestJSON.test_create_delete_qos_with_both_consumer [0.084903s] ... ok
{0} tempest.api.volume.admin.test_qos.QosSpecsTestJSON.test_create_delete_qos_with_front_end_consumer [0.080577s] ... ok
{0} tempest.api.volume.admin.test_qos.QosSpecsTestJSON.test_get_qos [0.014037s] ... ok
{0} tempest.api.volume.admin.test_qos.QosSpecsTestJSON.test_list_qos [0.015964s] ... ok
{0} tempest.api.volume.admin.test_qos.QosSpecsTestJSON.test_set_unset_qos_key [0.107279s] ... ok
{0} tempest.api.volume.admin.test_snapshots_actions.SnapshotsActionsTest.test_reset_snapshot_status [0.198453s] ... ok
{0} tempest.api.volume.admin.test_snapshots_actions.SnapshotsActionsTest.test_snapshot_force_delete_when_snapshot_is_creating [2.477833s] ... ok
{0} tempest.api.volume.admin.test_snapshots_actions.SnapshotsActionsTest.test_snapshot_force_delete_when_snapshot_is_deleting [2.482977s] ... ok
{0} tempest.api.volume.admin.test_snapshots_actions.SnapshotsActionsTest.test_snapshot_force_delete_when_snapshot_is_error [2.459486s] ... ok
{0} tempest.api.volume.admin.test_snapshots_actions.SnapshotsActionsTest.test_snapshot_force_delete_when_snapshot_is_error_deleting [2.463609s] ... ok
{0} tempest.api.volume.admin.test_snapshots_actions.SnapshotsActionsTest.test_update_snapshot_status [0.176261s] ... ok
{0} tempest.api.volume.admin.test_user_messages.UserMessagesTest.test_delete_message [1.592492s] ... ok
{0} tempest.api.volume.admin.test_user_messages.UserMessagesTest.test_list_show_messages [1.504034s] ... ok
{0} tempest.api.volume.admin.test_volume_hosts.VolumeHostsAdminTestsJSON.test_list_hosts [0.135150s] ... ok
{0} tempest.api.volume.admin.test_volume_hosts.VolumeHostsAdminTestsJSON.test_show_host [0.193664s] ... ok
{0} setUpClass (tempest.api.volume.admin.test_volume_manage.VolumeManageAdminTest) ... SKIPPED: Manage volume tests are disabled
{0} tempest.api.volume.admin.test_volume_pools.VolumePoolsAdminTestsJSON.test_get_pools_with_details [0.109673s] ... ok
{0} tempest.api.volume.admin.test_volume_pools.VolumePoolsAdminTestsJSON.test_get_pools_without_details [0.038088s] ... ok
{0} tempest.api.volume.admin.test_volume_quota_classes.VolumeQuotaClassesTest.test_show_default_quota [0.115361s] ... ok
{0} tempest.api.volume.admin.test_volume_quota_classes.VolumeQuotaClassesTest.test_update_default_quota [0.748578s] ... ok
{0} tempest.api.volume.admin.test_volume_quotas.VolumeQuotasAdminTestJSON.test_delete_quota [0.338293s] ... ok
{0} tempest.api.volume.admin.test_volume_quotas.VolumeQuotasAdminTestJSON.test_list_default_quotas [0.033376s] ... ok
{0} tempest.api.volume.admin.test_volume_quotas.VolumeQuotasAdminTestJSON.test_list_quotas [0.052214s] ... ok
{0} tempest.api.volume.admin.test_volume_quotas.VolumeQuotasAdminTestJSON.test_quota_usage [2.702169s] ... ok
{0} tempest.api.volume.admin.test_volume_quotas.VolumeQuotasAdminTestJSON.test_quota_usage_after_volume_transfer [3.275986s] ... ok
{0} tempest.api.volume.admin.test_volume_quotas.VolumeQuotasAdminTestJSON.test_show_quota_usage [0.055845s] ... ok
{0} tempest.api.volume.admin.test_volume_quotas.VolumeQuotasAdminTestJSON.test_update_all_quota_resources_for_tenant [0.325456s] ... ok
{0} tempest.api.volume.admin.test_volume_quotas_negative.VolumeQuotasNegativeTestJSON.test_quota_volume_gigabytes [0.215138s] ... ok
{0} tempest.api.volume.admin.test_volume_quotas_negative.VolumeQuotasNegativeTestJSON.test_quota_volumes [0.197782s] ... ok
{0} tempest.api.volume.admin.test_volume_quotas_negative.VolumeQuotasNegativeTestJSON.test_volume_extend_gigabytes_quota_deviation [0.162943s] ... ok
{0} tempest.api.volume.admin.test_volume_retype.VolumeRetypeWithoutMigrationTest.test_available_volume_retype [2.777731s] ... ok
{0} tempest.api.volume.admin.test_volume_services.VolumesServicesTestJSON.test_get_service_by_host_name [0.030038s] ... ok
{0} tempest.api.volume.admin.test_volume_services.VolumesServicesTestJSON.test_get_service_by_service_and_host_name [0.018602s] ... ok
{0} tempest.api.volume.admin.test_volume_services.VolumesServicesTestJSON.test_get_service_by_service_binary_name [0.013295s] ... ok
{0} tempest.api.volume.admin.test_volume_services.VolumesServicesTestJSON.test_get_service_by_volume_host_name [1.510627s] ... ok
{0} tempest.api.volume.admin.test_volume_services.VolumesServicesTestJSON.test_list_services [0.024286s] ... ok
{0} tempest.api.volume.admin.test_volume_services_negative.VolumeServicesNegativeTest.test_disable_log_reason_with_no_reason [0.014791s] ... ok
{0} tempest.api.volume.admin.test_volume_services_negative.VolumeServicesNegativeTest.test_disable_service_with_invalid_binary [0.017921s] ... ok
{0} tempest.api.volume.admin.test_volume_services_negative.VolumeServicesNegativeTest.test_enable_service_with_invalid_host [0.023993s] ... ok
{0} tempest.api.volume.admin.test_volume_services_negative.VolumeServicesNegativeTest.test_freeze_host_with_invalid_host [0.020391s] ... ok
{0} tempest.api.volume.admin.test_volume_services_negative.VolumeServicesNegativeTest.test_thaw_host_with_invalid_host [0.016009s] ... ok
{0} tempest.api.volume.admin.test_volume_snapshot_quotas_negative.VolumeSnapshotQuotasNegativeTestJSON.test_quota_volume_gigabytes_snapshots [0.243803s] ... ok
{0} tempest.api.volume.admin.test_volume_snapshot_quotas_negative.VolumeSnapshotQuotasNegativeTestJSON.test_quota_volume_snapshots [0.053979s] ... ok
{0} tempest.api.volume.admin.test_volume_type_access.VolumeTypesAccessTest.test_volume_type_access_add [1.589431s] ... ok
{0} tempest.api.volume.admin.test_volume_type_access.VolumeTypesAccessTest.test_volume_type_access_list [0.179945s] ... ok
{0} tempest.api.volume.admin.test_volume_types.VolumeTypesTest.test_volume_crud_with_volume_type_and_extra_specs [2.938705s] ... ok
{0} tempest.api.volume.admin.test_volume_types.VolumeTypesTest.test_volume_type_create_get_delete [0.060873s] ... ok
{0} tempest.api.volume.admin.test_volume_types.VolumeTypesTest.test_volume_type_encryption_create_get_update_delete [0.302104s] ... ok
{0} tempest.api.volume.admin.test_volume_types.VolumeTypesTest.test_volume_type_list [0.041160s] ... ok
{0} tempest.api.volume.admin.test_volume_types.VolumeTypesTest.test_volume_type_update [0.125006s] ... ok
{0} tempest.api.volume.admin.test_volume_types_extra_specs.VolumeTypesExtraSpecsTest.test_volume_type_extra_spec_create_get_delete [0.170459s] ... ok
{0} tempest.api.volume.admin.test_volume_types_extra_specs.VolumeTypesExtraSpecsTest.test_volume_type_extra_specs_list [0.083465s] ... ok
{0} tempest.api.volume.admin.test_volume_types_extra_specs.VolumeTypesExtraSpecsTest.test_volume_type_extra_specs_update [0.235685s] ... ok
{0} tempest.api.volume.admin.test_volume_types_extra_specs_negative.ExtraSpecsNegativeTest.test_create_invalid_body [0.013636s] ... ok
{0} tempest.api.volume.admin.test_volume_types_extra_specs_negative.ExtraSpecsNegativeTest.test_create_none_body [0.011944s] ... ok
{0} tempest.api.volume.admin.test_volume_types_extra_specs_negative.ExtraSpecsNegativeTest.test_create_nonexistent_type_id [0.032907s] ... ok
{0} tempest.api.volume.admin.test_volume_types_extra_specs_negative.ExtraSpecsNegativeTest.test_delete_nonexistent_volume_type_id [0.014705s] ... ok
{0} tempest.api.volume.admin.test_volume_types_extra_specs_negative.ExtraSpecsNegativeTest.test_get_nonexistent_extra_spec_name [0.023339s] ... ok
{0} tempest.api.volume.admin.test_volume_types_extra_specs_negative.ExtraSpecsNegativeTest.test_get_nonexistent_volume_type_id [0.019854s] ... ok
{0} tempest.api.volume.admin.test_volume_types_extra_specs_negative.ExtraSpecsNegativeTest.test_list_nonexistent_volume_type_id [0.020513s] ... ok
{0} tempest.api.volume.admin.test_volume_types_extra_specs_negative.ExtraSpecsNegativeTest.test_update_multiple_extra_spec [0.011695s] ... ok
{0} tempest.api.volume.admin.test_volume_types_extra_specs_negative.ExtraSpecsNegativeTest.test_update_no_body [0.014982s] ... ok
{0} tempest.api.volume.admin.test_volume_types_extra_specs_negative.ExtraSpecsNegativeTest.test_update_none_extra_spec_id [0.024958s] ... ok
{0} tempest.api.volume.admin.test_volume_types_extra_specs_negative.ExtraSpecsNegativeTest.test_update_nonexistent_extra_spec_id [0.026858s] ... ok
{0} tempest.api.volume.admin.test_volume_types_extra_specs_negative.ExtraSpecsNegativeTest.test_update_nonexistent_type_id [0.023715s] ... ok
{0} tempest.api.volume.admin.test_volume_types_negative.VolumeTypesNegativeTest.test_create_volume_type_encryption_nonexistent_type_id [0.106933s] ... ok
{0} tempest.api.volume.admin.test_volume_types_negative.VolumeTypesNegativeTest.test_create_volume_with_private_volume_type [0.127863s] ... ok
{0} tempest.api.volume.admin.test_volume_types_negative.VolumeTypesNegativeTest.test_create_with_empty_name [0.013699s] ... ok
{0} tempest.api.volume.admin.test_volume_types_negative.VolumeTypesNegativeTest.test_create_with_repeated_name [0.051982s] ... ok
{0} tempest.api.volume.admin.test_volume_types_negative.VolumeTypesNegativeTest.test_delete_nonexistent_type_id [0.016103s] ... ok
{0} tempest.api.volume.admin.test_volume_types_negative.VolumeTypesNegativeTest.test_get_nonexistent_type_id [0.018787s] ... ok
{0} tempest.api.volume.admin.test_volumes_actions.VolumesActionsTest.test_force_detach_volume [11.724095s] ... ok
{0} tempest.api.volume.admin.test_volumes_actions.VolumesActionsTest.test_volume_force_delete_when_volume_is_attaching [2.570157s] ... ok
{0} tempest.api.volume.admin.test_volumes_actions.VolumesActionsTest.test_volume_force_delete_when_volume_is_creating [2.710629s] ... ok
{0} tempest.api.volume.admin.test_volumes_actions.VolumesActionsTest.test_volume_force_delete_when_volume_is_error [2.803563s] ... ok
{0} tempest.api.volume.admin.test_volumes_actions.VolumesActionsTest.test_volume_force_delete_when_volume_is_maintenance [2.519801s] ... ok
{0} tempest.api.volume.admin.test_volumes_actions.VolumesActionsTest.test_volume_reset_status [1.698916s] ... ok
{0} tempest.api.volume.admin.test_volumes_backup.VolumesBackupsAdminTest.test_volume_backup_export_import [66.449113s] ... ok
{0} tempest.api.volume.admin.test_volumes_backup.VolumesBackupsAdminTest.test_volume_backup_reset_status [36.924015s] ... ok
{0} tempest.api.volume.admin.test_volumes_list.VolumesListAdminTestJSON.test_volume_list_param_tenant [1.563725s] ... ok
{0} tempest.api.volume.test_availability_zone.AvailabilityZoneTestJSON.test_get_availability_zone_list [0.126446s] ... ok
{0} tempest.api.volume.test_extensions.ExtensionsTestJSON.test_list_extensions [0.093240s] ... ok
{0} tempest.api.volume.test_image_metadata.VolumesImageMetadata.test_update_show_delete_image_metadata [0.249327s] ... ok
{0} tempest.api.volume.test_snapshot_metadata.SnapshotMetadataTestJSON.test_crud_snapshot_metadata [0.314294s] ... ok
{0} tempest.api.volume.test_snapshot_metadata.SnapshotMetadataTestJSON.test_update_show_snapshot_metadata_item [0.243892s] ... ok
{0} tempest.api.volume.test_versions.VersionsTest.test_list_versions [0.011878s] ... ok
{0} tempest.api.volume.test_versions.VersionsTest.test_show_version [0.127525s] ... ok
{0} tempest.api.volume.test_volume_absolute_limits.AbsoluteLimitsTests.test_get_volume_absolute_limits [0.054955s] ... ok
{0} tempest.api.volume.test_volume_delete_cascade.VolumesDeleteCascade.test_volume_delete_cascade [5.114997s] ... ok
{0} tempest.api.volume.test_volume_delete_cascade.VolumesDeleteCascade.test_volume_from_snapshot_cascade_delete [8.362000s] ... ok
{0} tempest.api.volume.test_volume_metadata.VolumesMetadataTest.test_crud_volume_metadata [0.318179s] ... ok
{0} tempest.api.volume.test_volume_metadata.VolumesMetadataTest.test_update_show_volume_metadata_item [0.182138s] ... ok
{0} tempest.api.volume.test_volume_transfers.VolumesTransfersTest.test_create_get_list_accept_volume_transfer [3.456939s] ... ok
{0} tempest.api.volume.test_volume_transfers.VolumesTransfersTest.test_create_list_delete_volume_transfer [2.678566s] ... ok
{0} tempest.api.volume.test_volume_transfers.VolumesTransfersV355Test.test_create_get_list_accept_volume_transfer [3.328147s] ... ok
{0} tempest.api.volume.test_volume_transfers.VolumesTransfersV355Test.test_create_list_delete_volume_transfer [2.677666s] ... ok
{0} tempest.api.volume.test_volumes_actions.VolumesActionsTest.test_attach_detach_volume_to_instance [10.295770s] ... ok
{0} tempest.api.volume.test_volumes_actions.VolumesActionsTest.test_get_volume_attachment [9.058870s] ... ok
{0} tempest.api.volume.test_volumes_actions.VolumesActionsTest.test_reserve_unreserve_volume [0.183850s] ... ok
{0} tempest.api.volume.test_volumes_actions.VolumesActionsTest.test_volume_bootable [0.163619s] ... ok
{0} tempest.api.volume.test_volumes_actions.VolumesActionsTest.test_volume_readonly_update [0.182166s] ... ok
{0} tempest.api.volume.test_volumes_actions.VolumesActionsTest.test_volume_upload [26.867477s] ... ok
{0} tempest.api.volume.test_volumes_backup.VolumesBackupsTest.test_bootable_volume_backup_and_restore [5.855607s] ... FAILED

Captured traceback:
~~~~~~~~~~~~~~~~~~~
    Traceback (most recent call last):

      File "/opt/stack/tempest/tempest/common/utils/__init__.py", line 70, in wrapper
    return f(*func_args, **func_kwargs)

      File "/opt/stack/tempest/tempest/api/volume/test_volumes_backup.py", line 143, in test_bootable_volume_backup_and_restore
    volume = self.create_volume(imageRef=img_uuid)

      File "/opt/stack/tempest/tempest/api/volume/base.py", line 130, in create_volume
    waiters.wait_for_volume_resource_status(cls.volumes_client,

      File "/opt/stack/tempest/tempest/common/waiters.py", line 305, in wait_for_volume_resource_status
    raise exceptions.VolumeResourceBuildErrorException(

    tempest.exceptions.VolumeResourceBuildErrorException: volume 5bb45fb8-8180-4775-ac0f-41e95d7962ec failed to build and is in ERROR status


Captured pythonlogging:
~~~~~~~~~~~~~~~~~~~~~~~
    2022-04-29 15:57:44,157 141401 INFO     [tempest.lib.common.rest_client] Request (VolumesBackupsTest:test_bootable_volume_backup_and_restore): 200 GET http://192.168.79.42/image/v2/images/32e6bb63-0a8a-4032-aeab-807a52502a24 0.112s
2022-04-29 15:57:44,158 141401 DEBUG    [tempest.lib.common.rest_client] Request - Headers: {'Content-Type': 'application/json', 'Accept': 'application/json', 'X-Auth-Token': '<omitted>'}
        Body: None
    Response - Headers: {'date': 'Fri, 29 Apr 2022 15:57:44 GMT', 'server': 'Apache/2.4.41 (Ubuntu)', 'content-length': '976', 'content-type': 'application/json', 'x-openstack-request-id': 'req-efafe96a-c3ff-4a86-b2b8-fa9f859e3022', 'connection': 'close', 'status': '200', 'content-location': 'http://192.168.79.42/image/v2/images/32e6bb63-0a8a-4032-aeab-807a52502a24'}
        Body: b'{"hw_rng_model": "virtio", "owner_specified.openstack.md5": "", "owner_specified.openstack.object": "images/cirros-0.5.1-x86_64-disk", "owner_specified.openstack.sha256": "", "name": "cirros-0.5.1-x86_64-disk", "disk_format": "qcow2", "container_format": "bare", "visibility": "public", "size": 16338944, "virtual_size": 117440512, "status": "active", "checksum": "1d3062cd89af34e419f7100277f38b2b", "protected": false, "min_ram": 0, "min_disk": 0, "owner": "4fe2005c235e4c98a4d4e654dd9395ae", "os_hidden": false, "os_hash_algo": "sha512", "os_hash_value": "553d220ed58cfee7dafe003c446a9f197ab5edf8ffc09396c74187cf83873c877e7ae041cb80f3b91489acf687183adcd689b53b38e3ddd22e627e7f98a09c46", "id": "32e6bb63-0a8a-4032-aeab-807a52502a24", "created_at": "2022-04-29T15:40:33Z", "updated_at": "2022-04-29T15:40:35Z", "tags": [], "self": "/v2/images/32e6bb63-0a8a-4032-aeab-807a52502a24", "file": "/v2/images/32e6bb63-0a8a-4032-aeab-807a52502a24/file", "schema": "/v2/schemas/image"}'
2022-04-29 15:57:44,566 141401 INFO     [tempest.lib.common.rest_client] Request (VolumesBackupsTest:test_bootable_volume_backup_and_restore): 202 POST http://192.168.79.42/volume/v3/c1d824025fd04d52bddc53eacb1d37a1/volumes 0.407s
2022-04-29 15:57:44,566 141401 DEBUG    [tempest.lib.common.rest_client] Request - Headers: {'Content-Type': 'application/json', 'Accept': 'application/json', 'X-Auth-Token': '<omitted>'}
        Body: {"volume": {"imageRef": "32e6bb63-0a8a-4032-aeab-807a52502a24", "size": 1, "name": "tempest-VolumesBackupsTest-Volume-521403920"}}
    Response - Headers: {'date': 'Fri, 29 Apr 2022 15:57:44 GMT', 'server': 'Apache/2.4.41 (Ubuntu)', 'content-type': 'application/json', 'x-compute-request-id': 'req-f03a93ee-1065-4b4c-bf62-58781b1952ff', 'content-length': '815', 'openstack-api-version': 'volume 3.0', 'vary': 'OpenStack-API-Version', 'x-openstack-request-id': 'req-f03a93ee-1065-4b4c-bf62-58781b1952ff', 'connection': 'close', 'status': '202', 'content-location': 'http://192.168.79.42/volume/v3/c1d824025fd04d52bddc53eacb1d37a1/volumes'}
        Body: b'{"volume": {"id": "5bb45fb8-8180-4775-ac0f-41e95d7962ec", "status": "creating", "size": 1, "availability_zone": "nova", "created_at": "2022-04-29T15:57:44.493240", "updated_at": null, "name": "tempest-VolumesBackupsTest-Volume-521403920", "description": null, "volume_type": "3par1", "snapshot_id": null, "source_volid": null, "metadata": {}, "links": [{"rel": "self", "href": "http://192.168.79.42/volume/v3/c1d824025fd04d52bddc53eacb1d37a1/volumes/5bb45fb8-8180-4775-ac0f-41e95d7962ec"}, {"rel": "bookmark", "href": "http://192.168.79.42/volume/c1d824025fd04d52bddc53eacb1d37a1/volumes/5bb45fb8-8180-4775-ac0f-41e95d7962ec"}], "user_id": "1eabb5229dc941079630acea219c66fa", "bootable": "false", "encrypted": false, "replication_status": null, "consistencygroup_id": null, "multiattach": false, "attachments": []}}'
2022-04-29 15:57:44,612 141401 INFO     [tempest.lib.common.rest_client] Request (VolumesBackupsTest:test_bootable_volume_backup_and_restore): 200 GET http://192.168.79.42/volume/v3/c1d824025fd04d52bddc53eacb1d37a1/volumes/5bb45fb8-8180-4775-ac0f-41e95d7962ec 0.041s
2022-04-29 15:57:44,612 141401 DEBUG    [tempest.lib.common.rest_client] Request - Headers: {'Content-Type': 'application
    /json', 'Accept': 'application/json', 'X-Auth-Token': '<omitted>'}
        Body: None
    Response - Headers: {'date': 'Fri, 29 Apr 2022 15:57:44 GMT', 'server': 'Apache/2.4.41 (Ubuntu)', 'content-type': 'application/json', 'x-compute-request-id': 'req-fedf4dfe-6256-46d2-b309-c015d6e02346', 'content-length': '883', 'openstack-api-version': 'volume 3.0', 'vary': 'OpenStack-API-Version', 'x-openstack-request-id': 'req-fedf4dfe-6256-46d2-b309-c015d6e02346', 'connection': 'close', 'status': '200', 'content-location': 'http://192.168.79.42/volume/v3/c1d824025fd04d52bddc53eacb1d37a1/volumes/5bb45fb8-8180-4775-ac0f-41e95d7962ec'}
        Body: b'{"volume": {"id": "5bb45fb8-8180-4775-ac0f-41e95d7962ec", "status": "creating", "size": 1, "availability_zone": "nova", "created_at": "2022-04-29T15:57:44.000000", "updated_at": null, "name": "tempest-VolumesBackupsTest-Volume-521403920", "description": null, "volume_type": "3par1", "snapshot_id": null, "source_volid": null, "metadata": {}, "links": [{"rel": "self", "href": "http://192.168.79.42/volume/v3/c1d824025fd04d52bddc53eacb1d37a1/volumes/5bb45fb8-8180-4775-ac0f-41e95d7962ec"}, {"rel": "bookmark", "href": "http://192.168.79.42/volume/c1d824025fd04d52bddc53eacb1d37a1/volumes/5bb45fb8-8180-4775-ac0f-41e95d7962ec"}], "user_id": "1eabb5229dc941079630acea219c66fa", "bootable": "false", "encrypted": false, "replication_status": null, "consistencygroup_id": null, "multiattach": false, "attachments": [], "os-vol-tenant-attr:tenant_id": "c1d824025fd04d52bddc53eacb1d37a1"}}'
2022-04-29 15:57:45,659 141401 INFO     [tempest.lib.common.rest_client] Request (VolumesBackupsTest:test_bootable_volume_backup_and_restore): 200 GET http://192.168.79.42/volume/v3/c1d824025fd04d52bddc53eacb1d37a1/volumes/5bb45fb8-8180-4775-ac0f-41e95d7962ec 0.038s
2022-04-29 15:57:45,659 141401 DEBUG    [tempest.lib.common.rest_client] Request - Headers: {'Content-Type': 'application/json', 'Accept': 'application/json', 'X-Auth-Token': '<omitted>'}
        Body: None
    Response - Headers: {'date': 'Fri, 29 Apr 2022 15:57:45 GMT', 'server': 'Apache/2.4.41 (Ubuntu)', 'content-type': 'application/json', 'x-compute-request-id': 'req-2fd17a84-6f91-42ff-a7fc-67d0d789f919', 'content-length': '907', 'openstack-api-version': 'volume 3.0', 'vary': 'OpenStack-API-Version', 'x-openstack-request-id': 'req-2fd17a84-6f91-42ff-a7fc-67d0d789f919', 'connection': 'close', 'status': '200', 'content-location': 'http://192.168.79.42/volume/v3/c1d824025fd04d52bddc53eacb1d37a1/volumes/5bb45fb8-8180-4775-ac0f-41e95d7962ec'}
        Body: b'{"volume": {"id": "5bb45fb8-8180-4775-ac0f-41e95d7962ec", "status": "creating", "size": 1, "availability_zone": "nova", "created_at": "2022-04-29T15:57:44.000000", "updated_at": "2022-04-29T15:57:45.000000", "name": "tempest-VolumesBackupsTest-Volume-521403920", "description": null, "volume_type": "3par1", "snapshot_id": null, "source_volid": null, "metadata": {}, "links": [{"rel": "self", "href": "http://192.168.79.42/volume/v3/c1d824025fd04d52bddc53eacb1d37a1/volumes/5bb45fb8-8180-4775-ac0f-41e95d7962ec"}, {"rel": "bookmark", "href": "http://192.168.79.42/volume/c1d824025fd04d52bddc53eacb1d37a1/volumes/5bb45fb8-8180-4775-ac0f-41e95d7962ec"}], "user_id": "1eabb5229dc941079630acea219c66fa", "bootable": "false", "encrypted": false, "replication_status": null, "consistencygroup_id": null, "multiattach": false, "attachments": [], "os-vol-tenant-attr:tenant_id": "c1d824025fd04d52bddc53eacb1d37a1"}}'
2022-04-29 15:57:46,718 141401 INFO     [tempest.lib.common.rest_client] Request (VolumesBackupsTest:test_bootable_volume_backup_and_restore): 200 GET http://192.168.79.42/volume/v3/c1d824025fd04d52bddc53eacb1d37a1/volumes/5bb45fb8-8180-4775-ac0f-41e95d7962ec 0.054s
2022-04-29 15:57:46,718 141401 DEBUG    [tempest.lib.common.rest_client] Request - Headers: {'Content-Type': 'application/json', 'Accept': 'application/json', 'X-Auth-Token': '<omitted>'}
        Body: None
    Response - Headers: {'date': 'Fri, 29 Apr 2022 15:57:46 GMT', 'server': 'Apache/2.4.41 (Ubuntu)', 'content-type': 'application/json', 'x-compu
    te-request-id': 'req-3759fae6-5513-4ddc-b387-69d7c2a92af4', 'content-length': '965', 'openstack-api-version': 'volume 3.0', 'vary': 'OpenStack-API-Version', 'x-openstack-request-id': 'req-3759fae6-5513-4ddc-b387-69d7c2a92af4', 'connection': 'close', 'status': '200', 'content-location': 'http://192.168.79.42/volume/v3/c1d824025fd04d52bddc53eacb1d37a1/volumes/5bb45fb8-8180-4775-ac0f-41e95d7962ec'}
        Body: b'{"volume": {"id": "5bb45fb8-8180-4775-ac0f-41e95d7962ec", "status": "creating", "size": 1, "availability_zone": "nova", "created_at": "2022-04-29T15:57:44.000000", "updated_at": "2022-04-29T15:57:45.000000", "name": "tempest-VolumesBackupsTest-Volume-521403920", "description": null, "volume_type": "3par1", "snapshot_id": null, "source_volid": null, "metadata": {}, "links": [{"rel": "self", "href": "http://192.168.79.42/volume/v3/c1d824025fd04d52bddc53eacb1d37a1/volumes/5bb45fb8-8180-4775-ac0f-41e95d7962ec"}, {"rel": "bookmark", "href": "http://192.168.79.42/volume/c1d824025fd04d52bddc53eacb1d37a1/volumes/5bb45fb8-8180-4775-ac0f-41e95d7962ec"}], "user_id": "1eabb5229dc941079630acea219c66fa", "bootable": "false", "encrypted": false, "replication_status": null, "consistencygroup_id": null, "multiattach": false, "attachments": [], "volume_image_metadata": {"signature_verified": "False"}, "os-vol-tenant-attr:tenant_id": "c1d824025fd04d52bddc53eacb1d37a1"}}'
2022-04-29 15:57:47,759 141401 INFO     [tempest.lib.common.rest_client] Request (VolumesBackupsTest:test_bootable_volume_backup_and_restore): 200 GET http://192.168.79.42/volume/v3/c1d824025fd04d52bddc53eacb1d37a1/volumes/5bb45fb8-8180-4775-ac0f-41e95d7962ec 0.036s
2022-04-29 15:57:47,759 141401 DEBUG    [tempest.lib.common.rest_client] Request - Headers: {'Content-Type': 'application/json', 'Accept': 'application/json', 'X-Auth-Token': '<omitted>'}
        Body: None
    Response - Headers: {'date': 'Fri, 29 Apr 2022 15:57:47 GMT', 'server': 'Apache/2.4.41 (Ubuntu)', 'content-type': 'application/json', 'x-compute-request-id': 'req-b9876f14-9eaf-490b-a6c8-4cc6117765aa', 'content-length': '968', 'openstack-api-version': 'volume 3.0', 'vary': 'OpenStack-API-Version', 'x-openstack-request-id': 'req-b9876f14-9eaf-490b-a6c8-4cc6117765aa', 'connection': 'close', 'status': '200', 'content-location': 'http://192.168.79.42/volume/v3/c1d824025fd04d52bddc53eacb1d37a1/volumes/5bb45fb8-8180-4775-ac0f-41e95d7962ec'}
        Body: b'{"volume": {"id": "5bb45fb8-8180-4775-ac0f-41e95d7962ec", "status": "downloading", "size": 1, "availability_zone": "nova", "created_at": "2022-04-29T15:57:44.000000", "updated_at": "2022-04-29T15:57:48.000000", "name": "tempest-VolumesBackupsTest-Volume-521403920", "description": null, "volume_type": "3par1", "snapshot_id": null, "source_volid": null, "metadata": {}, "links": [{"rel": "self", "href": "http://192.168.79.42/volume/v3/c1d824025fd04d52bddc53eacb1d37a1/volumes/5bb45fb8-8180-4775-ac0f-41e95d7962ec"}, {"rel": "bookmark", "href": "http://192.168.79.42/volume/c1d824025fd04d52bddc53eacb1d37a1/volumes/5bb45fb8-8180-4775-ac0f-41e95d7962ec"}], "user_id": "1eabb5229dc941079630acea219c66fa", "bootable": "false", "encrypted": false, "replication_status": null, "consistencygroup_id": null, "multiattach": false, "attachments": [], "volume_image_metadata": {"signature_verified": "False"}, "os-vol-tenant-attr:tenant_id": "c1d824025fd04d52bddc53eacb1d37a1"}}'
2022-04-29 15:57:48,804 141401 INFO     [tempest.lib.common.rest_client] Request (VolumesBackupsTest:test_bootable_volume_backup_and_restore): 200 GET http://192.168.79.42/volume/v3/c1d824025fd04d52bddc53eacb1d37a1/volumes/5bb45fb8-8180-4775-ac0f-41e95d7962ec 0.039s
2022-04-29 15:57:48,804 141401 DEBUG    [tempest.lib.common.rest_client] Request - Headers: {'Content-Type': 'application/json', 'Accept': 'application/json', 'X-Auth-Token': '<omitted>'}
        Body: None
    Response - Headers: {'date': 'Fri, 29 Apr 2022 15:57:48 GMT', 'server': 'Apache/2.4.41 (Ubuntu)', 'content-type': 'application/json', 'x-compute-request-id': 'req-d1a225ce-d932-41f7-8263-99f2a6b7231a', 'content-length': '968', 'ope
    nstack-api-version': 'volume 3.0', 'vary': 'OpenStack-API-Version', 'x-openstack-request-id': 'req-d1a225ce-d932-41f7-8263-99f2a6b7231a', 'connection': 'close', 'status': '200', 'content-location': 'http://192.168.79.42/volume/v3/c1d824025fd04d52bddc53eacb1d37a1/volumes/5bb45fb8-8180-4775-ac0f-41e95d7962ec'}
        Body: b'{"volume": {"id": "5bb45fb8-8180-4775-ac0f-41e95d7962ec", "status": "downloading", "size": 1, "availability_zone": "nova", "created_at": "2022-04-29T15:57:44.000000", "updated_at": "2022-04-29T15:57:48.000000", "name": "tempest-VolumesBackupsTest-Volume-521403920", "description": null, "volume_type": "3par1", "snapshot_id": null, "source_volid": null, "metadata": {}, "links": [{"rel": "self", "href": "http://192.168.79.42/volume/v3/c1d824025fd04d52bddc53eacb1d37a1/volumes/5bb45fb8-8180-4775-ac0f-41e95d7962ec"}, {"rel": "bookmark", "href": "http://192.168.79.42/volume/c1d824025fd04d52bddc53eacb1d37a1/volumes/5bb45fb8-8180-4775-ac0f-41e95d7962ec"}], "user_id": "1eabb5229dc941079630acea219c66fa", "bootable": "false", "encrypted": false, "replication_status": null, "consistencygroup_id": null, "multiattach": false, "attachments": [], "volume_image_metadata": {"signature_verified": "False"}, "os-vol-tenant-attr:tenant_id": "c1d824025fd04d52bddc53eacb1d37a1"}}'
2022-04-29 15:57:49,858 141401 INFO     [tempest.lib.common.rest_client] Request (VolumesBackupsTest:test_bootable_volume_backup_and_restore): 200 GET http://192.168.79.42/volume/v3/c1d824025fd04d52bddc53eacb1d37a1/volumes/5bb45fb8-8180-4775-ac0f-41e95d7962ec 0.048s
2022-04-29 15:57:49,858 141401 DEBUG    [tempest.lib.common.rest_client] Request - Headers: {'Content-Type': 'application/json', 'Accept': 'application/json', 'X-Auth-Token': '<omitted>'}
        Body: None
    Response - Headers: {'date': 'Fri, 29 Apr 2022 15:57:49 GMT', 'server': 'Apache/2.4.41 (Ubuntu)', 'content-type': 'application/json', 'x-compute-request-id': 'req-973bdda8-0bc2-4225-aa52-00a3300316f3', 'content-length': '962', 'openstack-api-version': 'volume 3.0', 'vary': 'OpenStack-API-Version', 'x-openstack-request-id': 'req-973bdda8-0bc2-4225-aa52-00a3300316f3', 'connection': 'close', 'status': '200', 'content-location': 'http://192.168.79.42/volume/v3/c1d824025fd04d52bddc53eacb1d37a1/volumes/5bb45fb8-8180-4775-ac0f-41e95d7962ec'}
        Body: b'{"volume": {"id": "5bb45fb8-8180-4775-ac0f-41e95d7962ec", "status": "error", "size": 1, "availability_zone": "nova", "created_at": "2022-04-29T15:57:44.000000", "updated_at": "2022-04-29T15:57:49.000000", "name": "tempest-VolumesBackupsTest-Volume-521403920", "description": null, "volume_type": "3par1", "snapshot_id": null, "source_volid": null, "metadata": {}, "links": [{"rel": "self", "href": "http://192.168.79.42/volume/v3/c1d824025fd04d52bddc53eacb1d37a1/volumes/5bb45fb8-8180-4775-ac0f-41e95d7962ec"}, {"rel": "bookmark", "href": "http://192.168.79.42/volume/c1d824025fd04d52bddc53eacb1d37a1/volumes/5bb45fb8-8180-4775-ac0f-41e95d7962ec"}], "user_id": "1eabb5229dc941079630acea219c66fa", "bootable": "false", "encrypted": false, "replication_status": null, "consistencygroup_id": null, "multiattach": false, "attachments": [], "volume_image_metadata": {"signature_verified": "False"}, "os-vol-tenant-attr:tenant_id": "c1d824025fd04d52bddc53eacb1d37a1"}}'

{0} tempest.api.volume.test_volumes_backup.VolumesBackupsTest.test_volume_backup_create_get_detailed_list_restore_delete [77.453188s] ... ok
{0} tearDownClass (tempest.api.volume.test_volumes_backup.VolumesBackupsTest) [0.000000s] ... FAILED

Captured traceback:
~~~~~~~~~~~~~~~~~~~
    Traceback (most recent call last):

      File "/opt/stack/tempest/tempest/test.py", line 220, in tearDownClass
    raise value.with_traceback(trace)

      File "/opt/stack/tempest/tempest/test.py", line 192, in tearDownClass
    teardown()

      File "/opt/stack/tempest/tempest/test.py", line 602, in resource_cleanup
    raise testtools.MultipleExceptions(*cleanup_errors)

    testtools.runtest.MultipleExceptions: (<class 'tempest.lib.exceptions.TimeoutException'>, Request timed out
Details: (VolumesBackupsTest:tearDownClass) Failed to delete volume 5bb45fb8-8180-4775-ac0f-41e95d7962ec within the required time (196 s). Timer started at 1651247947. Timer ended at 1651248143. Waited for 196 s., <traceback object at 0x7f5ee3950840>)

{0} tempest.api.volume.test_volumes_backup.VolumesBackupsV39Test.test_update_backup [36.850766s] ... ok
{0} tempest.api.volume.test_volumes_clone.VolumesCloneTest.test_create_from_bootable_volume [15.578580s] ... ok
{0} tempest.api.volume.test_volumes_clone.VolumesCloneTest.test_create_from_volume [2.687741s] ... ok
{0} tempest.api.volume.test_volumes_clone_negative.VolumesCloneNegativeTest.test_create_from_volume_decreasing_size [1.427034s] ... ok
{0} tempest.api.volume.test_volumes_extend.VolumesExtendAttachedTest.test_extend_attached_volume [22.109647s] ... ok
{0} tempest.api.volume.test_volumes_extend.VolumesExtendTest.test_volume_extend [15.396641s] ... ok
{0} tempest.api.volume.test_volumes_extend.VolumesExtendTest.test_volume_extend_when_volume_has_snapshot [3.775942s] ... ok
{0} tempest.api.volume.test_volumes_get.VolumesGetTest.test_volume_create_get_update_delete [5.242618s] ... ok
{0} tempest.api.volume.test_volumes_get.VolumesGetTest.test_volume_create_get_update_delete_as_clone [6.452066s] ... ok
{0} tempest.api.volume.test_volumes_get.VolumesGetTest.test_volume_create_get_update_delete_from_image [17.871759s] ... ok
{0} tempest.api.volume.test_volumes_get.VolumesSummaryTest.test_show_volume_summary [0.096610s] ... ok
{0} tempest.api.volume.test_volumes_list.VolumesListTestJSON.test_volume_list [0.049281s] ... ok
{0} tempest.api.volume.test_volumes_list.VolumesListTestJSON.test_volume_list_by_name [0.072375s] ... ok
{0} tempest.api.volume.test_volumes_list.VolumesListTestJSON.test_volume_list_details_by_name [0.056161s] ... ok
{0} tempest.api.volume.test_volumes_list.VolumesListTestJSON.test_volume_list_details_pagination [0.248143s] ... ok
{0} tempest.api.volume.test_volumes_list.VolumesListTestJSON.test_volume_list_details_with_multiple_params [0.135261s] ... ok
{0} tempest.api.volume.test_volumes_list.VolumesListTestJSON.test_volume_list_pagination [0.235620s] ... ok
{0} tempest.api.volume.test_volumes_list.VolumesListTestJSON.test_volume_list_param_display_name_and_status [0.057065s] ... ok
{0} tempest.api.volume.test_volumes_list.VolumesListTestJSON.test_volume_list_with_detail_param_display_name_and_status [0.051673s] ... ok
{0} tempest.api.volume.test_volumes_list.VolumesListTestJSON.test_volume_list_with_detail_param_marker [0.091937s] ... ok
{0} tempest.api.volume.test_volumes_list.VolumesListTestJSON.test_volume_list_with_detail_param_metadata [0.058162s] ... ok
{0} tempest.api.volume.test_volumes_list.VolumesListTestJSON.test_volume_list_with_details [0.065902s] ... ok
{0} tempest.api.volume.test_volumes_list.VolumesListTestJSON.test_volume_list_with_param_metadata [0.044055s] ... ok
{0} tempest.api.volume.test_volumes_list.VolumesListTestJSON.test_volumes_list_by_availability_zone [0.122365s] ... ok
{0} tempest.api.volume.test_volumes_list.VolumesListTestJSON.test_volumes_list_by_bootable [0.108256s] ... ok
{0} tempest.api.volume.test_volumes_list.VolumesListTestJSON.test_volumes_list_by_status [0.102037s] ... ok
{0} tempest.api.volume.test_volumes_list.VolumesListTestJSON.test_volumes_list_details_by_availability_zone [0.052596s] ... ok
{0} tempest.api.volume.test_volumes_list.VolumesListTestJSON.test_volumes_list_details_by_bootable [0.059114s] ... ok
{0} tempest.api.volume.test_volumes_list.VolumesListTestJSON.test_volumes_list_details_by_status [0.061363s] ... ok
{0} tempest.api.volume.test_volumes_negative.VolumesNegativeTest.test_attach_volumes_with_nonexistent_volume_id [8.799343s] ... ok
{0} tempest.api.volume.test_volumes_negative.VolumesNegativeTest.test_create_volume_from_deactivated_image [2.572790s] ... ok
{0} tempest.api.volume.test_volumes_negative.VolumesNegativeTest.test_create_volume_from_image_with_decreasing_size [2.327287s] ... ok
{0} tempest.api.volume.test_volumes_negative.VolumesNegativeTest.test_create_volume_with_invalid_size [0.014545s] ... ok
{0} tempest.api.volume.test_volumes_negative.VolumesNegativeTest.test_create_volume_with_nonexistent_snapshot_id [0.026070s] ... ok
{0} tempest.api.volume.test_volumes_negative.VolumesNegativeTest.test_create_volume_with_nonexistent_source_volid [0.021644s] ... ok
{0} tempest.api.volume.test_volumes_negative.VolumesNegativeTest.test_create_volume_with_nonexistent_volume_type [0.023412s] ... ok
{0} tempest.api.volume.test_volumes_negative.VolumesNegativeTest.test_create_volume_with_size_negative [0.010009s] ... ok
{0} tempest.api.volume.test_volumes_negative.VolumesNegativeTest.test_create_volume_with_size_zero [0.010313s] ... ok
{0} tempest.api.volume.test_volumes_negative.VolumesNegativeTest.test_create_volume_without_passing_size [0.012307s] ... ok
{0} tempest.api.volume.test_volumes_negative.VolumesNegativeTest.test_delete_invalid_volume_id [0.022391s] ... ok
{0} tempest.api.volume.test_volumes_negative.VolumesNegativeTest.test_delete_volume_without_passing_volume_id [0.010150s] ... ok
{0} tempest.api.volume.test_volumes_negative.VolumesNegativeTest.test_detach_volumes_with_invalid_volume_id [0.028393s] ... ok
{0} tempest.api.volume.test_volumes_negative.VolumesNegativeTest.test_get_invalid_volume_id [0.024581s] ... ok
{0} tempest.api.volume.test_volumes_negative.VolumesNegativeTest.test_get_volume_without_passing_volume_id [0.010176s] ... ok
{0} tempest.api.volume.test_volumes_negative.VolumesNegativeTest.test_list_volumes_detail_with_invalid_status [0.060066s] ... ok
{0} tempest.api.volume.test_volumes_negative.VolumesNegativeTest.test_list_volumes_detail_with_nonexistent_name [0.063984s] ... ok
{0} tempest.api.volume.test_volumes_negative.VolumesNegativeTest.test_list_volumes_with_invalid_status [0.049436s] ... ok
{0} tempest.api.volume.test_volumes_negative.VolumesNegativeTest.test_list_volumes_with_nonexistent_name [0.369247s] ... ok
{0} tempest.api.volume.test_volumes_negative.VolumesNegativeTest.test_reserve_volume_with_negative_volume_status [0.131501s] ... ok
{0} tempest.api.volume.test_volumes_negative.VolumesNegativeTest.test_reserve_volume_with_nonexistent_volume_id [0.022219s] ... ok
{0} tempest.api.volume.test_volumes_negative.VolumesNegativeTest.test_unreserve_volume_with_nonexistent_volume_id [0.025821s] ... ok
{0} tempest.api.volume.test_volumes_negative.VolumesNegativeTest.test_update_volume_with_empty_volume_id [0.010022s] ... ok
{0} tempest.api.volume.test_volumes_negative.VolumesNegativeTest.test_update_volume_with_invalid_volume_id [0.018676s] ... ok
{0} tempest.api.volume.test_volumes_negative.VolumesNegativeTest.test_update_volume_with_nonexistent_volume_id [0.019672s] ... ok
{0} tempest.api.volume.test_volumes_negative.VolumesNegativeTest.test_volume_delete_nonexistent_volume_id [0.019701s] ... ok
{0} tempest.api.volume.test_volumes_negative.VolumesNegativeTest.test_volume_extend_with_None_size [0.011711s] ... ok
{0} tempest.api.volume.test_volumes_negative.VolumesNegativeTest.test_volume_extend_with_non_number_size [0.009394s] ... ok
{0} tempest.api.volume.test_volumes_negative.VolumesNegativeTest.test_volume_extend_with_nonexistent_volume_id [0.015258s] ... ok
{0} tempest.api.volume.test_volumes_negative.VolumesNegativeTest.test_volume_extend_with_size_smaller_than_original_size [0.013708s] ... ok
{0} tempest.api.volume.test_volumes_negative.VolumesNegativeTest.test_volume_extend_without_passing_volume_id [0.023840s] ... ok
{0} tempest.api.volume.test_volumes_negative.VolumesNegativeTest.test_volume_get_nonexistent_volume_id [0.026631s] ... ok
{0} tempest.api.volume.test_volumes_snapshots.VolumesSnapshotTestJSON.test_snapshot_backup [37.690966s] ... ok
{0} tempest.api.volume.test_volumes_snapshots.VolumesSnapshotTestJSON.test_snapshot_create_delete_with_volume_in_use [39.350613s] ... ok
{0} tempest.api.volume.test_volumes_snapshots.VolumesSnapshotTestJSON.test_snapshot_create_get_list_update_delete [2.418749s] ... ok
{0} tempest.api.volume.test_volumes_snapshots.VolumesSnapshotTestJSON.test_snapshot_create_offline_delete_online [23.716588s] ... ok
{0} tempest.api.volume.test_volumes_snapshots.VolumesSnapshotTestJSON.test_volume_from_snapshot [7.101923s] ... ok
{0} tempest.api.volume.test_volumes_snapshots.VolumesSnapshotTestJSON.test_volume_from_snapshot_no_size [5.081406s] ... ok
{0} tempest.api.volume.test_volumes_snapshots_list.VolumesSnapshotListTestJSON.test_snapshot_list_param_limit [0.023199s] ... ok
{0} tempest.api.volume.test_volumes_snapshots_list.VolumesSnapshotListTestJSON.test_snapshot_list_param_limit_equals_infinite [0.050798s] ... ok
{0} tempest.api.volume.test_volumes_snapshots_list.VolumesSnapshotListTestJSON.test_snapshot_list_param_limit_equals_zero [0.022622s] ... ok
{0} tempest.api.volume.test_volumes_snapshots_list.VolumesSnapshotListTestJSON.test_snapshot_list_param_marker [0.061799s] ... ok
{0} tempest.api.volume.test_volumes_snapshots_list.VolumesSnapshotListTestJSON.test_snapshot_list_param_offset [0.027325s] ... ok
{0} tempest.api.volume.test_volumes_snapshots_list.VolumesSnapshotListTestJSON.test_snapshot_list_param_sort_created_at_asc [0.034310s] ... ok
{0} tempest.api.volume.test_volumes_snapshots_list.VolumesSnapshotListTestJSON.test_snapshot_list_param_sort_created_at_desc [0.019154s] ... ok
{0} tempest.api.volume.test_volumes_snapshots_list.VolumesSnapshotListTestJSON.test_snapshot_list_param_sort_id_asc [0.031383s] ... ok
{0} tempest.api.volume.test_volumes_snapshots_list.VolumesSnapshotListTestJSON.test_snapshot_list_param_sort_id_desc [0.026247s] ... ok
{0} tempest.api.volume.test_volumes_snapshots_list.VolumesSnapshotListTestJSON.test_snapshot_list_param_sort_name_asc [0.042640s] ... ok
{0} tempest.api.volume.test_volumes_snapshots_list.VolumesSnapshotListTestJSON.test_snapshot_list_param_sort_name_desc [0.029840s] ... ok
{0} tempest.api.volume.test_volumes_snapshots_list.VolumesSnapshotListTestJSON.test_snapshots_list_details_with_params [0.102378s] ... ok
{0} tempest.api.volume.test_volumes_snapshots_list.VolumesSnapshotListTestJSON.test_snapshots_list_with_params [0.088136s] ... ok
{0} tempest.api.volume.test_volumes_snapshots_negative.VolumesSnapshotNegativeTestJSON.test_create_snapshot_with_nonexistent_volume_id [0.119060s] ... ok
{0} tempest.api.volume.test_volumes_snapshots_negative.VolumesSnapshotNegativeTestJSON.test_create_snapshot_without_passing_volume_id [0.043407s] ... ok
{0} tempest.api.volume.test_volumes_snapshots_negative.VolumesSnapshotNegativeTestJSON.test_list_snapshot_invalid_param_limit [0.013787s] ... ok
{0} tempest.api.volume.test_volumes_snapshots_negative.VolumesSnapshotNegativeTestJSON.test_list_snapshots_invalid_param_marker [0.018996s] ... ok
{0} tempest.api.volume.test_volumes_snapshots_negative.VolumesSnapshotNegativeTestJSON.test_list_snapshots_invalid_param_sort [0.016149s] ... ok
{0} tempest.api.volume.test_volumes_snapshots_negative.VolumesSnapshotNegativeTestJSON.test_volume_from_snapshot_decreasing_size [2.685165s] ... ok
{0} tempest.scenario.test_encrypted_cinder_volumes.TestEncryptedCinderVolumes.test_encrypted_cinder_volumes_cryptsetup [22.326683s] ... ok
{0} tempest.scenario.test_encrypted_cinder_volumes.TestEncryptedCinderVolumes.test_encrypted_cinder_volumes_luks [29.849285s] ... ok
{0} tempest.scenario.test_shelve_instance.TestShelveInstance.test_shelve_volume_backed_instance ... SKIPPED: The public_network_id option must be specified.
{0} tempest.scenario.test_stamp_pattern.TestStampPattern.test_stamp_pattern ... SKIPPED: The public_network_id option must be specified.
{0} tempest.scenario.test_volume_boot_pattern.TestVolumeBootPattern.test_boot_server_from_encrypted_volume_luks [23.555136s] ... ok
{0} tempest.scenario.test_volume_boot_pattern.TestVolumeBootPattern.test_create_server_from_volume_snapshot [34.214154s] ... ok
{0} tempest.scenario.test_volume_boot_pattern.TestVolumeBootPattern.test_image_defined_boot_from_volume [46.334686s] ... ok
{0} tempest.scenario.test_volume_boot_pattern.TestVolumeBootPattern.test_volume_boot_pattern ... SKIPPED: The public_network_id option must be specified.

==============================
Failed 2 tests - output below:
==============================

tempest.api.volume.test_volumes_backup.VolumesBackupsTest.test_bootable_volume_backup_and_restore[id-2a8ba340-dff2-4511-9db7-646f07156b15,image]
------------------------------------------------------------------------------------------------------------------------------------------------

Captured traceback:
~~~~~~~~~~~~~~~~~~~
    Traceback (most recent call last):

      File "/opt/stack/tempest/tempest/common/utils/__init__.py", line 70, in wrapper
    return f(*func_args, **func_kwargs)

      File "/opt/stack/tempest/tempest/api/volume/test_volumes_backup.py", line 143, in test_bootable_volume_backup_and_restore
    volume = self.create_volume(imageRef=img_uuid)

      File "/opt/stack/tempest/tempest/api/volume/base.py", line 130, in create_volume
    waiters.wait_for_volume_resource_status(cls.volumes_client,

      File "/opt/stack/tempest/tempest/common/waiters.py", line 305, in wait_for_volume_resource_status
    raise exceptions.VolumeResourceBuildErrorException(

    tempest.exceptions.VolumeResourceBuildErrorException: volume 5bb45fb8-8180-4775-ac0f-41e95d7962ec failed to build and is in ERROR status


Captured pythonlogging:
~~~~~~~~~~~~~~~~~~~~~~~
    2022-04-29 15:57:44,157 141401 INFO     [tempest.lib.common.rest_client] Request (VolumesBackupsTest:test_bootable_volume_backup_and_restore): 200 GET http://192.168.79.42/image/v2/images/32e6bb63-0a8a-4032-aeab-807a52502a24 0.112s
2022-04-29 15:57:44,158 141401 DEBUG    [tempest.lib.common.rest_client] Request - Headers: {'Content-Type': 'application/json', 'Accept': 'application/json', 'X-Auth-Token': '<omitted>'}
        Body: None
    Response - Headers: {'date': 'Fri, 29 Apr 2022 15:57:44 GMT', 'server': 'Apache/2.4.41 (Ubuntu)', 'content-length': '976', 'content-type': 'application/json', 'x-openstack-request-id': 'req-efafe96a-c3ff-4a86-b2b8-fa9f859e3022', 'connection': 'close', 'status': '200', 'content-location': 'http://192.168.79.42/image/v2/images/32e6bb63-0a8a-4032-aeab-807a52502a24'}
        Body: b'{"hw_rng_model": "virtio", "owner_specified.openstack.md5": "", "owner_specified.openstack.object": "images/cirros-0.5.1-x86_64-disk", "owner_specified.openstack.sha256": "", "name": "cirros-0.5.1-x86_64-disk", "disk_format": "qcow2", "container_format": "bare", "visibility": "public", "size": 16338944, "virtual_size": 117440512, "status": "active", "checksum": "1d3062cd89af34e419f7100277f38b2b", "protected": false, "min_ram": 0, "min_disk": 0, "owner": "4fe2005c235e4c98a4d4e654dd9395ae", "os_hidden": false, "os_hash_algo": "sha512", "os_hash_value": "553d220ed58cfee7dafe003c446a9f197ab5edf8ffc09396c74187cf83873c877e7ae041cb80f3b91489acf687183adcd689b53b38e3ddd22e627e7f98a09c46", "id": "32e6bb63-0a8a-4032-aeab-807a52502a24", "created_at": "2022-04-29T15:40:33Z", "updated_at": "2022-04-29T15:40:35Z", "tags": [], "self": "/v2/images/32e6bb63-0a8a-4032-aeab-807a52502a24", "file": "/v2/images/32e6bb63-0a8a-4032-aeab-807a52502a24/file", "schema": "/v2/schemas/image"}'
2022-04-29 15:57:44,566 141401 INFO     [tempest.lib.common.rest_client] Request (VolumesBackupsTest:test_bootable_volume_backup_and_restore): 202 POST http://192.168.79.42/volume/v3/c1d824025fd04d52bddc53eacb1d37a1/volumes 0.407s
2022-04-29 15:57:44,566 141401 DEBUG    [tempest.lib.common.rest_client] Request - Headers: {'Content-Type': 'application/json', 'Accept': 'application/json', 'X-Auth-Token': '<omitted>'}
        Body: {"volume": {"imageRef": "32e6bb63-0a8a-4032-aeab-807a52502a24", "size": 1, "name": "tempest-VolumesBackupsTest-Volume-521403920"}}
    Response - Headers: {'date': 'Fri, 29 Apr 2022 15:57:44 GMT', 'server': 'Apache/2.4.41 (Ubuntu)', 'content-type': 'application/json', 'x-compute-request-id': 'req-f03a93ee-1065-4b4c-bf62-58781b1952ff', 'content-length': '815', 'openstack-api-version': 'volume 3.0', 'vary': 'OpenStack-API-Version', 'x-openstack-request-id': 'req-f03a93ee-1065-4b4c-bf62-58781b1952ff', 'connection': 'close', 'status': '202', 'content-location': 'http://192.168.79.42/volume/v3/c1d824025fd04d52bddc53eacb1d37a1/volumes'}
        Body: b'{"volume": {"id": "5bb45fb8-8180-4775-ac0f-41e95d7962ec", "status": "creating", "size": 1, "availability_zone": "nova", "created_at": "2022-04-29T15:57:44.493240", "updated_at": null, "name": "tempest-VolumesBackupsTest-Volume-521403920", "description": null, "volume_type": "3par1", "snapshot_id": null, "source_volid": null, "metadata": {}, "links": [{"rel": "self", "href": "http://192.168.79.42/volume/v3/c1d824025fd04d52bddc53eacb1d37a1/volumes/5bb45fb8-8180-4775-ac0f-41e95d7962ec"}, {"rel": "bookmark", "href": "http://192.168.79.42/volume/c1d824025fd04d52bddc53eacb1d37a1/volumes/5bb45fb8-8180-4775-ac0f-41e95d7962ec"}], "user_id": "1eabb5229dc941079630acea219c66fa", "bootable": "false", "encrypted": false, "replication_status": null, "consistencygroup_id": null, "multiattach": false, "attachments": []}}'
2022-04-29 15:57:44,612 141401 INFO     [tempest.lib.common.rest_client] Request (VolumesBackupsTest:test_bootable_volume_backup_and_restore): 200 GET http://192.168.79.42/volume/v3/c1d824025fd04d52bddc53eacb1d37a1/volumes/5bb45fb8-8180-4775-ac0f-41e95d7962ec 0.041s
2022-04-29 15:57:44,612 141401 DEBUG    [tempest.lib.common.rest_client] Request - Headers: {'Content-Type': 'application
    /json', 'Accept': 'application/json', 'X-Auth-Token': '<omitted>'}
        Body: None
    Response - Headers: {'date': 'Fri, 29 Apr 2022 15:57:44 GMT', 'server': 'Apache/2.4.41 (Ubuntu)', 'content-type': 'application/json', 'x-compute-request-id': 'req-fedf4dfe-6256-46d2-b309-c015d6e02346', 'content-length': '883', 'openstack-api-version': 'volume 3.0', 'vary': 'OpenStack-API-Version', 'x-openstack-request-id': 'req-fedf4dfe-6256-46d2-b309-c015d6e02346', 'connection': 'close', 'status': '200', 'content-location': 'http://192.168.79.42/volume/v3/c1d824025fd04d52bddc53eacb1d37a1/volumes/5bb45fb8-8180-4775-ac0f-41e95d7962ec'}
        Body: b'{"volume": {"id": "5bb45fb8-8180-4775-ac0f-41e95d7962ec", "status": "creating", "size": 1, "availability_zone": "nova", "created_at": "2022-04-29T15:57:44.000000", "updated_at": null, "name": "tempest-VolumesBackupsTest-Volume-521403920", "description": null, "volume_type": "3par1", "snapshot_id": null, "source_volid": null, "metadata": {}, "links": [{"rel": "self", "href": "http://192.168.79.42/volume/v3/c1d824025fd04d52bddc53eacb1d37a1/volumes/5bb45fb8-8180-4775-ac0f-41e95d7962ec"}, {"rel": "bookmark", "href": "http://192.168.79.42/volume/c1d824025fd04d52bddc53eacb1d37a1/volumes/5bb45fb8-8180-4775-ac0f-41e95d7962ec"}], "user_id": "1eabb5229dc941079630acea219c66fa", "bootable": "false", "encrypted": false, "replication_status": null, "consistencygroup_id": null, "multiattach": false, "attachments": [], "os-vol-tenant-attr:tenant_id": "c1d824025fd04d52bddc53eacb1d37a1"}}'
2022-04-29 15:57:45,659 141401 INFO     [tempest.lib.common.rest_client] Request (VolumesBackupsTest:test_bootable_volume_backup_and_restore): 200 GET http://192.168.79.42/volume/v3/c1d824025fd04d52bddc53eacb1d37a1/volumes/5bb45fb8-8180-4775-ac0f-41e95d7962ec 0.038s
2022-04-29 15:57:45,659 141401 DEBUG    [tempest.lib.common.rest_client] Request - Headers: {'Content-Type': 'application/json', 'Accept': 'application/json', 'X-Auth-Token': '<omitted>'}
        Body: None
    Response - Headers: {'date': 'Fri, 29 Apr 2022 15:57:45 GMT', 'server': 'Apache/2.4.41 (Ubuntu)', 'content-type': 'application/json', 'x-compute-request-id': 'req-2fd17a84-6f91-42ff-a7fc-67d0d789f919', 'content-length': '907', 'openstack-api-version': 'volume 3.0', 'vary': 'OpenStack-API-Version', 'x-openstack-request-id': 'req-2fd17a84-6f91-42ff-a7fc-67d0d789f919', 'connection': 'close', 'status': '200', 'content-location': 'http://192.168.79.42/volume/v3/c1d824025fd04d52bddc53eacb1d37a1/volumes/5bb45fb8-8180-4775-ac0f-41e95d7962ec'}
        Body: b'{"volume": {"id": "5bb45fb8-8180-4775-ac0f-41e95d7962ec", "status": "creating", "size": 1, "availability_zone": "nova", "created_at": "2022-04-29T15:57:44.000000", "updated_at": "2022-04-29T15:57:45.000000", "name": "tempest-VolumesBackupsTest-Volume-521403920", "description": null, "volume_type": "3par1", "snapshot_id": null, "source_volid": null, "metadata": {}, "links": [{"rel": "self", "href": "http://192.168.79.42/volume/v3/c1d824025fd04d52bddc53eacb1d37a1/volumes/5bb45fb8-8180-4775-ac0f-41e95d7962ec"}, {"rel": "bookmark", "href": "http://192.168.79.42/volume/c1d824025fd04d52bddc53eacb1d37a1/volumes/5bb45fb8-8180-4775-ac0f-41e95d7962ec"}], "user_id": "1eabb5229dc941079630acea219c66fa", "bootable": "false", "encrypted": false, "replication_status": null, "consistencygroup_id": null, "multiattach": false, "attachments": [], "os-vol-tenant-attr:tenant_id": "c1d824025fd04d52bddc53eacb1d37a1"}}'
2022-04-29 15:57:46,718 141401 INFO     [tempest.lib.common.rest_client] Request (VolumesBackupsTest:test_bootable_volume_backup_and_restore): 200 GET http://192.168.79.42/volume/v3/c1d824025fd04d52bddc53eacb1d37a1/volumes/5bb45fb8-8180-4775-ac0f-41e95d7962ec 0.054s
2022-04-29 15:57:46,718 141401 DEBUG    [tempest.lib.common.rest_client] Request - Headers: {'Content-Type': 'application/json', 'Accept': 'application/json', 'X-Auth-Token': '<omitted>'}
        Body: None
    Response - Headers: {'date': 'Fri, 29 Apr 2022 15:57:46 GMT', 'server': 'Apache/2.4.41 (Ubuntu)', 'content-type': 'application/json', 'x-compu
    te-request-id': 'req-3759fae6-5513-4ddc-b387-69d7c2a92af4', 'content-length': '965', 'openstack-api-version': 'volume 3.0', 'vary': 'OpenStack-API-Version', 'x-openstack-request-id': 'req-3759fae6-5513-4ddc-b387-69d7c2a92af4', 'connection': 'close', 'status': '200', 'content-location': 'http://192.168.79.42/volume/v3/c1d824025fd04d52bddc53eacb1d37a1/volumes/5bb45fb8-8180-4775-ac0f-41e95d7962ec'}
        Body: b'{"volume": {"id": "5bb45fb8-8180-4775-ac0f-41e95d7962ec", "status": "creating", "size": 1, "availability_zone": "nova", "created_at": "2022-04-29T15:57:44.000000", "updated_at": "2022-04-29T15:57:45.000000", "name": "tempest-VolumesBackupsTest-Volume-521403920", "description": null, "volume_type": "3par1", "snapshot_id": null, "source_volid": null, "metadata": {}, "links": [{"rel": "self", "href": "http://192.168.79.42/volume/v3/c1d824025fd04d52bddc53eacb1d37a1/volumes/5bb45fb8-8180-4775-ac0f-41e95d7962ec"}, {"rel": "bookmark", "href": "http://192.168.79.42/volume/c1d824025fd04d52bddc53eacb1d37a1/volumes/5bb45fb8-8180-4775-ac0f-41e95d7962ec"}], "user_id": "1eabb5229dc941079630acea219c66fa", "bootable": "false", "encrypted": false, "replication_status": null, "consistencygroup_id": null, "multiattach": false, "attachments": [], "volume_image_metadata": {"signature_verified": "False"}, "os-vol-tenant-attr:tenant_id": "c1d824025fd04d52bddc53eacb1d37a1"}}'
2022-04-29 15:57:47,759 141401 INFO     [tempest.lib.common.rest_client] Request (VolumesBackupsTest:test_bootable_volume_backup_and_restore): 200 GET http://192.168.79.42/volume/v3/c1d824025fd04d52bddc53eacb1d37a1/volumes/5bb45fb8-8180-4775-ac0f-41e95d7962ec 0.036s
2022-04-29 15:57:47,759 141401 DEBUG    [tempest.lib.common.rest_client] Request - Headers: {'Content-Type': 'application/json', 'Accept': 'application/json', 'X-Auth-Token': '<omitted>'}
        Body: None
    Response - Headers: {'date': 'Fri, 29 Apr 2022 15:57:47 GMT', 'server': 'Apache/2.4.41 (Ubuntu)', 'content-type': 'application/json', 'x-compute-request-id': 'req-b9876f14-9eaf-490b-a6c8-4cc6117765aa', 'content-length': '968', 'openstack-api-version': 'volume 3.0', 'vary': 'OpenStack-API-Version', 'x-openstack-request-id': 'req-b9876f14-9eaf-490b-a6c8-4cc6117765aa', 'connection': 'close', 'status': '200', 'content-location': 'http://192.168.79.42/volume/v3/c1d824025fd04d52bddc53eacb1d37a1/volumes/5bb45fb8-8180-4775-ac0f-41e95d7962ec'}
        Body: b'{"volume": {"id": "5bb45fb8-8180-4775-ac0f-41e95d7962ec", "status": "downloading", "size": 1, "availability_zone": "nova", "created_at": "2022-04-29T15:57:44.000000", "updated_at": "2022-04-29T15:57:48.000000", "name": "tempest-VolumesBackupsTest-Volume-521403920", "description": null, "volume_type": "3par1", "snapshot_id": null, "source_volid": null, "metadata": {}, "links": [{"rel": "self", "href": "http://192.168.79.42/volume/v3/c1d824025fd04d52bddc53eacb1d37a1/volumes/5bb45fb8-8180-4775-ac0f-41e95d7962ec"}, {"rel": "bookmark", "href": "http://192.168.79.42/volume/c1d824025fd04d52bddc53eacb1d37a1/volumes/5bb45fb8-8180-4775-ac0f-41e95d7962ec"}], "user_id": "1eabb5229dc941079630acea219c66fa", "bootable": "false", "encrypted": false, "replication_status": null, "consistencygroup_id": null, "multiattach": false, "attachments": [], "volume_image_metadata": {"signature_verified": "False"}, "os-vol-tenant-attr:tenant_id": "c1d824025fd04d52bddc53eacb1d37a1"}}'
2022-04-29 15:57:48,804 141401 INFO     [tempest.lib.common.rest_client] Request (VolumesBackupsTest:test_bootable_volume_backup_and_restore): 200 GET http://192.168.79.42/volume/v3/c1d824025fd04d52bddc53eacb1d37a1/volumes/5bb45fb8-8180-4775-ac0f-41e95d7962ec 0.039s
2022-04-29 15:57:48,804 141401 DEBUG    [tempest.lib.common.rest_client] Request - Headers: {'Content-Type': 'application/json', 'Accept': 'application/json', 'X-Auth-Token': '<omitted>'}
        Body: None
    Response - Headers: {'date': 'Fri, 29 Apr 2022 15:57:48 GMT', 'server': 'Apache/2.4.41 (Ubuntu)', 'content-type': 'application/json', 'x-compute-request-id': 'req-d1a225ce-d932-41f7-8263-99f2a6b7231a', 'content-length': '968', 'ope
    nstack-api-version': 'volume 3.0', 'vary': 'OpenStack-API-Version', 'x-openstack-request-id': 'req-d1a225ce-d932-41f7-8263-99f2a6b7231a', 'connection': 'close', 'status': '200', 'content-location': 'http://192.168.79.42/volume/v3/c1d824025fd04d52bddc53eacb1d37a1/volumes/5bb45fb8-8180-4775-ac0f-41e95d7962ec'}
        Body: b'{"volume": {"id": "5bb45fb8-8180-4775-ac0f-41e95d7962ec", "status": "downloading", "size": 1, "availability_zone": "nova", "created_at": "2022-04-29T15:57:44.000000", "updated_at": "2022-04-29T15:57:48.000000", "name": "tempest-VolumesBackupsTest-Volume-521403920", "description": null, "volume_type": "3par1", "snapshot_id": null, "source_volid": null, "metadata": {}, "links": [{"rel": "self", "href": "http://192.168.79.42/volume/v3/c1d824025fd04d52bddc53eacb1d37a1/volumes/5bb45fb8-8180-4775-ac0f-41e95d7962ec"}, {"rel": "bookmark", "href": "http://192.168.79.42/volume/c1d824025fd04d52bddc53eacb1d37a1/volumes/5bb45fb8-8180-4775-ac0f-41e95d7962ec"}], "user_id": "1eabb5229dc941079630acea219c66fa", "bootable": "false", "encrypted": false, "replication_status": null, "consistencygroup_id": null, "multiattach": false, "attachments": [], "volume_image_metadata": {"signature_verified": "False"}, "os-vol-tenant-attr:tenant_id": "c1d824025fd04d52bddc53eacb1d37a1"}}'
2022-04-29 15:57:49,858 141401 INFO     [tempest.lib.common.rest_client] Request (VolumesBackupsTest:test_bootable_volume_backup_and_restore): 200 GET http://192.168.79.42/volume/v3/c1d824025fd04d52bddc53eacb1d37a1/volumes/5bb45fb8-8180-4775-ac0f-41e95d7962ec 0.048s
2022-04-29 15:57:49,858 141401 DEBUG    [tempest.lib.common.rest_client] Request - Headers: {'Content-Type': 'application/json', 'Accept': 'application/json', 'X-Auth-Token': '<omitted>'}
        Body: None
    Response - Headers: {'date': 'Fri, 29 Apr 2022 15:57:49 GMT', 'server': 'Apache/2.4.41 (Ubuntu)', 'content-type': 'application/json', 'x-compute-request-id': 'req-973bdda8-0bc2-4225-aa52-00a3300316f3', 'content-length': '962', 'openstack-api-version': 'volume 3.0', 'vary': 'OpenStack-API-Version', 'x-openstack-request-id': 'req-973bdda8-0bc2-4225-aa52-00a3300316f3', 'connection': 'close', 'status': '200', 'content-location': 'http://192.168.79.42/volume/v3/c1d824025fd04d52bddc53eacb1d37a1/volumes/5bb45fb8-8180-4775-ac0f-41e95d7962ec'}
        Body: b'{"volume": {"id": "5bb45fb8-8180-4775-ac0f-41e95d7962ec", "status": "error", "size": 1, "availability_zone": "nova", "created_at": "2022-04-29T15:57:44.000000", "updated_at": "2022-04-29T15:57:49.000000", "name": "tempest-VolumesBackupsTest-Volume-521403920", "description": null, "volume_type": "3par1", "snapshot_id": null, "source_volid": null, "metadata": {}, "links": [{"rel": "self", "href": "http://192.168.79.42/volume/v3/c1d824025fd04d52bddc53eacb1d37a1/volumes/5bb45fb8-8180-4775-ac0f-41e95d7962ec"}, {"rel": "bookmark", "href": "http://192.168.79.42/volume/c1d824025fd04d52bddc53eacb1d37a1/volumes/5bb45fb8-8180-4775-ac0f-41e95d7962ec"}], "user_id": "1eabb5229dc941079630acea219c66fa", "bootable": "false", "encrypted": false, "replication_status": null, "consistencygroup_id": null, "multiattach": false, "attachments": [], "volume_image_metadata": {"signature_verified": "False"}, "os-vol-tenant-attr:tenant_id": "c1d824025fd04d52bddc53eacb1d37a1"}}'


tearDownClass (tempest.api.volume.test_volumes_backup.VolumesBackupsTest)
-------------------------------------------------------------------------

Captured traceback:
~~~~~~~~~~~~~~~~~~~
    Traceback (most recent call last):

      File "/opt/stack/tempest/tempest/test.py", line 220, in tearDownClass
    raise value.with_traceback(trace)

      File "/opt/stack/tempest/tempest/test.py", line 192, in tearDownClass
    teardown()

      File "/opt/stack/tempest/tempest/test.py", line 602, in resource_cleanup
    raise testtools.MultipleExceptions(*cleanup_errors)

    testtools.runtest.MultipleExceptions: (<class 'tempest.lib.exceptions.TimeoutException'>, Request timed out
Details: (VolumesBackupsTest:tearDownClass) Failed to delete volume 5bb45fb8-8180-4775-ac0f-41e95d7962ec within the required time (196 s). Timer started at 1651247947. Timer ended at 1651248143. Waited for 196 s., <traceback object at 0x7f5ee3950840>)



======
Totals
======
Ran: 246 tests in 1467.1374 sec.
 - Passed: 235
 - Skipped: 9
 - Expected Fail: 0
 - Unexpected Success: 0
 - Failed: 2
Sum of execute time for each test: 887.3871 sec.

==============
Worker Balance
==============
 - Worker 0 (246 tests) => 0:24:27.137419
